<?xml version="1.0" encoding="UTF-8" standalone="no"?>
<!DOCTYPE log SYSTEM "logger.dtd">
<log>
<record>
  <date>2019-12-25T14:31:30</date>
  <millis>1577255490934</millis>
  <sequence>0</sequence>
  <level>START</level>
  <class>com.kms.katalon.core.logging.XmlKeywordLogger</class>
  <method>startSuite</method>
  <thread>1</thread>
  <message>Start Test Suite : Test Suites/IOS App/Teacher Test Suite/teacher</message>
  <nestedLevel>0</nestedLevel>
  <property name="name">teacher</property>
  <property name="description"></property>
  <property name="id">Test Suites/IOS App/Teacher Test Suite/teacher</property>
</record>
<record>
  <date>2019-12-25T14:31:30</date>
  <millis>1577255490953</millis>
  <sequence>1</sequence>
  <level>RUN_DATA</level>
  <class>com.kms.katalon.core.logging.XmlKeywordLogger</class>
  <method>logMessage</method>
  <thread>1</thread>
  <message>hostName = faz - 192.168.2.28</message>
  <nestedLevel>0</nestedLevel>
  <property name="hostName">faz - 192.168.2.28</property>
</record>
<record>
  <date>2019-12-25T14:31:30</date>
  <millis>1577255490954</millis>
  <sequence>2</sequence>
  <level>RUN_DATA</level>
  <class>com.kms.katalon.core.logging.XmlKeywordLogger</class>
  <method>logMessage</method>
  <thread>1</thread>
  <message>os = Mac OS X 64bit</message>
  <nestedLevel>0</nestedLevel>
  <property name="os">Mac OS X 64bit</property>
</record>
<record>
  <date>2019-12-25T14:31:30</date>
  <millis>1577255490959</millis>
  <sequence>3</sequence>
  <level>RUN_DATA</level>
  <class>com.kms.katalon.core.logging.XmlKeywordLogger</class>
  <method>logMessage</method>
  <thread>1</thread>
  <message>hostAddress = 192.168.2.28</message>
  <nestedLevel>0</nestedLevel>
  <property name="hostAddress">192.168.2.28</property>
</record>
<record>
  <date>2019-12-25T14:31:30</date>
  <millis>1577255490961</millis>
  <sequence>4</sequence>
  <level>RUN_DATA</level>
  <class>com.kms.katalon.core.logging.XmlKeywordLogger</class>
  <method>logMessage</method>
  <thread>1</thread>
  <message>katalonVersion = 7.2.0.1</message>
  <nestedLevel>0</nestedLevel>
  <property name="katalonVersion">7.2.0.1</property>
</record>
<record>
  <date>2019-12-25T14:31:31</date>
  <millis>1577255491336</millis>
  <sequence>5</sequence>
  <level>START</level>
  <class>com.kms.katalon.core.logging.XmlKeywordLogger</class>
  <method>startTest</method>
  <thread>1</thread>
  <message>Start Test Case : Test Cases/IOS App/Public Module/Choose City/choose_puning</message>
  <nestedLevel>1</nestedLevel>
  <property name="name">Test Cases/IOS App/Public Module/Choose City/choose_puning</property>
  <property name="description">\u9009\u62E9\u5730\u533A</property>
  <property name="id">Test Cases/IOS App/Public Module/Choose City/choose_puning</property>
  <property name="source">\\Users\\faz\\git\\com.goldlokedu.app\\Test Cases\\IOS App\\Public Module\\Choose City\\choose_puning.tc</property>
  <property name="tag"></property>
  <property name="isOptional">false</property>
</record>
<record>
  <date>2019-12-25T14:31:31</date>
  <millis>1577255491505</millis>
  <sequence>7</sequence>
  <level>INFO</level>
  <class>com.kms.katalon.core.logging.XmlKeywordLogger</class>
  <method>logMessage</method>
  <thread>1</thread>
  <message>(Default) AppID = com.goldlokedu.app</message>
  <nestedLevel>1</nestedLevel>
</record>
<record>
  <date>2019-12-25T14:31:31</date>
  <millis>1577255491803</millis>
  <sequence>8</sequence>
  <level>START</level>
  <class>com.kms.katalon.core.logging.XmlKeywordLogger</class>
  <method>startKeyword</method>
  <thread>1</thread>
  <message>Start action : startExistingApplication(AppID)</message>
  <nestedLevel>1</nestedLevel>
  <property name="startLine">17</property>
  <property name="stepIndex">1</property>
  <property name="description">\u6253\u5F00app</property>
</record>
<record>
  <date>2019-12-25T14:31:32</date>
  <millis>1577255492706</millis>
  <sequence>10</sequence>
  <level>INFO</level>
  <class>com.kms.katalon.core.logging.XmlKeywordLogger</class>
  <method>logMessage</method>
  <thread>1</thread>
  <message>User set preference: [&amp;apos;deviceId&amp;apos;, &amp;apos;&amp;apos;]</message>
  <nestedLevel>1</nestedLevel>
</record>
<record>
  <date>2019-12-25T14:31:42</date>
  <millis>1577255502815</millis>
  <sequence>12</sequence>
  <level>WARNING</level>
  <class>com.kms.katalon.core.logging.XmlKeywordLogger</class>
  <method>logMessage</method>
  <thread>1</thread>
  <message>Failed to start ios_webkit_debug_proxy on default port 27753</message>
  <nestedLevel>1</nestedLevel>
  <property name="failed.exception.class">com.kms.katalon.core.appium.exception.IOSWebkitStartException</property>
  <property name="failed.exception.stacktrace">com.kms.katalon.core.appium.exception.IOSWebkitStartException: Failed to start ios_webkit_debug_proxy on default port 27753\n\tat com.kms.katalon.core.appium.driver.AppiumDriverManager.startWebProxyServer(AppiumDriverManager.java:180)\n\tat com.kms.katalon.core.appium.driver.AppiumDriverManager.ensureWebProxyServerStarted(AppiumDriverManager.java:156)\n\tat com.kms.katalon.core.appium.driver.AppiumDriverManager.ensureServicesStarted(AppiumDriverManager.java:236)\n\tat com.kms.katalon.core.appium.driver.AppiumDriverManager.createMobileDriver(AppiumDriverManager.java:472)\n\tat com.kms.katalon.core.mobile.keyword.internal.MobileDriverFactory.startMobileDriver(MobileDriverFactory.java:339)\n\tat com.kms.katalon.core.mobile.keyword.internal.MobileDriverFactory$startMobileDriver.call(Unknown Source)\n\tat com.kms.katalon.core.mobile.keyword.builtin.StartExistingApplicationKeyword$_startApplication_closure1.doCall(StartExistingApplicationKeyword.groovy:40)\n\tat com.kms.katalon.core.mobile.keyword.builtin.StartExistingApplicationKeyword$_startApplication_closure1.doCall(StartExistingApplicationKeyword.groovy)\n\tat com.kms.katalon.core.mobile.keyword.internal.MobileKeywordMain.runKeyword(MobileKeywordMain.groovy:21)\n\tat com.kms.katalon.core.mobile.keyword.internal.MobileKeywordMain$runKeyword.call(Unknown Source)\n\tat com.kms.katalon.core.mobile.keyword.builtin.StartExistingApplicationKeyword.startApplication(StartExistingApplicationKeyword.groovy:43)\n\tat com.kms.katalon.core.mobile.keyword.builtin.StartExistingApplicationKeyword.execute(StartExistingApplicationKeyword.groovy:34)\n\tat com.kms.katalon.core.keyword.internal.KeywordExecutor.executeKeywordForPlatform(KeywordExecutor.groovy:72)\n\tat com.kms.katalon.core.mobile.keyword.MobileBuiltInKeywords.startExistingApplication(MobileBuiltInKeywords.groovy:89)\n\tat com.kms.katalon.core.mobile.keyword.MobileBuiltInKeywords$startExistingApplication.call(Unknown Source)\n\tat choose_puning.run(choose_puning:17)\n\tat com.kms.katalon.core.main.ScriptEngine.run(ScriptEngine.java:194)\n\tat com.kms.katalon.core.main.ScriptEngine.runScriptAsRawText(ScriptEngine.java:119)\n\tat com.kms.katalon.core.main.TestCaseExecutor.runScript(TestCaseExecutor.java:337)\n\tat com.kms.katalon.core.main.TestCaseExecutor.doExecute(TestCaseExecutor.java:328)\n\tat com.kms.katalon.core.main.TestCaseExecutor.processExecutionPhase(TestCaseExecutor.java:307)\n\tat com.kms.katalon.core.main.TestCaseExecutor.accessMainPhase(TestCaseExecutor.java:299)\n\tat com.kms.katalon.core.main.TestCaseExecutor.execute(TestCaseExecutor.java:233)\n\tat com.kms.katalon.core.main.TestSuiteExecutor.accessTestCaseMainPhase(TestSuiteExecutor.java:169)\n\tat com.kms.katalon.core.main.TestSuiteExecutor.accessTestSuiteMainPhase(TestSuiteExecutor.java:142)\n\tat com.kms.katalon.core.main.TestSuiteExecutor.execute(TestSuiteExecutor.java:91)\n\tat com.kms.katalon.core.main.TestCaseMain.startTestSuite(TestCaseMain.java:157)\n\tat com.kms.katalon.core.main.TestCaseMain$startTestSuite$0.call(Unknown Source)\n\tat TempTestSuite1577255479796.run(TempTestSuite1577255479796.groovy:36)\n</property>
  <property name="failed.exception.message">Failed to start ios_webkit_debug_proxy on default port 27753</property>
</record>
<record>
  <date>2019-12-25T14:31:42</date>
  <millis>1577255502880</millis>
  <sequence>13</sequence>
  <level>INFO</level>
  <class>com.kms.katalon.core.logging.XmlKeywordLogger</class>
  <method>logMessage</method>
  <thread>1</thread>
  <message>Start paring with device: e6d787265ef659f59b738dbf66bcbf75a4ec54a1 ...</message>
  <nestedLevel>1</nestedLevel>
</record>
<record>
  <date>2019-12-25T14:31:43</date>
  <millis>1577255503469</millis>
  <sequence>14</sequence>
  <level>INFO</level>
  <class>com.kms.katalon.core.logging.XmlKeywordLogger</class>
  <method>logMessage</method>
  <thread>1</thread>
  <message>Device e6d787265ef659f59b738dbf66bcbf75a4ec54a1 is paired</message>
  <nestedLevel>1</nestedLevel>
</record>
<record>
  <date>2019-12-25T14:31:44</date>
  <millis>1577255504978</millis>
  <sequence>15</sequence>
  <level>INFO</level>
  <class>com.kms.katalon.core.logging.XmlKeywordLogger</class>
  <method>logMessage</method>
  <thread>1</thread>
  <message>Appium server started on port 50,688</message>
  <nestedLevel>1</nestedLevel>
</record>
<record>
  <date>2019-12-25T14:31:59</date>
  <millis>1577255519227</millis>
  <sequence>16</sequence>
  <level>RUN_DATA</level>
  <class>com.kms.katalon.core.logging.XmlKeywordLogger</class>
  <method>logMessage</method>
  <thread>1</thread>
  <message>deviceId = e6d787265ef659f59b738dbf66bcbf75a4ec54a1</message>
  <nestedLevel>1</nestedLevel>
  <property name="deviceId">e6d787265ef659f59b738dbf66bcbf75a4ec54a1</property>
</record>
<record>
  <date>2019-12-25T14:31:59</date>
  <millis>1577255519237</millis>
  <sequence>17</sequence>
  <level>RUN_DATA</level>
  <class>com.kms.katalon.core.logging.XmlKeywordLogger</class>
  <method>logMessage</method>
  <thread>1</thread>
  <message>deviceName = </message>
  <nestedLevel>1</nestedLevel>
  <property name="deviceName"></property>
</record>
<record>
  <date>2019-12-25T14:31:59</date>
  <millis>1577255519248</millis>
  <sequence>18</sequence>
  <level>RUN_DATA</level>
  <class>com.kms.katalon.core.logging.XmlKeywordLogger</class>
  <method>logMessage</method>
  <thread>1</thread>
  <message>deviceModel = </message>
  <nestedLevel>1</nestedLevel>
  <property name="deviceModel"></property>
</record>
<record>
  <date>2019-12-25T14:31:59</date>
  <millis>1577255519250</millis>
  <sequence>19</sequence>
  <level>RUN_DATA</level>
  <class>com.kms.katalon.core.logging.XmlKeywordLogger</class>
  <method>logMessage</method>
  <thread>1</thread>
  <message>deviceManufacturer = Apple</message>
  <nestedLevel>1</nestedLevel>
  <property name="deviceManufacturer">Apple</property>
</record>
<record>
  <date>2019-12-25T14:31:59</date>
  <millis>1577255519251</millis>
  <sequence>20</sequence>
  <level>RUN_DATA</level>
  <class>com.kms.katalon.core.logging.XmlKeywordLogger</class>
  <method>logMessage</method>
  <thread>1</thread>
  <message>deviceOS = iOS</message>
  <nestedLevel>1</nestedLevel>
  <property name="deviceOS">iOS</property>
</record>
<record>
  <date>2019-12-25T14:31:59</date>
  <millis>1577255519252</millis>
  <sequence>21</sequence>
  <level>RUN_DATA</level>
  <class>com.kms.katalon.core.logging.XmlKeywordLogger</class>
  <method>logMessage</method>
  <thread>1</thread>
  <message>deviceOSVersion = </message>
  <nestedLevel>1</nestedLevel>
  <property name="deviceOSVersion"></property>
</record>
<record>
  <date>2019-12-25T14:31:59</date>
  <millis>1577255519303</millis>
  <sequence>26</sequence>
  <level>FAILED</level>
  <class>com.kms.katalon.core.logging.XmlKeywordLogger</class>
  <method>logMessage</method>
  <thread>1</thread>
  <message>Unable to start app with application ID: &amp;apos;com.goldlokedu.app&amp;apos; (Root cause: org.openqa.selenium.SessionNotCreatedException: Unable to create a new remote session. Please check the server log for more details. Original error: An unknown server-side error occurred while processing the command. Original error: Unable to launch WebDriverAgent because of xcodebuild failure: xcodebuild failed with code 65\nxcodebuild error message:\n\n2019-12-25 14:31:53.108 xcodebuild[4659:103088] Error writing xctestrun file: Error Domain=NSCocoaErrorDomain Code=4 \&amp;quot;The folder \u201CWebDriverAgentRunner_iphoneos13.2-arm64.xctestrun\u201D doesn\u2019t exist.\&amp;quot; UserInfo={NSFilePath=/Users/faz/Library/Developer/Xcode/DerivedData/WebDriverAgent-aiaejbhejflmruhkhsmeebmhbaia/Build/Products/WebDriverAgentRunner_iphoneos13.2-arm64.xctestrun, NSUserStringVariant=Folder, NSUnderlyingError=0x7fd5d7f9a240 {Error Domain=NSPOSIXErrorDomain Code=2 \&amp;quot;No such file or directory\&amp;quot;}}\n** TEST BUILD FAILED **\n2019-12-25 14:31:53.128 xcodebuild[4659:103125]  IDETestOperationsObserverDebug: Writing diagnostic log for test session to:\n/Users/faz/Library/Developer/Xcode/DerivedData/WebDriverAgent-aiaejbhejflmruhkhsmeebmhbaia/Logs/Test/Test-WebDriverAgentRunner-2019.12.25_14-31-52-+0800.xcresult/Staging/2_Test/Diagnostics/WebDriverAgentRunner-37051753-B29D-43BE-884E-415D04CD18FD/WebDriverAgentRunner-E3A5BCF5-C595-4503-B967-B61B2156FC3E/Session-WebDriverAgentRunner-2019-12-25_143153-lXVkYc.log\n2019-12-25 14:31:53.129 xcodebuild[4659:103084] [MT] IDETestOperationsObserverDebug: (177FB0AC-6657-4152-8242-7BBA2904A8B5) Beginning test session WebDriverAgentRunner-177FB0AC-6657-4152-8242-7BBA2904A8B5 at 2019-12-25 14:31:53.129 with Xcode 11C29 on target \uD83D\uDCF1&amp;lt;DVTiOSDevice (0x7fd5d82ee4b0), \u70DF\u96FE\u5F39, iPhone, 13.2.2 (17B102), e6d787265ef659f59b738dbf66bcbf75a4ec54a1&amp;gt; {\n\t\tdeviceSerialNumber:         DNPQTPW4GRY7\n\t\tidentifier:                 e6d787265ef659f59b738dbf66bcbf75a4ec54a1\n\t\tdeviceClass:                iPhone\n\t\tdeviceName:                 \u70DF\u96FE\u5F39\n\t\tdeviceIdentifier:           e6d787265ef659f59b738dbf66bcbf75a4ec54a1\n\t\tproductVersion:             13.2.2\n\t\tbuildVersion:               17B102\n\t\tdeviceSoftwareVersion:      13.2.2 (17B102)\n\t\tdeviceArchitecture:         arm64\n\t\tdeviceTotalCapacity:        122728800256\n\t\tdeviceAvailableCapacity:    97949020160\n\t\tdeviceIsTransient:          NO\n\t\tignored:                    NO\n\t\tdeviceIsBusy:               NO\n\t\tdeviceIsPaired:             YES\n\t\tdeviceIsActivated:          YES\n\t\tdeviceActivationState:      Activated\n\t\tisPasscodeLocked:           NO\n\t\tdeviceType:                 &amp;lt;DVTDeviceType:0x7fd5d8011720 Xcode.DeviceType.iPhone&amp;gt;\n\t\tsupportedDeviceFamilies:    (\n    1\n)\n\t\tapplications:              (null)\n\t\tprovisioningProfiles:      (null)\n\t\thasInternalSupport:        NO\n\t\thasWritableSystem:         NO\n\t\tisSupportedOS:             YES\n\t\tbootArgs:                  (null)\n\t\tnextBootArgs:              (null)\n\t\tconnected:                 YES\n\t\tisWirelessEnabled:         NO\n\t\tconnectionType:            direct\n\t\thostname:                  yanwudan.local.\n\t\tbonjourServiceName:        1c:5c:f2:b1:d0:2e@fe80::1e5c:f2ff:feb1:d02e._apple-mobdev2._tcp.local.\n\t\tactiveProxiedDevice:       (null)\n\t\t} (13.2.2 (17B102))\n2019-12-25 14:31:53.294 xcodebuild[4659:103084] [MT] IDETestOperationsObserverDebug: (177FB0AC-6657-4152-8242-7BBA2904A8B5) Finished requesting crash reports. Continuing with testing.\n*** If you believe this error represents a bug, please attach the result bundle at /Users/faz/Library/Developer/Xcode/DerivedData/WebDriverAgent-aiaejbhejflmruhkhsmeebmhbaia/Logs/Test/Test-WebDriverAgentRunner-2019.12.25_14-31-52-+0800.xcresult\n2019-12-25 14:31:53.314 xcodebuild[4659:103084] [MT] IDETestOperationsObserverDebug: 0.194 elapsed -- Testing started completed.\n2019-12-25 14:31:53.314 xcodebuild[4659:103084] [MT] IDETestOperationsObserverDebug: 0.000 sec, +0.000 sec -- start\n2019-12-25 14:31:53.314 xcodebuild[4659:103084] [MT] IDETestOperationsObserverDebug: 0.194 sec, +0.194 sec -- end\n2019-12-25 14:31:53.315 xcodebuild[4659:103084] Error Domain=NSCocoaErrorDomain Code=260 \&amp;quot;The file \u201CWebDriverAgentRunner-Runner.app\u201D couldn\u2019t be opened because there is no such file.\&amp;quot; UserInfo={NSFilePath=/Users/faz/Library/Developer/Xcode/DerivedData/WebDriverAgent-aiaejbhejflmruhkhsmeebmhbaia/Build/Products/Debug-iphoneos/WebDriverAgentRunner-Runner.app, NSUnderlyingError=0x7fd5d83cc4f0 {Error Domain=NSPOSIXErrorDomain Code=2 \&amp;quot;No such file or directory\&amp;quot;}}\nTest session results, code coverage, and logs:\n\t/Users/faz/Library/Developer/Xcode/DerivedData/WebDriverAgent-aiaejbhejflmruhkhsmeebmhbaia/Logs/Test/Test-WebDriverAgentRunner-2019.12.25_14-31-52-+0800.xcresult\nTesting failed:\n\tSigning for \&amp;quot;WebDriverAgentRunner\&amp;quot; requires a development team. Select a development team in the Signing &amp;amp; Capabilities editor.\n\tWebDriverAgentRunner:\n\t\tWebDriverAgentRunner-Runner.app encountered an error (Failed to install or launch the test runner. (Underlying error: The file \u201CWebDriverAgentRunner-Runner.app\u201D couldn\u2019t be opened because there is no such file. The file doesn\u2019t exist. (Underlying error: The operation couldn\u2019t be completed. No such file or directory)))\n** TEST EXECUTE FAILED **\nTesting started on &amp;apos;\u70DF\u96FE\u5F39&amp;apos;. Make sure you follow the tutorial at https://github.com/appium/appium-xcuitest-driver/blob/master/docs/real-device-config.md. Try to remove the WebDriverAgentRunner application from the device if it is installed and reboot the device.\nBuild info: version: &amp;apos;3.141.59&amp;apos;, revision: &amp;apos;e82be7d358&amp;apos;, time: &amp;apos;2018-11-14T08:25:53&amp;apos;\nSystem info: host: &amp;apos;FazAiZhongdeMacBook-Pro.local&amp;apos;, ip: &amp;apos;192.168.2.28&amp;apos;, os.name: &amp;apos;Mac OS X&amp;apos;, os.arch: &amp;apos;x86_64&amp;apos;, os.version: &amp;apos;10.14.6&amp;apos;, java.version: &amp;apos;1.8.0_181&amp;apos;\nDriver info: driver.version: MobileDriverFactory$startMobileDriver\nremote stacktrace: UnknownError: An unknown server-side error occurred while processing the command. Original error: Unable to launch WebDriverAgent because of xcodebuild failure: xcodebuild failed with code 65\nxcodebuild error message:\n\n2019-12-25 14:31:53.108 xcodebuild[4659:103088] Error writing xctestrun file: Error Domain=NSCocoaErrorDomain Code=4 \&amp;quot;The folder \u201CWebDriverAgentRunner_iphoneos13.2-arm64.xctestrun\u201D doesn\u2019t exist.\&amp;quot; UserInfo={NSFilePath=/Users/faz/Library/Developer/Xcode/DerivedData/WebDriverAgent-aiaejbhejflmruhkhsmeebmhbaia/Build/Products/WebDriverAgentRunner_iphoneos13.2-arm64.xctestrun, NSUserStringVariant=Folder, NSUnderlyingError=0x7fd5d7f9a240 {Error Domain=NSPOSIXErrorDomain Code=2 \&amp;quot;No such file or directory\&amp;quot;}}\n** TEST BUILD FAILED **\n2019-12-25 14:31:53.128 xcodebuild[4659:103125]  IDETestOperationsObserverDebug: Writing diagnostic log for test session to:\n/Users/faz/Library/Developer/Xcode/DerivedData/WebDriverAgent-aiaejbhejflmruhkhsmeebmhbaia/Logs/Test/Test-WebDriverAgentRunner-2019.12.25_14-31-52-+0800.xcresult/Staging/2_Test/Diagnostics/WebDriverAgentRunner-37051753-B29D-43BE-884E-415D04CD18FD/WebDriverAgentRunner-E3A5BCF5-C595-4503-B967-B61B2156FC3E/Session-WebDriverAgentRunner-2019-12-25_143153-lXVkYc.log\n2019-12-25 14:31:53.129 xcodebuild[4659:103084] [MT] IDETestOperationsObserverDebug: (177FB0AC-6657-4152-8242-7BBA2904A8B5) Beginning test session WebDriverAgentRunner-177FB0AC-6657-4152-8242-7BBA2904A8B5 at 2019-12-25 14:31:53.129 with Xcode 11C29 on target \uD83D\uDCF1&amp;lt;DVTiOSDevice (0x7fd5d82ee4b0), \u70DF\u96FE\u5F39, iPhone, 13.2.2 (17B102), e6d787265ef659f59b738dbf66bcbf75a4ec54a1&amp;gt; {\n\t\tdeviceSerialNumber:         DNPQTPW4GRY7\n\t\tidentifier:                 e6d787265ef659f59b738dbf66bcbf75a4ec54a1\n\t\tdeviceClass:                iPhone\n\t\tdeviceName:                 \u70DF\u96FE\u5F39\n\t\tdeviceIdentifier:           e6d787265ef659f59b738dbf66bcbf75a4ec54a1\n\t\tproductVersion:             13.2.2\n\t\tbuildVersion:               17B102\n\t\tdeviceSoftwareVersion:      13.2.2 (17B102)\n\t\tdeviceArchitecture:         arm64\n\t\tdeviceTotalCapacity:        122728800256\n\t\tdeviceAvailableCapacity:    97949020160\n\t\tdeviceIsTransient:          NO\n\t\tignored:                    NO\n\t\tdeviceIsBusy:               NO\n\t\tdeviceIsPaired:             YES\n\t\tdeviceIsActivated:          YES\n\t\tdeviceActivationState:      Activated\n\t\tisPasscodeLocked:           NO\n\t\tdeviceType:                 &amp;lt;DVTDeviceType:0x7fd5d8011720 Xcode.DeviceType.iPhone&amp;gt;\n\t\tsupportedDeviceFamilies:    (\n    1\n)\n\t\tapplications:              (null)\n\t\tprovisioningProfiles:      (null)\n\t\thasInternalSupport:        NO\n\t\thasWritableSystem:         NO\n\t\tisSupportedOS:             YES\n\t\tbootArgs:                  (null)\n\t\tnextBootArgs:              (null)\n\t\tconnected:                 YES\n\t\tisWirelessEnabled:         NO\n\t\tconnectionType:            direct\n\t\thostname:                  yanwudan.local.\n\t\tbonjourServiceName:        1c:5c:f2:b1:d0:2e@fe80::1e5c:f2ff:feb1:d02e._apple-mobdev2._tcp.local.\n\t\tactiveProxiedDevice:       (null)\n\t\t} (13.2.2 (17B102))\n2019-12-25 14:31:53.294 xcodebuild[4659:103084] [MT] IDETestOperationsObserverDebug: (177FB0AC-6657-4152-8242-7BBA2904A8B5) Finished requesting crash reports. Continuing with testing.\n*** If you believe this error represents a bug, please attach the result bundle at /Users/faz/Library/Developer/Xcode/DerivedData/WebDriverAgent-aiaejbhejflmruhkhsmeebmhbaia/Logs/Test/Test-WebDriverAgentRunner-2019.12.25_14-31-52-+0800.xcresult\n2019-12-25 14:31:53.314 xcodebuild[4659:103084] [MT] IDETestOperationsObserverDebug: 0.194 elapsed -- Testing started completed.\n2019-12-25 14:31:53.314 xcodebuild[4659:103084] [MT] IDETestOperationsObserverDebug: 0.000 sec, +0.000 sec -- start\n2019-12-25 14:31:53.314 xcodebuild[4659:103084] [MT] IDETestOperationsObserverDebug: 0.194 sec, +0.194 sec -- end\n2019-12-25 14:31:53.315 xcodebuild[4659:103084] Error Domain=NSCocoaErrorDomain Code=260 \&amp;quot;The file \u201CWebDriverAgentRunner-Runner.app\u201D couldn\u2019t be opened because there is no such file.\&amp;quot; UserInfo={NSFilePath=/Users/faz/Library/Developer/Xcode/DerivedData/WebDriverAgent-aiaejbhejflmruhkhsmeebmhbaia/Build/Products/Debug-iphoneos/WebDriverAgentRunner-Runner.app, NSUnderlyingError=0x7fd5d83cc4f0 {Error Domain=NSPOSIXErrorDomain Code=2 \&amp;quot;No such file or directory\&amp;quot;}}\nTest session results, code coverage, and logs:\n\t/Users/faz/Library/Developer/Xcode/DerivedData/WebDriverAgent-aiaejbhejflmruhkhsmeebmhbaia/Logs/Test/Test-WebDriverAgentRunner-2019.12.25_14-31-52-+0800.xcresult\nTesting failed:\n\tSigning for \&amp;quot;WebDriverAgentRunner\&amp;quot; requires a development team. Select a development team in the Signing &amp;amp; Capabilities editor.\n\tWebDriverAgentRunner:\n\t\tWebDriverAgentRunner-Runner.app encountered an error (Failed to install or launch the test runner. (Underlying error: The file \u201CWebDriverAgentRunner-Runner.app\u201D couldn\u2019t be opened because there is no such file. The file doesn\u2019t exist. (Underlying error: The operation couldn\u2019t be completed. No such file or directory)))\n** TEST EXECUTE FAILED **\nTesting started on &amp;apos;\u70DF\u96FE\u5F39&amp;apos;. Make sure you follow the tutorial at https://github.com/appium/appium-xcuitest-driver/blob/master/docs/real-device-config.md. Try to remove the WebDriverAgentRunner application from the device if it is installed and reboot the device.\n    at getResponseForW3CError (/usr/local/lib/node_modules/appium/node_modules/appium-base-driver/lib/protocol/errors.js:804:9)\n    at asyncHandler (/usr/local/lib/node_modules/appium/node_modules/appium-base-driver/lib/protocol/protocol.js:388:37)\nBuild info: version: &amp;apos;3.141.59&amp;apos;, revision: &amp;apos;e82be7d358&amp;apos;, time: &amp;apos;2018-11-14T08:25:53&amp;apos;\nSystem info: host: &amp;apos;FazAiZhongdeMacBook-Pro.local&amp;apos;, ip: &amp;apos;192.168.2.28&amp;apos;, os.name: &amp;apos;Mac OS X&amp;apos;, os.arch: &amp;apos;x86_64&amp;apos;, os.version: &amp;apos;10.14.6&amp;apos;, java.version: &amp;apos;1.8.0_181&amp;apos;\nDriver info: driver.version: MobileDriverFactory$startMobileDriver\n\tat io.appium.java_client.remote.AppiumCommandExecutor$1.createSession(AppiumCommandExecutor.java:208)\n\tat io.appium.java_client.remote.AppiumCommandExecutor.createSession(AppiumCommandExecutor.java:217)\n\tat io.appium.java_client.remote.AppiumCommandExecutor.execute(AppiumCommandExecutor.java:239)\n\tat org.openqa.selenium.remote.RemoteWebDriver.execute(RemoteWebDriver.java:552)\n\tat io.appium.java_client.DefaultGenericMobileDriver.execute(DefaultGenericMobileDriver.java:42)\n\tat io.appium.java_client.AppiumDriver.execute(AppiumDriver.java:1)\n\tat io.appium.java_client.ios.IOSDriver.execute(IOSDriver.java:1)\n\tat org.openqa.selenium.remote.RemoteWebDriver.startSession(RemoteWebDriver.java:213)\n\tat org.openqa.selenium.remote.RemoteWebDriver.&amp;lt;init&amp;gt;(RemoteWebDriver.java:131)\n\tat io.appium.java_client.DefaultGenericMobileDriver.&amp;lt;init&amp;gt;(DefaultGenericMobileDriver.java:38)\n\tat io.appium.java_client.AppiumDriver.&amp;lt;init&amp;gt;(AppiumDriver.java:84)\n\tat io.appium.java_client.ios.IOSDriver.&amp;lt;init&amp;gt;(IOSDriver.java:85)\n\tat com.kms.katalon.core.appium.driver.AppiumDriverManager.createMobileDriver(AppiumDriverManager.java:495)\n\tat com.kms.katalon.core.appium.driver.AppiumDriverManager.createMobileDriver(AppiumDriverManager.java:479)\n\tat com.kms.katalon.core.mobile.keyword.internal.MobileDriverFactory.startMobileDriver(MobileDriverFactory.java:339)\n\tat com.kms.katalon.core.mobile.keyword.internal.MobileDriverFactory$startMobileDriver.call(Unknown Source)\n\tat com.kms.katalon.core.mobile.keyword.builtin.StartExistingApplicationKeyword$_startApplication_closure1.doCall(StartExistingApplicationKeyword.groovy:40)\n\tat com.kms.katalon.core.mobile.keyword.builtin.StartExistingApplicationKeyword$_startApplication_closure1.doCall(StartExistingApplicationKeyword.groovy)\n\tat com.kms.katalon.core.mobile.keyword.internal.MobileKeywordMain.runKeyword(MobileKeywordMain.groovy:21)\n\tat com.kms.katalon.core.mobile.keyword.internal.MobileKeywordMain$runKeyword.call(Unknown Source)\n\tat com.kms.katalon.core.mobile.keyword.builtin.StartExistingApplicationKeyword.startApplication(StartExistingApplicationKeyword.groovy:43)\n\tat com.kms.katalon.core.mobile.keyword.builtin.StartExistingApplicationKeyword.execute(StartExistingApplicationKeyword.groovy:34)\n\tat com.kms.katalon.core.keyword.internal.KeywordExecutor.executeKeywordForPlatform(KeywordExecutor.groovy:72)\n\tat com.kms.katalon.core.mobile.keyword.MobileBuiltInKeywords.startExistingApplication(MobileBuiltInKeywords.groovy:89)\n\tat com.kms.katalon.core.mobile.keyword.MobileBuiltInKeywords$startExistingApplication.call(Unknown Source)\n\tat choose_puning.run(choose_puning:17)\n\tat com.kms.katalon.core.main.ScriptEngine.run(ScriptEngine.java:194)\n\tat com.kms.katalon.core.main.ScriptEngine.runScriptAsRawText(ScriptEngine.java:119)\n\tat com.kms.katalon.core.main.TestCaseExecutor.runScript(TestCaseExecutor.java:337)\n\tat com.kms.katalon.core.main.TestCaseExecutor.doExecute(TestCaseExecutor.java:328)\n\tat com.kms.katalon.core.main.TestCaseExecutor.processExecutionPhase(TestCaseExecutor.java:307)\n\tat com.kms.katalon.core.main.TestCaseExecutor.accessMainPhase(TestCaseExecutor.java:299)\n\tat com.kms.katalon.core.main.TestCaseExecutor.execute(TestCaseExecutor.java:233)\n\tat com.kms.katalon.core.main.TestSuiteExecutor.accessTestCaseMainPhase(TestSuiteExecutor.java:169)\n\tat com.kms.katalon.core.main.TestSuiteExecutor.accessTestSuiteMainPhase(TestSuiteExecutor.java:142)\n\tat com.kms.katalon.core.main.TestSuiteExecutor.execute(TestSuiteExecutor.java:91)\n\tat com.kms.katalon.core.main.TestCaseMain.startTestSuite(TestCaseMain.java:157)\n\tat com.kms.katalon.core.main.TestCaseMain$startTestSuite$0.call(Unknown Source)\n\tat TempTestSuite1577255479796.run(TempTestSuite1577255479796.groovy:36)\nCaused by: java.lang.reflect.InvocationTargetException\n\tat io.appium.java_client.remote.AppiumCommandExecutor$1.createSession(AppiumCommandExecutor.java:186)\n\tat io.appium.java_client.remote.AppiumCommandExecutor.createSession(AppiumCommandExecutor.java:217)\n\tat io.appium.java_client.remote.AppiumCommandExecutor.execute(AppiumCommandExecutor.java:239)\n\tat org.openqa.selenium.remote.RemoteWebDriver.execute(RemoteWebDriver.java:552)\n\tat io.appium.java_client.DefaultGenericMobileDriver.execute(DefaultGenericMobileDriver.java:42)\n\tat io.appium.java_client.AppiumDriver.execute(AppiumDriver.java:1)\n\tat io.appium.java_client.ios.IOSDriver.execute(IOSDriver.java:1)\n\tat org.openqa.selenium.remote.RemoteWebDriver.startSession(RemoteWebDriver.java:213)\n\tat org.openqa.selenium.remote.RemoteWebDriver.&amp;lt;init&amp;gt;(RemoteWebDriver.java:131)\n\tat io.appium.java_client.DefaultGenericMobileDriver.&amp;lt;init&amp;gt;(DefaultGenericMobileDriver.java:38)\n\tat io.appium.java_client.AppiumDriver.&amp;lt;init&amp;gt;(AppiumDriver.java:84)\n\tat io.appium.java_client.ios.IOSDriver.&amp;lt;init&amp;gt;(IOSDriver.java:85)\n\tat com.kms.katalon.core.appium.driver.AppiumDriverManager.createMobileDriver(AppiumDriverManager.java:495)\n\tat com.kms.katalon.core.appium.driver.AppiumDriverManager.createMobileDriver(AppiumDriverManager.java:479)\n\tat com.kms.katalon.core.mobile.keyword.internal.MobileDriverFactory.startMobileDriver(MobileDriverFactory.java:339)\n\tat com.kms.katalon.core.mobile.keyword.internal.MobileDriverFactory$startMobileDriver.call(Unknown Source)\n\tat com.kms.katalon.core.mobile.keyword.builtin.StartExistingApplicationKeyword$_startApplication_closure1.doCall(StartExistingApplicationKeyword.groovy:40)\n\tat com.kms.katalon.core.mobile.keyword.builtin.StartExistingApplicationKeyword$_startApplication_closure1.doCall(StartExistingApplicationKeyword.groovy)\n\tat com.kms.katalon.core.mobile.keyword.internal.MobileKeywordMain.runKeyword(MobileKeywordMain.groovy:21)\n\tat com.kms.katalon.core.mobile.keyword.internal.MobileKeywordMain$runKeyword.call(Unknown Source)\n\tat com.kms.katalon.core.mobile.keyword.builtin.StartExistingApplicationKeyword.startApplication(StartExistingApplicationKeyword.groovy:43)\n\tat com.kms.katalon.core.mobile.keyword.builtin.StartExistingApplicationKeyword.execute(StartExistingApplicationKeyword.groovy:34)\n\tat com.kms.katalon.core.keyword.internal.KeywordExecutor.executeKeywordForPlatform(KeywordExecutor.groovy:72)\n\tat com.kms.katalon.core.mobile.keyword.MobileBuiltInKeywords.startExistingApplication(MobileBuiltInKeywords.groovy:89)\n\tat com.kms.katalon.core.mobile.keyword.MobileBuiltInKeywords$startExistingApplication.call(Unknown Source)\n\tat Script1575874101227.run(Script1575874101227.groovy:17)\n\t... 13 more\nCaused by: org.openqa.selenium.WebDriverException: An unknown server-side error occurred while processing the command. Original error: Unable to launch WebDriverAgent because of xcodebuild failure: xcodebuild failed with code 65\nxcodebuild error message:\n\n2019-12-25 14:31:53.108 xcodebuild[4659:103088] Error writing xctestrun file: Error Domain=NSCocoaErrorDomain Code=4 \&amp;quot;The folder \u201CWebDriverAgentRunner_iphoneos13.2-arm64.xctestrun\u201D doesn\u2019t exist.\&amp;quot; UserInfo={NSFilePath=/Users/faz/Library/Developer/Xcode/DerivedData/WebDriverAgent-aiaejbhejflmruhkhsmeebmhbaia/Build/Products/WebDriverAgentRunner_iphoneos13.2-arm64.xctestrun, NSUserStringVariant=Folder, NSUnderlyingError=0x7fd5d7f9a240 {Error Domain=NSPOSIXErrorDomain Code=2 \&amp;quot;No such file or directory\&amp;quot;}}\n** TEST BUILD FAILED **\n2019-12-25 14:31:53.128 xcodebuild[4659:103125]  IDETestOperationsObserverDebug: Writing diagnostic log for test session to:\n/Users/faz/Library/Developer/Xcode/DerivedData/WebDriverAgent-aiaejbhejflmruhkhsmeebmhbaia/Logs/Test/Test-WebDriverAgentRunner-2019.12.25_14-31-52-+0800.xcresult/Staging/2_Test/Diagnostics/WebDriverAgentRunner-37051753-B29D-43BE-884E-415D04CD18FD/WebDriverAgentRunner-E3A5BCF5-C595-4503-B967-B61B2156FC3E/Session-WebDriverAgentRunner-2019-12-25_143153-lXVkYc.log\n2019-12-25 14:31:53.129 xcodebuild[4659:103084] [MT] IDETestOperationsObserverDebug: (177FB0AC-6657-4152-8242-7BBA2904A8B5) Beginning test session WebDriverAgentRunner-177FB0AC-6657-4152-8242-7BBA2904A8B5 at 2019-12-25 14:31:53.129 with Xcode 11C29 on target \uD83D\uDCF1&amp;lt;DVTiOSDevice (0x7fd5d82ee4b0), \u70DF\u96FE\u5F39, iPhone, 13.2.2 (17B102), e6d787265ef659f59b738dbf66bcbf75a4ec54a1&amp;gt; {\n\t\tdeviceSerialNumber:         DNPQTPW4GRY7\n\t\tidentifier:                 e6d787265ef659f59b738dbf66bcbf75a4ec54a1\n\t\tdeviceClass:                iPhone\n\t\tdeviceName:                 \u70DF\u96FE\u5F39\n\t\tdeviceIdentifier:           e6d787265ef659f59b738dbf66bcbf75a4ec54a1\n\t\tproductVersion:             13.2.2\n\t\tbuildVersion:               17B102\n\t\tdeviceSoftwareVersion:      13.2.2 (17B102)\n\t\tdeviceArchitecture:         arm64\n\t\tdeviceTotalCapacity:        122728800256\n\t\tdeviceAvailableCapacity:    97949020160\n\t\tdeviceIsTransient:          NO\n\t\tignored:                    NO\n\t\tdeviceIsBusy:               NO\n\t\tdeviceIsPaired:             YES\n\t\tdeviceIsActivated:          YES\n\t\tdeviceActivationState:      Activated\n\t\tisPasscodeLocked:           NO\n\t\tdeviceType:                 &amp;lt;DVTDeviceType:0x7fd5d8011720 Xcode.DeviceType.iPhone&amp;gt;\n\t\tsupportedDeviceFamilies:    (\n    1\n)\n\t\tapplications:              (null)\n\t\tprovisioningProfiles:      (null)\n\t\thasInternalSupport:        NO\n\t\thasWritableSystem:         NO\n\t\tisSupportedOS:             YES\n\t\tbootArgs:                  (null)\n\t\tnextBootArgs:              (null)\n\t\tconnected:                 YES\n\t\tisWirelessEnabled:         NO\n\t\tconnectionType:            direct\n\t\thostname:                  yanwudan.local.\n\t\tbonjourServiceName:        1c:5c:f2:b1:d0:2e@fe80::1e5c:f2ff:feb1:d02e._apple-mobdev2._tcp.local.\n\t\tactiveProxiedDevice:       (null)\n\t\t} (13.2.2 (17B102))\n2019-12-25 14:31:53.294 xcodebuild[4659:103084] [MT] IDETestOperationsObserverDebug: (177FB0AC-6657-4152-8242-7BBA2904A8B5) Finished requesting crash reports. Continuing with testing.\n*** If you believe this error represents a bug, please attach the result bundle at /Users/faz/Library/Developer/Xcode/DerivedData/WebDriverAgent-aiaejbhejflmruhkhsmeebmhbaia/Logs/Test/Test-WebDriverAgentRunner-2019.12.25_14-31-52-+0800.xcresult\n2019-12-25 14:31:53.314 xcodebuild[4659:103084] [MT] IDETestOperationsObserverDebug: 0.194 elapsed -- Testing started completed.\n2019-12-25 14:31:53.314 xcodebuild[4659:103084] [MT] IDETestOperationsObserverDebug: 0.000 sec, +0.000 sec -- start\n2019-12-25 14:31:53.314 xcodebuild[4659:103084] [MT] IDETestOperationsObserverDebug: 0.194 sec, +0.194 sec -- end\n2019-12-25 14:31:53.315 xcodebuild[4659:103084] Error Domain=NSCocoaErrorDomain Code=260 \&amp;quot;The file \u201CWebDriverAgentRunner-Runner.app\u201D couldn\u2019t be opened because there is no such file.\&amp;quot; UserInfo={NSFilePath=/Users/faz/Library/Developer/Xcode/DerivedData/WebDriverAgent-aiaejbhejflmruhkhsmeebmhbaia/Build/Products/Debug-iphoneos/WebDriverAgentRunner-Runner.app, NSUnderlyingError=0x7fd5d83cc4f0 {Error Domain=NSPOSIXErrorDomain Code=2 \&amp;quot;No such file or directory\&amp;quot;}}\nTest session results, code coverage, and logs:\n\t/Users/faz/Library/Developer/Xcode/DerivedData/WebDriverAgent-aiaejbhejflmruhkhsmeebmhbaia/Logs/Test/Test-WebDriverAgentRunner-2019.12.25_14-31-52-+0800.xcresult\nTesting failed:\n\tSigning for \&amp;quot;WebDriverAgentRunner\&amp;quot; requires a development team. Select a development team in the Signing &amp;amp; Capabilities editor.\n\tWebDriverAgentRunner:\n\t\tWebDriverAgentRunner-Runner.app encountered an error (Failed to install or launch the test runner. (Underlying error: The file \u201CWebDriverAgentRunner-Runner.app\u201D couldn\u2019t be opened because there is no such file. The file doesn\u2019t exist. (Underlying error: The operation couldn\u2019t be completed. No such file or directory)))\n** TEST EXECUTE FAILED **\nTesting started on &amp;apos;\u70DF\u96FE\u5F39&amp;apos;. Make sure you follow the tutorial at https://github.com/appium/appium-xcuitest-driver/blob/master/docs/real-device-config.md. Try to remove the WebDriverAgentRunner application from the device if it is installed and reboot the device.\nBuild info: version: &amp;apos;3.141.59&amp;apos;, revision: &amp;apos;e82be7d358&amp;apos;, time: &amp;apos;2018-11-14T08:25:53&amp;apos;\nSystem info: host: &amp;apos;FazAiZhongdeMacBook-Pro.local&amp;apos;, ip: &amp;apos;192.168.2.28&amp;apos;, os.name: &amp;apos;Mac OS X&amp;apos;, os.arch: &amp;apos;x86_64&amp;apos;, os.version: &amp;apos;10.14.6&amp;apos;, java.version: &amp;apos;1.8.0_181&amp;apos;\nDriver info: driver.version: MobileDriverFactory$startMobileDriver\nremote stacktrace: UnknownError: An unknown server-side error occurred while processing the command. Original error: Unable to launch WebDriverAgent because of xcodebuild failure: xcodebuild failed with code 65\nxcodebuild error message:\n\n2019-12-25 14:31:53.108 xcodebuild[4659:103088] Error writing xctestrun file: Error Domain=NSCocoaErrorDomain Code=4 \&amp;quot;The folder \u201CWebDriverAgentRunner_iphoneos13.2-arm64.xctestrun\u201D doesn\u2019t exist.\&amp;quot; UserInfo={NSFilePath=/Users/faz/Library/Developer/Xcode/DerivedData/WebDriverAgent-aiaejbhejflmruhkhsmeebmhbaia/Build/Products/WebDriverAgentRunner_iphoneos13.2-arm64.xctestrun, NSUserStringVariant=Folder, NSUnderlyingError=0x7fd5d7f9a240 {Error Domain=NSPOSIXErrorDomain Code=2 \&amp;quot;No such file or directory\&amp;quot;}}\n** TEST BUILD FAILED **\n2019-12-25 14:31:53.128 xcodebuild[4659:103125]  IDETestOperationsObserverDebug: Writing diagnostic log for test session to:\n/Users/faz/Library/Developer/Xcode/DerivedData/WebDriverAgent-aiaejbhejflmruhkhsmeebmhbaia/Logs/Test/Test-WebDriverAgentRunner-2019.12.25_14-31-52-+0800.xcresult/Staging/2_Test/Diagnostics/WebDriverAgentRunner-37051753-B29D-43BE-884E-415D04CD18FD/WebDriverAgentRunner-E3A5BCF5-C595-4503-B967-B61B2156FC3E/Session-WebDriverAgentRunner-2019-12-25_143153-lXVkYc.log\n2019-12-25 14:31:53.129 xcodebuild[4659:103084] [MT] IDETestOperationsObserverDebug: (177FB0AC-6657-4152-8242-7BBA2904A8B5) Beginning test session WebDriverAgentRunner-177FB0AC-6657-4152-8242-7BBA2904A8B5 at 2019-12-25 14:31:53.129 with Xcode 11C29 on target \uD83D\uDCF1&amp;lt;DVTiOSDevice (0x7fd5d82ee4b0), \u70DF\u96FE\u5F39, iPhone, 13.2.2 (17B102), e6d787265ef659f59b738dbf66bcbf75a4ec54a1&amp;gt; {\n\t\tdeviceSerialNumber:         DNPQTPW4GRY7\n\t\tidentifier:                 e6d787265ef659f59b738dbf66bcbf75a4ec54a1\n\t\tdeviceClass:                iPhone\n\t\tdeviceName:                 \u70DF\u96FE\u5F39\n\t\tdeviceIdentifier:           e6d787265ef659f59b738dbf66bcbf75a4ec54a1\n\t\tproductVersion:             13.2.2\n\t\tbuildVersion:               17B102\n\t\tdeviceSoftwareVersion:      13.2.2 (17B102)\n\t\tdeviceArchitecture:         arm64\n\t\tdeviceTotalCapacity:        122728800256\n\t\tdeviceAvailableCapacity:    97949020160\n\t\tdeviceIsTransient:          NO\n\t\tignored:                    NO\n\t\tdeviceIsBusy:               NO\n\t\tdeviceIsPaired:             YES\n\t\tdeviceIsActivated:          YES\n\t\tdeviceActivationState:      Activated\n\t\tisPasscodeLocked:           NO\n\t\tdeviceType:                 &amp;lt;DVTDeviceType:0x7fd5d8011720 Xcode.DeviceType.iPhone&amp;gt;\n\t\tsupportedDeviceFamilies:    (\n    1\n)\n\t\tapplications:              (null)\n\t\tprovisioningProfiles:      (null)\n\t\thasInternalSupport:        NO\n\t\thasWritableSystem:         NO\n\t\tisSupportedOS:             YES\n\t\tbootArgs:                  (null)\n\t\tnextBootArgs:              (null)\n\t\tconnected:                 YES\n\t\tisWirelessEnabled:         NO\n\t\tconnectionType:            direct\n\t\thostname:                  yanwudan.local.\n\t\tbonjourServiceName:        1c:5c:f2:b1:d0:2e@fe80::1e5c:f2ff:feb1:d02e._apple-mobdev2._tcp.local.\n\t\tactiveProxiedDevice:       (null)\n\t\t} (13.2.2 (17B102))\n2019-12-25 14:31:53.294 xcodebuild[4659:103084] [MT] IDETestOperationsObserverDebug: (177FB0AC-6657-4152-8242-7BBA2904A8B5) Finished requesting crash reports. Continuing with testing.\n*** If you believe this error represents a bug, please attach the result bundle at /Users/faz/Library/Developer/Xcode/DerivedData/WebDriverAgent-aiaejbhejflmruhkhsmeebmhbaia/Logs/Test/Test-WebDriverAgentRunner-2019.12.25_14-31-52-+0800.xcresult\n2019-12-25 14:31:53.314 xcodebuild[4659:103084] [MT] IDETestOperationsObserverDebug: 0.194 elapsed -- Testing started completed.\n2019-12-25 14:31:53.314 xcodebuild[4659:103084] [MT] IDETestOperationsObserverDebug: 0.000 sec, +0.000 sec -- start\n2019-12-25 14:31:53.314 xcodebuild[4659:103084] [MT] IDETestOperationsObserverDebug: 0.194 sec, +0.194 sec -- end\n2019-12-25 14:31:53.315 xcodebuild[4659:103084] Error Domain=NSCocoaErrorDomain Code=260 \&amp;quot;The file \u201CWebDriverAgentRunner-Runner.app\u201D couldn\u2019t be opened because there is no such file.\&amp;quot; UserInfo={NSFilePath=/Users/faz/Library/Developer/Xcode/DerivedData/WebDriverAgent-aiaejbhejflmruhkhsmeebmhbaia/Build/Products/Debug-iphoneos/WebDriverAgentRunner-Runner.app, NSUnderlyingError=0x7fd5d83cc4f0 {Error Domain=NSPOSIXErrorDomain Code=2 \&amp;quot;No such file or directory\&amp;quot;}}\nTest session results, code coverage, and logs:\n\t/Users/faz/Library/Developer/Xcode/DerivedData/WebDriverAgent-aiaejbhejflmruhkhsmeebmhbaia/Logs/Test/Test-WebDriverAgentRunner-2019.12.25_14-31-52-+0800.xcresult\nTesting failed:\n\tSigning for \&amp;quot;WebDriverAgentRunner\&amp;quot; requires a development team. Select a development team in the Signing &amp;amp; Capabilities editor.\n\tWebDriverAgentRunner:\n\t\tWebDriverAgentRunner-Runner.app encountered an error (Failed to install or launch the test runner. (Underlying error: The file \u201CWebDriverAgentRunner-Runner.app\u201D couldn\u2019t be opened because there is no such file. The file doesn\u2019t exist. (Underlying error: The operation couldn\u2019t be completed. No such file or directory)))\n** TEST EXECUTE FAILED **\nTesting started on &amp;apos;\u70DF\u96FE\u5F39&amp;apos;. Make sure you follow the tutorial at https://github.com/appium/appium-xcuitest-driver/blob/master/docs/real-device-config.md. Try to remove the WebDriverAgentRunner application from the device if it is installed and reboot the device.\n    at getResponseForW3CError (/usr/local/lib/node_modules/appium/node_modules/appium-base-driver/lib/protocol/errors.js:804:9)\n    at asyncHandler (/usr/local/lib/node_modules/appium/node_modules/appium-base-driver/lib/protocol/protocol.js:388:37)\n\tat org.openqa.selenium.remote.W3CHandshakeResponse.lambda$errorHandler$0(W3CHandshakeResponse.java:62)\n\tat org.openqa.selenium.remote.HandshakeResponse.lambda$getResponseFunction$0(HandshakeResponse.java:30)\n\tat org.openqa.selenium.remote.ProtocolHandshake.lambda$createSession$0(ProtocolHandshake.java:126)\n\tat org.openqa.selenium.remote.ProtocolHandshake.createSession(ProtocolHandshake.java:128)\n\t... 39 more\n)</message>
  <nestedLevel>1</nestedLevel>
  <property name="failed.exception.class">org.openqa.selenium.WebDriverException</property>
  <property name="failed.exception.stacktrace">org.openqa.selenium.WebDriverException: An unknown server-side error occurred while processing the command. Original error: Unable to launch WebDriverAgent because of xcodebuild failure: xcodebuild failed with code 65\nxcodebuild error message:\n\n2019-12-25 14:31:53.108 xcodebuild[4659:103088] Error writing xctestrun file: Error Domain=NSCocoaErrorDomain Code=4 \&quot;The folder \u201CWebDriverAgentRunner_iphoneos13.2-arm64.xctestrun\u201D doesn\u2019t exist.\&quot; UserInfo={NSFilePath=/Users/faz/Library/Developer/Xcode/DerivedData/WebDriverAgent-aiaejbhejflmruhkhsmeebmhbaia/Build/Products/WebDriverAgentRunner_iphoneos13.2-arm64.xctestrun, NSUserStringVariant=Folder, NSUnderlyingError=0x7fd5d7f9a240 {Error Domain=NSPOSIXErrorDomain Code=2 \&quot;No such file or directory\&quot;}}\n** TEST BUILD FAILED **\n2019-12-25 14:31:53.128 xcodebuild[4659:103125]  IDETestOperationsObserverDebug: Writing diagnostic log for test session to:\n/Users/faz/Library/Developer/Xcode/DerivedData/WebDriverAgent-aiaejbhejflmruhkhsmeebmhbaia/Logs/Test/Test-WebDriverAgentRunner-2019.12.25_14-31-52-+0800.xcresult/Staging/2_Test/Diagnostics/WebDriverAgentRunner-37051753-B29D-43BE-884E-415D04CD18FD/WebDriverAgentRunner-E3A5BCF5-C595-4503-B967-B61B2156FC3E/Session-WebDriverAgentRunner-2019-12-25_143153-lXVkYc.log\n2019-12-25 14:31:53.129 xcodebuild[4659:103084] [MT] IDETestOperationsObserverDebug: (177FB0AC-6657-4152-8242-7BBA2904A8B5) Beginning test session WebDriverAgentRunner-177FB0AC-6657-4152-8242-7BBA2904A8B5 at 2019-12-25 14:31:53.129 with Xcode 11C29 on target \uD83D\uDCF1&lt;DVTiOSDevice (0x7fd5d82ee4b0), \u70DF\u96FE\u5F39, iPhone, 13.2.2 (17B102), e6d787265ef659f59b738dbf66bcbf75a4ec54a1&gt; {\n\t\tdeviceSerialNumber:         DNPQTPW4GRY7\n\t\tidentifier:                 e6d787265ef659f59b738dbf66bcbf75a4ec54a1\n\t\tdeviceClass:                iPhone\n\t\tdeviceName:                 \u70DF\u96FE\u5F39\n\t\tdeviceIdentifier:           e6d787265ef659f59b738dbf66bcbf75a4ec54a1\n\t\tproductVersion:             13.2.2\n\t\tbuildVersion:               17B102\n\t\tdeviceSoftwareVersion:      13.2.2 (17B102)\n\t\tdeviceArchitecture:         arm64\n\t\tdeviceTotalCapacity:        122728800256\n\t\tdeviceAvailableCapacity:    97949020160\n\t\tdeviceIsTransient:          NO\n\t\tignored:                    NO\n\t\tdeviceIsBusy:               NO\n\t\tdeviceIsPaired:             YES\n\t\tdeviceIsActivated:          YES\n\t\tdeviceActivationState:      Activated\n\t\tisPasscodeLocked:           NO\n\t\tdeviceType:                 &lt;DVTDeviceType:0x7fd5d8011720 Xcode.DeviceType.iPhone&gt;\n\t\tsupportedDeviceFamilies:    (\n    1\n)\n\t\tapplications:              (null)\n\t\tprovisioningProfiles:      (null)\n\t\thasInternalSupport:        NO\n\t\thasWritableSystem:         NO\n\t\tisSupportedOS:             YES\n\t\tbootArgs:                  (null)\n\t\tnextBootArgs:              (null)\n\t\tconnected:                 YES\n\t\tisWirelessEnabled:         NO\n\t\tconnectionType:            direct\n\t\thostname:                  yanwudan.local.\n\t\tbonjourServiceName:        1c:5c:f2:b1:d0:2e@fe80::1e5c:f2ff:feb1:d02e._apple-mobdev2._tcp.local.\n\t\tactiveProxiedDevice:       (null)\n\t\t} (13.2.2 (17B102))\n2019-12-25 14:31:53.294 xcodebuild[4659:103084] [MT] IDETestOperationsObserverDebug: (177FB0AC-6657-4152-8242-7BBA2904A8B5) Finished requesting crash reports. Continuing with testing.\n*** If you believe this error represents a bug, please attach the result bundle at /Users/faz/Library/Developer/Xcode/DerivedData/WebDriverAgent-aiaejbhejflmruhkhsmeebmhbaia/Logs/Test/Test-WebDriverAgentRunner-2019.12.25_14-31-52-+0800.xcresult\n2019-12-25 14:31:53.314 xcodebuild[4659:103084] [MT] IDETestOperationsObserverDebug: 0.194 elapsed -- Testing started completed.\n2019-12-25 14:31:53.314 xcodebuild[4659:103084] [MT] IDETestOperationsObserverDebug: 0.000 sec, +0.000 sec -- start\n2019-12-25 14:31:53.314 xcodebuild[4659:103084] [MT] IDETestOperationsObserverDebug: 0.194 sec, +0.194 sec -- end\n2019-12-25 14:31:53.315 xcodebuild[4659:103084] Error Domain=NSCocoaErrorDomain Code=260 \&quot;The file \u201CWebDriverAgentRunner-Runner.app\u201D couldn\u2019t be opened because there is no such file.\&quot; UserInfo={NSFilePath=/Users/faz/Library/Developer/Xcode/DerivedData/WebDriverAgent-aiaejbhejflmruhkhsmeebmhbaia/Build/Products/Debug-iphoneos/WebDriverAgentRunner-Runner.app, NSUnderlyingError=0x7fd5d83cc4f0 {Error Domain=NSPOSIXErrorDomain Code=2 \&quot;No such file or directory\&quot;}}\nTest session results, code coverage, and logs:\n\t/Users/faz/Library/Developer/Xcode/DerivedData/WebDriverAgent-aiaejbhejflmruhkhsmeebmhbaia/Logs/Test/Test-WebDriverAgentRunner-2019.12.25_14-31-52-+0800.xcresult\nTesting failed:\n\tSigning for \&quot;WebDriverAgentRunner\&quot; requires a development team. Select a development team in the Signing &amp; Capabilities editor.\n\tWebDriverAgentRunner:\n\t\tWebDriverAgentRunner-Runner.app encountered an error (Failed to install or launch the test runner. (Underlying error: The file \u201CWebDriverAgentRunner-Runner.app\u201D couldn\u2019t be opened because there is no such file. The file doesn\u2019t exist. (Underlying error: The operation couldn\u2019t be completed. No such file or directory)))\n** TEST EXECUTE FAILED **\nTesting started on &apos;\u70DF\u96FE\u5F39&apos;. Make sure you follow the tutorial at https://github.com/appium/appium-xcuitest-driver/blob/master/docs/real-device-config.md. Try to remove the WebDriverAgentRunner application from the device if it is installed and reboot the device.\nBuild info: version: &apos;3.141.59&apos;, revision: &apos;e82be7d358&apos;, time: &apos;2018-11-14T08:25:53&apos;\nSystem info: host: &apos;FazAiZhongdeMacBook-Pro.local&apos;, ip: &apos;192.168.2.28&apos;, os.name: &apos;Mac OS X&apos;, os.arch: &apos;x86_64&apos;, os.version: &apos;10.14.6&apos;, java.version: &apos;1.8.0_181&apos;\nDriver info: driver.version: MobileDriverFactory$startMobileDriver\nremote stacktrace: UnknownError: An unknown server-side error occurred while processing the command. Original error: Unable to launch WebDriverAgent because of xcodebuild failure: xcodebuild failed with code 65\nxcodebuild error message:\n\n2019-12-25 14:31:53.108 xcodebuild[4659:103088] Error writing xctestrun file: Error Domain=NSCocoaErrorDomain Code=4 \&quot;The folder \u201CWebDriverAgentRunner_iphoneos13.2-arm64.xctestrun\u201D doesn\u2019t exist.\&quot; UserInfo={NSFilePath=/Users/faz/Library/Developer/Xcode/DerivedData/WebDriverAgent-aiaejbhejflmruhkhsmeebmhbaia/Build/Products/WebDriverAgentRunner_iphoneos13.2-arm64.xctestrun, NSUserStringVariant=Folder, NSUnderlyingError=0x7fd5d7f9a240 {Error Domain=NSPOSIXErrorDomain Code=2 \&quot;No such file or directory\&quot;}}\n** TEST BUILD FAILED **\n2019-12-25 14:31:53.128 xcodebuild[4659:103125]  IDETestOperationsObserverDebug: Writing diagnostic log for test session to:\n/Users/faz/Library/Developer/Xcode/DerivedData/WebDriverAgent-aiaejbhejflmruhkhsmeebmhbaia/Logs/Test/Test-WebDriverAgentRunner-2019.12.25_14-31-52-+0800.xcresult/Staging/2_Test/Diagnostics/WebDriverAgentRunner-37051753-B29D-43BE-884E-415D04CD18FD/WebDriverAgentRunner-E3A5BCF5-C595-4503-B967-B61B2156FC3E/Session-WebDriverAgentRunner-2019-12-25_143153-lXVkYc.log\n2019-12-25 14:31:53.129 xcodebuild[4659:103084] [MT] IDETestOperationsObserverDebug: (177FB0AC-6657-4152-8242-7BBA2904A8B5) Beginning test session WebDriverAgentRunner-177FB0AC-6657-4152-8242-7BBA2904A8B5 at 2019-12-25 14:31:53.129 with Xcode 11C29 on target \uD83D\uDCF1&lt;DVTiOSDevice (0x7fd5d82ee4b0), \u70DF\u96FE\u5F39, iPhone, 13.2.2 (17B102), e6d787265ef659f59b738dbf66bcbf75a4ec54a1&gt; {\n\t\tdeviceSerialNumber:         DNPQTPW4GRY7\n\t\tidentifier:                 e6d787265ef659f59b738dbf66bcbf75a4ec54a1\n\t\tdeviceClass:                iPhone\n\t\tdeviceName:                 \u70DF\u96FE\u5F39\n\t\tdeviceIdentifier:           e6d787265ef659f59b738dbf66bcbf75a4ec54a1\n\t\tproductVersion:             13.2.2\n\t\tbuildVersion:               17B102\n\t\tdeviceSoftwareVersion:      13.2.2 (17B102)\n\t\tdeviceArchitecture:         arm64\n\t\tdeviceTotalCapacity:        122728800256\n\t\tdeviceAvailableCapacity:    97949020160\n\t\tdeviceIsTransient:          NO\n\t\tignored:                    NO\n\t\tdeviceIsBusy:               NO\n\t\tdeviceIsPaired:             YES\n\t\tdeviceIsActivated:          YES\n\t\tdeviceActivationState:      Activated\n\t\tisPasscodeLocked:           NO\n\t\tdeviceType:                 &lt;DVTDeviceType:0x7fd5d8011720 Xcode.DeviceType.iPhone&gt;\n\t\tsupportedDeviceFamilies:    (\n    1\n)\n\t\tapplications:              (null)\n\t\tprovisioningProfiles:      (null)\n\t\thasInternalSupport:        NO\n\t\thasWritableSystem:         NO\n\t\tisSupportedOS:             YES\n\t\tbootArgs:                  (null)\n\t\tnextBootArgs:              (null)\n\t\tconnected:                 YES\n\t\tisWirelessEnabled:         NO\n\t\tconnectionType:            direct\n\t\thostname:                  yanwudan.local.\n\t\tbonjourServiceName:        1c:5c:f2:b1:d0:2e@fe80::1e5c:f2ff:feb1:d02e._apple-mobdev2._tcp.local.\n\t\tactiveProxiedDevice:       (null)\n\t\t} (13.2.2 (17B102))\n2019-12-25 14:31:53.294 xcodebuild[4659:103084] [MT] IDETestOperationsObserverDebug: (177FB0AC-6657-4152-8242-7BBA2904A8B5) Finished requesting crash reports. Continuing with testing.\n*** If you believe this error represents a bug, please attach the result bundle at /Users/faz/Library/Developer/Xcode/DerivedData/WebDriverAgent-aiaejbhejflmruhkhsmeebmhbaia/Logs/Test/Test-WebDriverAgentRunner-2019.12.25_14-31-52-+0800.xcresult\n2019-12-25 14:31:53.314 xcodebuild[4659:103084] [MT] IDETestOperationsObserverDebug: 0.194 elapsed -- Testing started completed.\n2019-12-25 14:31:53.314 xcodebuild[4659:103084] [MT] IDETestOperationsObserverDebug: 0.000 sec, +0.000 sec -- start\n2019-12-25 14:31:53.314 xcodebuild[4659:103084] [MT] IDETestOperationsObserverDebug: 0.194 sec, +0.194 sec -- end\n2019-12-25 14:31:53.315 xcodebuild[4659:103084] Error Domain=NSCocoaErrorDomain Code=260 \&quot;The file \u201CWebDriverAgentRunner-Runner.app\u201D couldn\u2019t be opened because there is no such file.\&quot; UserInfo={NSFilePath=/Users/faz/Library/Developer/Xcode/DerivedData/WebDriverAgent-aiaejbhejflmruhkhsmeebmhbaia/Build/Products/Debug-iphoneos/WebDriverAgentRunner-Runner.app, NSUnderlyingError=0x7fd5d83cc4f0 {Error Domain=NSPOSIXErrorDomain Code=2 \&quot;No such file or directory\&quot;}}\nTest session results, code coverage, and logs:\n\t/Users/faz/Library/Developer/Xcode/DerivedData/WebDriverAgent-aiaejbhejflmruhkhsmeebmhbaia/Logs/Test/Test-WebDriverAgentRunner-2019.12.25_14-31-52-+0800.xcresult\nTesting failed:\n\tSigning for \&quot;WebDriverAgentRunner\&quot; requires a development team. Select a development team in the Signing &amp; Capabilities editor.\n\tWebDriverAgentRunner:\n\t\tWebDriverAgentRunner-Runner.app encountered an error (Failed to install or launch the test runner. (Underlying error: The file \u201CWebDriverAgentRunner-Runner.app\u201D couldn\u2019t be opened because there is no such file. The file doesn\u2019t exist. (Underlying error: The operation couldn\u2019t be completed. No such file or directory)))\n** TEST EXECUTE FAILED **\nTesting started on &apos;\u70DF\u96FE\u5F39&apos;. Make sure you follow the tutorial at https://github.com/appium/appium-xcuitest-driver/blob/master/docs/real-device-config.md. Try to remove the WebDriverAgentRunner application from the device if it is installed and reboot the device.\n    at getResponseForW3CError (/usr/local/lib/node_modules/appium/node_modules/appium-base-driver/lib/protocol/errors.js:804:9)\n    at asyncHandler (/usr/local/lib/node_modules/appium/node_modules/appium-base-driver/lib/protocol/protocol.js:388:37)\n\tat org.openqa.selenium.remote.W3CHandshakeResponse.lambda$errorHandler$0(W3CHandshakeResponse.java:62)\n\tat org.openqa.selenium.remote.HandshakeResponse.lambda$getResponseFunction$0(HandshakeResponse.java:30)\n\tat org.openqa.selenium.remote.ProtocolHandshake.lambda$createSession$0(ProtocolHandshake.java:126)\n\tat org.openqa.selenium.remote.ProtocolHandshake.createSession(ProtocolHandshake.java:128)\n\tat io.appium.java_client.remote.AppiumCommandExecutor$1.createSession(AppiumCommandExecutor.java:186)\n\tat io.appium.java_client.remote.AppiumCommandExecutor.createSession(AppiumCommandExecutor.java:217)\n\tat io.appium.java_client.remote.AppiumCommandExecutor.execute(AppiumCommandExecutor.java:239)\n\tat org.openqa.selenium.remote.RemoteWebDriver.execute(RemoteWebDriver.java:552)\n\tat io.appium.java_client.DefaultGenericMobileDriver.execute(DefaultGenericMobileDriver.java:42)\n\tat io.appium.java_client.AppiumDriver.execute(AppiumDriver.java:1)\n\tat io.appium.java_client.ios.IOSDriver.execute(IOSDriver.java:1)\n\tat org.openqa.selenium.remote.RemoteWebDriver.startSession(RemoteWebDriver.java:213)\n\tat org.openqa.selenium.remote.RemoteWebDriver.&lt;init&gt;(RemoteWebDriver.java:131)\n\tat io.appium.java_client.DefaultGenericMobileDriver.&lt;init&gt;(DefaultGenericMobileDriver.java:38)\n\tat io.appium.java_client.AppiumDriver.&lt;init&gt;(AppiumDriver.java:84)\n\tat io.appium.java_client.ios.IOSDriver.&lt;init&gt;(IOSDriver.java:85)\n\tat com.kms.katalon.core.appium.driver.AppiumDriverManager.createMobileDriver(AppiumDriverManager.java:495)\n\tat com.kms.katalon.core.appium.driver.AppiumDriverManager.createMobileDriver(AppiumDriverManager.java:479)\n\tat com.kms.katalon.core.mobile.keyword.internal.MobileDriverFactory.startMobileDriver(MobileDriverFactory.java:339)\n\tat com.kms.katalon.core.mobile.keyword.internal.MobileDriverFactory$startMobileDriver.call(Unknown Source)\n\tat com.kms.katalon.core.mobile.keyword.builtin.StartExistingApplicationKeyword$_startApplication_closure1.doCall(StartExistingApplicationKeyword.groovy:40)\n\tat com.kms.katalon.core.mobile.keyword.builtin.StartExistingApplicationKeyword$_startApplication_closure1.doCall(StartExistingApplicationKeyword.groovy)\n\tat com.kms.katalon.core.mobile.keyword.internal.MobileKeywordMain.runKeyword(MobileKeywordMain.groovy:21)\n\tat com.kms.katalon.core.mobile.keyword.internal.MobileKeywordMain$runKeyword.call(Unknown Source)\n\tat com.kms.katalon.core.mobile.keyword.builtin.StartExistingApplicationKeyword.startApplication(StartExistingApplicationKeyword.groovy:43)\n\tat com.kms.katalon.core.mobile.keyword.builtin.StartExistingApplicationKeyword.execute(StartExistingApplicationKeyword.groovy:34)\n\tat com.kms.katalon.core.keyword.internal.KeywordExecutor.executeKeywordForPlatform(KeywordExecutor.groovy:72)\n\tat com.kms.katalon.core.mobile.keyword.MobileBuiltInKeywords.startExistingApplication(MobileBuiltInKeywords.groovy:89)\n\tat com.kms.katalon.core.mobile.keyword.MobileBuiltInKeywords$startExistingApplication.call(Unknown Source)\n\tat choose_puning.run(choose_puning:17)\n\tat com.kms.katalon.core.main.ScriptEngine.run(ScriptEngine.java:194)\n\tat com.kms.katalon.core.main.ScriptEngine.runScriptAsRawText(ScriptEngine.java:119)\n\tat com.kms.katalon.core.main.TestCaseExecutor.runScript(TestCaseExecutor.java:337)\n\tat com.kms.katalon.core.main.TestCaseExecutor.doExecute(TestCaseExecutor.java:328)\n\tat com.kms.katalon.core.main.TestCaseExecutor.processExecutionPhase(TestCaseExecutor.java:307)\n\tat com.kms.katalon.core.main.TestCaseExecutor.accessMainPhase(TestCaseExecutor.java:299)\n\tat com.kms.katalon.core.main.TestCaseExecutor.execute(TestCaseExecutor.java:233)\n\tat com.kms.katalon.core.main.TestSuiteExecutor.accessTestCaseMainPhase(TestSuiteExecutor.java:169)\n\tat com.kms.katalon.core.main.TestSuiteExecutor.accessTestSuiteMainPhase(TestSuiteExecutor.java:142)\n\tat com.kms.katalon.core.main.TestSuiteExecutor.execute(TestSuiteExecutor.java:91)\n\tat com.kms.katalon.core.main.TestCaseMain.startTestSuite(TestCaseMain.java:157)\n\tat com.kms.katalon.core.main.TestCaseMain$startTestSuite$0.call(Unknown Source)\n\tat TempTestSuite1577255479796.run(TempTestSuite1577255479796.groovy:36)\n</property>
  <property name="failed.exception.message">An unknown server-side error occurred while processing the command. Original error: Unable to launch WebDriverAgent because of xcodebuild failure: xcodebuild failed with code 65\nxcodebuild error message:\n\n2019-12-25 14:31:53.108 xcodebuild[4659:103088] Error writing xctestrun file: Error Domain=NSCocoaErrorDomain Code=4 \&quot;The folder \u201CWebDriverAgentRunner_iphoneos13.2-arm64.xctestrun\u201D doesn\u2019t exist.\&quot; UserInfo={NSFilePath=/Users/faz/Library/Developer/Xcode/DerivedData/WebDriverAgent-aiaejbhejflmruhkhsmeebmhbaia/Build/Products/WebDriverAgentRunner_iphoneos13.2-arm64.xctestrun, NSUserStringVariant=Folder, NSUnderlyingError=0x7fd5d7f9a240 {Error Domain=NSPOSIXErrorDomain Code=2 \&quot;No such file or directory\&quot;}}\n** TEST BUILD FAILED **\n2019-12-25 14:31:53.128 xcodebuild[4659:103125]  IDETestOperationsObserverDebug: Writing diagnostic log for test session to:\n/Users/faz/Library/Developer/Xcode/DerivedData/WebDriverAgent-aiaejbhejflmruhkhsmeebmhbaia/Logs/Test/Test-WebDriverAgentRunner-2019.12.25_14-31-52-+0800.xcresult/Staging/2_Test/Diagnostics/WebDriverAgentRunner-37051753-B29D-43BE-884E-415D04CD18FD/WebDriverAgentRunner-E3A5BCF5-C595-4503-B967-B61B2156FC3E/Session-WebDriverAgentRunner-2019-12-25_143153-lXVkYc.log\n2019-12-25 14:31:53.129 xcodebuild[4659:103084] [MT] IDETestOperationsObserverDebug: (177FB0AC-6657-4152-8242-7BBA2904A8B5) Beginning test session WebDriverAgentRunner-177FB0AC-6657-4152-8242-7BBA2904A8B5 at 2019-12-25 14:31:53.129 with Xcode 11C29 on target \uD83D\uDCF1&lt;DVTiOSDevice (0x7fd5d82ee4b0), \u70DF\u96FE\u5F39, iPhone, 13.2.2 (17B102), e6d787265ef659f59b738dbf66bcbf75a4ec54a1&gt; {\n\t\tdeviceSerialNumber:         DNPQTPW4GRY7\n\t\tidentifier:                 e6d787265ef659f59b738dbf66bcbf75a4ec54a1\n\t\tdeviceClass:                iPhone\n\t\tdeviceName:                 \u70DF\u96FE\u5F39\n\t\tdeviceIdentifier:           e6d787265ef659f59b738dbf66bcbf75a4ec54a1\n\t\tproductVersion:             13.2.2\n\t\tbuildVersion:               17B102\n\t\tdeviceSoftwareVersion:      13.2.2 (17B102)\n\t\tdeviceArchitecture:         arm64\n\t\tdeviceTotalCapacity:        122728800256\n\t\tdeviceAvailableCapacity:    97949020160\n\t\tdeviceIsTransient:          NO\n\t\tignored:                    NO\n\t\tdeviceIsBusy:               NO\n\t\tdeviceIsPaired:             YES\n\t\tdeviceIsActivated:          YES\n\t\tdeviceActivationState:      Activated\n\t\tisPasscodeLocked:           NO\n\t\tdeviceType:                 &lt;DVTDeviceType:0x7fd5d8011720 Xcode.DeviceType.iPhone&gt;\n\t\tsupportedDeviceFamilies:    (\n    1\n)\n\t\tapplications:              (null)\n\t\tprovisioningProfiles:      (null)\n\t\thasInternalSupport:        NO\n\t\thasWritableSystem:         NO\n\t\tisSupportedOS:             YES\n\t\tbootArgs:                  (null)\n\t\tnextBootArgs:              (null)\n\t\tconnected:                 YES\n\t\tisWirelessEnabled:         NO\n\t\tconnectionType:            direct\n\t\thostname:                  yanwudan.local.\n\t\tbonjourServiceName:        1c:5c:f2:b1:d0:2e@fe80::1e5c:f2ff:feb1:d02e._apple-mobdev2._tcp.local.\n\t\tactiveProxiedDevice:       (null)\n\t\t} (13.2.2 (17B102))\n2019-12-25 14:31:53.294 xcodebuild[4659:103084] [MT] IDETestOperationsObserverDebug: (177FB0AC-6657-4152-8242-7BBA2904A8B5) Finished requesting crash reports. Continuing with testing.\n*** If you believe this error represents a bug, please attach the result bundle at /Users/faz/Library/Developer/Xcode/DerivedData/WebDriverAgent-aiaejbhejflmruhkhsmeebmhbaia/Logs/Test/Test-WebDriverAgentRunner-2019.12.25_14-31-52-+0800.xcresult\n2019-12-25 14:31:53.314 xcodebuild[4659:103084] [MT] IDETestOperationsObserverDebug: 0.194 elapsed -- Testing started completed.\n2019-12-25 14:31:53.314 xcodebuild[4659:103084] [MT] IDETestOperationsObserverDebug: 0.000 sec, +0.000 sec -- start\n2019-12-25 14:31:53.314 xcodebuild[4659:103084] [MT] IDETestOperationsObserverDebug: 0.194 sec, +0.194 sec -- end\n2019-12-25 14:31:53.315 xcodebuild[4659:103084] Error Domain=NSCocoaErrorDomain Code=260 \&quot;The file \u201CWebDriverAgentRunner-Runner.app\u201D couldn\u2019t be opened because there is no such file.\&quot; UserInfo={NSFilePath=/Users/faz/Library/Developer/Xcode/DerivedData/WebDriverAgent-aiaejbhejflmruhkhsmeebmhbaia/Build/Products/Debug-iphoneos/WebDriverAgentRunner-Runner.app, NSUnderlyingError=0x7fd5d83cc4f0 {Error Domain=NSPOSIXErrorDomain Code=2 \&quot;No such file or directory\&quot;}}\nTest session results, code coverage, and logs:\n\t/Users/faz/Library/Developer/Xcode/DerivedData/WebDriverAgent-aiaejbhejflmruhkhsmeebmhbaia/Logs/Test/Test-WebDriverAgentRunner-2019.12.25_14-31-52-+0800.xcresult\nTesting failed:\n\tSigning for \&quot;WebDriverAgentRunner\&quot; requires a development team. Select a development team in the Signing &amp; Capabilities editor.\n\tWebDriverAgentRunner:\n\t\tWebDriverAgentRunner-Runner.app encountered an error (Failed to install or launch the test runner. (Underlying error: The file \u201CWebDriverAgentRunner-Runner.app\u201D couldn\u2019t be opened because there is no such file. The file doesn\u2019t exist. (Underlying error: The operation couldn\u2019t be completed. No such file or directory)))\n** TEST EXECUTE FAILED **\nTesting started on &apos;\u70DF\u96FE\u5F39&apos;. Make sure you follow the tutorial at https://github.com/appium/appium-xcuitest-driver/blob/master/docs/real-device-config.md. Try to remove the WebDriverAgentRunner application from the device if it is installed and reboot the device.\nBuild info: version: &apos;3.141.59&apos;, revision: &apos;e82be7d358&apos;, time: &apos;2018-11-14T08:25:53&apos;\nSystem info: host: &apos;FazAiZhongdeMacBook-Pro.local&apos;, ip: &apos;192.168.2.28&apos;, os.name: &apos;Mac OS X&apos;, os.arch: &apos;x86_64&apos;, os.version: &apos;10.14.6&apos;, java.version: &apos;1.8.0_181&apos;\nDriver info: driver.version: MobileDriverFactory$startMobileDriver\nremote stacktrace: UnknownError: An unknown server-side error occurred while processing the command. Original error: Unable to launch WebDriverAgent because of xcodebuild failure: xcodebuild failed with code 65\nxcodebuild error message:\n\n2019-12-25 14:31:53.108 xcodebuild[4659:103088] Error writing xctestrun file: Error Domain=NSCocoaErrorDomain Code=4 \&quot;The folder \u201CWebDriverAgentRunner_iphoneos13.2-arm64.xctestrun\u201D doesn\u2019t exist.\&quot; UserInfo={NSFilePath=/Users/faz/Library/Developer/Xcode/DerivedData/WebDriverAgent-aiaejbhejflmruhkhsmeebmhbaia/Build/Products/WebDriverAgentRunner_iphoneos13.2-arm64.xctestrun, NSUserStringVariant=Folder, NSUnderlyingError=0x7fd5d7f9a240 {Error Domain=NSPOSIXErrorDomain Code=2 \&quot;No such file or directory\&quot;}}\n** TEST BUILD FAILED **\n2019-12-25 14:31:53.128 xcodebuild[4659:103125]  IDETestOperationsObserverDebug: Writing diagnostic log for test session to:\n/Users/faz/Library/Developer/Xcode/DerivedData/WebDriverAgent-aiaejbhejflmruhkhsmeebmhbaia/Logs/Test/Test-WebDriverAgentRunner-2019.12.25_14-31-52-+0800.xcresult/Staging/2_Test/Diagnostics/WebDriverAgentRunner-37051753-B29D-43BE-884E-415D04CD18FD/WebDriverAgentRunner-E3A5BCF5-C595-4503-B967-B61B2156FC3E/Session-WebDriverAgentRunner-2019-12-25_143153-lXVkYc.log\n2019-12-25 14:31:53.129 xcodebuild[4659:103084] [MT] IDETestOperationsObserverDebug: (177FB0AC-6657-4152-8242-7BBA2904A8B5) Beginning test session WebDriverAgentRunner-177FB0AC-6657-4152-8242-7BBA2904A8B5 at 2019-12-25 14:31:53.129 with Xcode 11C29 on target \uD83D\uDCF1&lt;DVTiOSDevice (0x7fd5d82ee4b0), \u70DF\u96FE\u5F39, iPhone, 13.2.2 (17B102), e6d787265ef659f59b738dbf66bcbf75a4ec54a1&gt; {\n\t\tdeviceSerialNumber:         DNPQTPW4GRY7\n\t\tidentifier:                 e6d787265ef659f59b738dbf66bcbf75a4ec54a1\n\t\tdeviceClass:                iPhone\n\t\tdeviceName:                 \u70DF\u96FE\u5F39\n\t\tdeviceIdentifier:           e6d787265ef659f59b738dbf66bcbf75a4ec54a1\n\t\tproductVersion:             13.2.2\n\t\tbuildVersion:               17B102\n\t\tdeviceSoftwareVersion:      13.2.2 (17B102)\n\t\tdeviceArchitecture:         arm64\n\t\tdeviceTotalCapacity:        122728800256\n\t\tdeviceAvailableCapacity:    97949020160\n\t\tdeviceIsTransient:          NO\n\t\tignored:                    NO\n\t\tdeviceIsBusy:               NO\n\t\tdeviceIsPaired:             YES\n\t\tdeviceIsActivated:          YES\n\t\tdeviceActivationState:      Activated\n\t\tisPasscodeLocked:           NO\n\t\tdeviceType:                 &lt;DVTDeviceType:0x7fd5d8011720 Xcode.DeviceType.iPhone&gt;\n\t\tsupportedDeviceFamilies:    (\n    1\n)\n\t\tapplications:              (null)\n\t\tprovisioningProfiles:      (null)\n\t\thasInternalSupport:        NO\n\t\thasWritableSystem:         NO\n\t\tisSupportedOS:             YES\n\t\tbootArgs:                  (null)\n\t\tnextBootArgs:              (null)\n\t\tconnected:                 YES\n\t\tisWirelessEnabled:         NO\n\t\tconnectionType:            direct\n\t\thostname:                  yanwudan.local.\n\t\tbonjourServiceName:        1c:5c:f2:b1:d0:2e@fe80::1e5c:f2ff:feb1:d02e._apple-mobdev2._tcp.local.\n\t\tactiveProxiedDevice:       (null)\n\t\t} (13.2.2 (17B102))\n2019-12-25 14:31:53.294 xcodebuild[4659:103084] [MT] IDETestOperationsObserverDebug: (177FB0AC-6657-4152-8242-7BBA2904A8B5) Finished requesting crash reports. Continuing with testing.\n*** If you believe this error represents a bug, please attach the result bundle at /Users/faz/Library/Developer/Xcode/DerivedData/WebDriverAgent-aiaejbhejflmruhkhsmeebmhbaia/Logs/Test/Test-WebDriverAgentRunner-2019.12.25_14-31-52-+0800.xcresult\n2019-12-25 14:31:53.314 xcodebuild[4659:103084] [MT] IDETestOperationsObserverDebug: 0.194 elapsed -- Testing started completed.\n2019-12-25 14:31:53.314 xcodebuild[4659:103084] [MT] IDETestOperationsObserverDebug: 0.000 sec, +0.000 sec -- start\n2019-12-25 14:31:53.314 xcodebuild[4659:103084] [MT] IDETestOperationsObserverDebug: 0.194 sec, +0.194 sec -- end\n2019-12-25 14:31:53.315 xcodebuild[4659:103084] Error Domain=NSCocoaErrorDomain Code=260 \&quot;The file \u201CWebDriverAgentRunner-Runner.app\u201D couldn\u2019t be opened because there is no such file.\&quot; UserInfo={NSFilePath=/Users/faz/Library/Developer/Xcode/DerivedData/WebDriverAgent-aiaejbhejflmruhkhsmeebmhbaia/Build/Products/Debug-iphoneos/WebDriverAgentRunner-Runner.app, NSUnderlyingError=0x7fd5d83cc4f0 {Error Domain=NSPOSIXErrorDomain Code=2 \&quot;No such file or directory\&quot;}}\nTest session results, code coverage, and logs:\n\t/Users/faz/Library/Developer/Xcode/DerivedData/WebDriverAgent-aiaejbhejflmruhkhsmeebmhbaia/Logs/Test/Test-WebDriverAgentRunner-2019.12.25_14-31-52-+0800.xcresult\nTesting failed:\n\tSigning for \&quot;WebDriverAgentRunner\&quot; requires a development team. Select a development team in the Signing &amp; Capabilities editor.\n\tWebDriverAgentRunner:\n\t\tWebDriverAgentRunner-Runner.app encountered an error (Failed to install or launch the test runner. (Underlying error: The file \u201CWebDriverAgentRunner-Runner.app\u201D couldn\u2019t be opened because there is no such file. The file doesn\u2019t exist. (Underlying error: The operation couldn\u2019t be completed. No such file or directory)))\n** TEST EXECUTE FAILED **\nTesting started on &apos;\u70DF\u96FE\u5F39&apos;. Make sure you follow the tutorial at https://github.com/appium/appium-xcuitest-driver/blob/master/docs/real-device-config.md. Try to remove the WebDriverAgentRunner application from the device if it is installed and reboot the device.\n    at getResponseForW3CError (/usr/local/lib/node_modules/appium/node_modules/appium-base-driver/lib/protocol/errors.js:804:9)\n    at asyncHandler (/usr/local/lib/node_modules/appium/node_modules/appium-base-driver/lib/protocol/protocol.js:388:37)</property>
</record>
<record>
  <date>2019-12-25T14:31:59</date>
  <millis>1577255519435</millis>
  <sequence>27</sequence>
  <level>END</level>
  <class>com.kms.katalon.core.logging.XmlKeywordLogger</class>
  <method>endKeyword</method>
  <thread>1</thread>
  <message>End action : startExistingApplication(AppID)</message>
  <nestedLevel>1</nestedLevel>
</record>
<record>
  <date>2019-12-25T14:31:59</date>
  <millis>1577255519465</millis>
  <sequence>32</sequence>
  <level>FAILED</level>
  <class>com.kms.katalon.core.logging.XmlKeywordLogger</class>
  <method>logMessage</method>
  <thread>1</thread>
  <message>Test Cases/IOS App/Public Module/Choose City/choose_puning FAILED.\nReason:\ncom.kms.katalon.core.exception.StepFailedException: Unable to start app with application ID: &amp;apos;com.goldlokedu.app&amp;apos; (Root cause: org.openqa.selenium.SessionNotCreatedException: Unable to create a new remote session. Please check the server log for more details. Original error: An unknown server-side error occurred while processing the command. Original error: Unable to launch WebDriverAgent because of xcodebuild failure: xcodebuild failed with code 65\nxcodebuild error message:\n\n2019-12-25 14:31:53.108 xcodebuild[4659:103088] Error writing xctestrun file: Error Domain=NSCocoaErrorDomain Code=4 \&amp;quot;The folder \u201CWebDriverAgentRunner_iphoneos13.2-arm64.xctestrun\u201D doesn\u2019t exist.\&amp;quot; UserInfo={NSFilePath=/Users/faz/Library/Developer/Xcode/DerivedData/WebDriverAgent-aiaejbhejflmruhkhsmeebmhbaia/Build/Products/WebDriverAgentRunner_iphoneos13.2-arm64.xctestrun, NSUserStringVariant=Folder, NSUnderlyingError=0x7fd5d7f9a240 {Error Domain=NSPOSIXErrorDomain Code=2 \&amp;quot;No such file or directory\&amp;quot;}}\n** TEST BUILD FAILED **\n2019-12-25 14:31:53.128 xcodebuild[4659:103125]  IDETestOperationsObserverDebug: Writing diagnostic log for test session to:\n/Users/faz/Library/Developer/Xcode/DerivedData/WebDriverAgent-aiaejbhejflmruhkhsmeebmhbaia/Logs/Test/Test-WebDriverAgentRunner-2019.12.25_14-31-52-+0800.xcresult/Staging/2_Test/Diagnostics/WebDriverAgentRunner-37051753-B29D-43BE-884E-415D04CD18FD/WebDriverAgentRunner-E3A5BCF5-C595-4503-B967-B61B2156FC3E/Session-WebDriverAgentRunner-2019-12-25_143153-lXVkYc.log\n2019-12-25 14:31:53.129 xcodebuild[4659:103084] [MT] IDETestOperationsObserverDebug: (177FB0AC-6657-4152-8242-7BBA2904A8B5) Beginning test session WebDriverAgentRunner-177FB0AC-6657-4152-8242-7BBA2904A8B5 at 2019-12-25 14:31:53.129 with Xcode 11C29 on target \uD83D\uDCF1&amp;lt;DVTiOSDevice (0x7fd5d82ee4b0), \u70DF\u96FE\u5F39, iPhone, 13.2.2 (17B102), e6d787265ef659f59b738dbf66bcbf75a4ec54a1&amp;gt; {\n\t\tdeviceSerialNumber:         DNPQTPW4GRY7\n\t\tidentifier:                 e6d787265ef659f59b738dbf66bcbf75a4ec54a1\n\t\tdeviceClass:                iPhone\n\t\tdeviceName:                 \u70DF\u96FE\u5F39\n\t\tdeviceIdentifier:           e6d787265ef659f59b738dbf66bcbf75a4ec54a1\n\t\tproductVersion:             13.2.2\n\t\tbuildVersion:               17B102\n\t\tdeviceSoftwareVersion:      13.2.2 (17B102)\n\t\tdeviceArchitecture:         arm64\n\t\tdeviceTotalCapacity:        122728800256\n\t\tdeviceAvailableCapacity:    97949020160\n\t\tdeviceIsTransient:          NO\n\t\tignored:                    NO\n\t\tdeviceIsBusy:               NO\n\t\tdeviceIsPaired:             YES\n\t\tdeviceIsActivated:          YES\n\t\tdeviceActivationState:      Activated\n\t\tisPasscodeLocked:           NO\n\t\tdeviceType:                 &amp;lt;DVTDeviceType:0x7fd5d8011720 Xcode.DeviceType.iPhone&amp;gt;\n\t\tsupportedDeviceFamilies:    (\n    1\n)\n\t\tapplications:              (null)\n\t\tprovisioningProfiles:      (null)\n\t\thasInternalSupport:        NO\n\t\thasWritableSystem:         NO\n\t\tisSupportedOS:             YES\n\t\tbootArgs:                  (null)\n\t\tnextBootArgs:              (null)\n\t\tconnected:                 YES\n\t\tisWirelessEnabled:         NO\n\t\tconnectionType:            direct\n\t\thostname:                  yanwudan.local.\n\t\tbonjourServiceName:        1c:5c:f2:b1:d0:2e@fe80::1e5c:f2ff:feb1:d02e._apple-mobdev2._tcp.local.\n\t\tactiveProxiedDevice:       (null)\n\t\t} (13.2.2 (17B102))\n2019-12-25 14:31:53.294 xcodebuild[4659:103084] [MT] IDETestOperationsObserverDebug: (177FB0AC-6657-4152-8242-7BBA2904A8B5) Finished requesting crash reports. Continuing with testing.\n*** If you believe this error represents a bug, please attach the result bundle at /Users/faz/Library/Developer/Xcode/DerivedData/WebDriverAgent-aiaejbhejflmruhkhsmeebmhbaia/Logs/Test/Test-WebDriverAgentRunner-2019.12.25_14-31-52-+0800.xcresult\n2019-12-25 14:31:53.314 xcodebuild[4659:103084] [MT] IDETestOperationsObserverDebug: 0.194 elapsed -- Testing started completed.\n2019-12-25 14:31:53.314 xcodebuild[4659:103084] [MT] IDETestOperationsObserverDebug: 0.000 sec, +0.000 sec -- start\n2019-12-25 14:31:53.314 xcodebuild[4659:103084] [MT] IDETestOperationsObserverDebug: 0.194 sec, +0.194 sec -- end\n2019-12-25 14:31:53.315 xcodebuild[4659:103084] Error Domain=NSCocoaErrorDomain Code=260 \&amp;quot;The file \u201CWebDriverAgentRunner-Runner.app\u201D couldn\u2019t be opened because there is no such file.\&amp;quot; UserInfo={NSFilePath=/Users/faz/Library/Developer/Xcode/DerivedData/WebDriverAgent-aiaejbhejflmruhkhsmeebmhbaia/Build/Products/Debug-iphoneos/WebDriverAgentRunner-Runner.app, NSUnderlyingError=0x7fd5d83cc4f0 {Error Domain=NSPOSIXErrorDomain Code=2 \&amp;quot;No such file or directory\&amp;quot;}}\nTest session results, code coverage, and logs:\n\t/Users/faz/Library/Developer/Xcode/DerivedData/WebDriverAgent-aiaejbhejflmruhkhsmeebmhbaia/Logs/Test/Test-WebDriverAgentRunner-2019.12.25_14-31-52-+0800.xcresult\nTesting failed:\n\tSigning for \&amp;quot;WebDriverAgentRunner\&amp;quot; requires a development team. Select a development team in the Signing &amp;amp; Capabilities editor.\n\tWebDriverAgentRunner:\n\t\tWebDriverAgentRunner-Runner.app encountered an error (Failed to install or launch the test runner. (Underlying error: The file \u201CWebDriverAgentRunner-Runner.app\u201D couldn\u2019t be opened because there is no such file. The file doesn\u2019t exist. (Underlying error: The operation couldn\u2019t be completed. No such file or directory)))\n** TEST EXECUTE FAILED **\nTesting started on &amp;apos;\u70DF\u96FE\u5F39&amp;apos;. Make sure you follow the tutorial at https://github.com/appium/appium-xcuitest-driver/blob/master/docs/real-device-config.md. Try to remove the WebDriverAgentRunner application from the device if it is installed and reboot the device.\nBuild info: version: &amp;apos;3.141.59&amp;apos;, revision: &amp;apos;e82be7d358&amp;apos;, time: &amp;apos;2018-11-14T08:25:53&amp;apos;\nSystem info: host: &amp;apos;FazAiZhongdeMacBook-Pro.local&amp;apos;, ip: &amp;apos;192.168.2.28&amp;apos;, os.name: &amp;apos;Mac OS X&amp;apos;, os.arch: &amp;apos;x86_64&amp;apos;, os.version: &amp;apos;10.14.6&amp;apos;, java.version: &amp;apos;1.8.0_181&amp;apos;\nDriver info: driver.version: MobileDriverFactory$startMobileDriver\nremote stacktrace: UnknownError: An unknown server-side error occurred while processing the command. Original error: Unable to launch WebDriverAgent because of xcodebuild failure: xcodebuild failed with code 65\nxcodebuild error message:\n\n2019-12-25 14:31:53.108 xcodebuild[4659:103088] Error writing xctestrun file: Error Domain=NSCocoaErrorDomain Code=4 \&amp;quot;The folder \u201CWebDriverAgentRunner_iphoneos13.2-arm64.xctestrun\u201D doesn\u2019t exist.\&amp;quot; UserInfo={NSFilePath=/Users/faz/Library/Developer/Xcode/DerivedData/WebDriverAgent-aiaejbhejflmruhkhsmeebmhbaia/Build/Products/WebDriverAgentRunner_iphoneos13.2-arm64.xctestrun, NSUserStringVariant=Folder, NSUnderlyingError=0x7fd5d7f9a240 {Error Domain=NSPOSIXErrorDomain Code=2 \&amp;quot;No such file or directory\&amp;quot;}}\n** TEST BUILD FAILED **\n2019-12-25 14:31:53.128 xcodebuild[4659:103125]  IDETestOperationsObserverDebug: Writing diagnostic log for test session to:\n/Users/faz/Library/Developer/Xcode/DerivedData/WebDriverAgent-aiaejbhejflmruhkhsmeebmhbaia/Logs/Test/Test-WebDriverAgentRunner-2019.12.25_14-31-52-+0800.xcresult/Staging/2_Test/Diagnostics/WebDriverAgentRunner-37051753-B29D-43BE-884E-415D04CD18FD/WebDriverAgentRunner-E3A5BCF5-C595-4503-B967-B61B2156FC3E/Session-WebDriverAgentRunner-2019-12-25_143153-lXVkYc.log\n2019-12-25 14:31:53.129 xcodebuild[4659:103084] [MT] IDETestOperationsObserverDebug: (177FB0AC-6657-4152-8242-7BBA2904A8B5) Beginning test session WebDriverAgentRunner-177FB0AC-6657-4152-8242-7BBA2904A8B5 at 2019-12-25 14:31:53.129 with Xcode 11C29 on target \uD83D\uDCF1&amp;lt;DVTiOSDevice (0x7fd5d82ee4b0), \u70DF\u96FE\u5F39, iPhone, 13.2.2 (17B102), e6d787265ef659f59b738dbf66bcbf75a4ec54a1&amp;gt; {\n\t\tdeviceSerialNumber:         DNPQTPW4GRY7\n\t\tidentifier:                 e6d787265ef659f59b738dbf66bcbf75a4ec54a1\n\t\tdeviceClass:                iPhone\n\t\tdeviceName:                 \u70DF\u96FE\u5F39\n\t\tdeviceIdentifier:           e6d787265ef659f59b738dbf66bcbf75a4ec54a1\n\t\tproductVersion:             13.2.2\n\t\tbuildVersion:               17B102\n\t\tdeviceSoftwareVersion:      13.2.2 (17B102)\n\t\tdeviceArchitecture:         arm64\n\t\tdeviceTotalCapacity:        122728800256\n\t\tdeviceAvailableCapacity:    97949020160\n\t\tdeviceIsTransient:          NO\n\t\tignored:                    NO\n\t\tdeviceIsBusy:               NO\n\t\tdeviceIsPaired:             YES\n\t\tdeviceIsActivated:          YES\n\t\tdeviceActivationState:      Activated\n\t\tisPasscodeLocked:           NO\n\t\tdeviceType:                 &amp;lt;DVTDeviceType:0x7fd5d8011720 Xcode.DeviceType.iPhone&amp;gt;\n\t\tsupportedDeviceFamilies:    (\n    1\n)\n\t\tapplications:              (null)\n\t\tprovisioningProfiles:      (null)\n\t\thasInternalSupport:        NO\n\t\thasWritableSystem:         NO\n\t\tisSupportedOS:             YES\n\t\tbootArgs:                  (null)\n\t\tnextBootArgs:              (null)\n\t\tconnected:                 YES\n\t\tisWirelessEnabled:         NO\n\t\tconnectionType:            direct\n\t\thostname:                  yanwudan.local.\n\t\tbonjourServiceName:        1c:5c:f2:b1:d0:2e@fe80::1e5c:f2ff:feb1:d02e._apple-mobdev2._tcp.local.\n\t\tactiveProxiedDevice:       (null)\n\t\t} (13.2.2 (17B102))\n2019-12-25 14:31:53.294 xcodebuild[4659:103084] [MT] IDETestOperationsObserverDebug: (177FB0AC-6657-4152-8242-7BBA2904A8B5) Finished requesting crash reports. Continuing with testing.\n*** If you believe this error represents a bug, please attach the result bundle at /Users/faz/Library/Developer/Xcode/DerivedData/WebDriverAgent-aiaejbhejflmruhkhsmeebmhbaia/Logs/Test/Test-WebDriverAgentRunner-2019.12.25_14-31-52-+0800.xcresult\n2019-12-25 14:31:53.314 xcodebuild[4659:103084] [MT] IDETestOperationsObserverDebug: 0.194 elapsed -- Testing started completed.\n2019-12-25 14:31:53.314 xcodebuild[4659:103084] [MT] IDETestOperationsObserverDebug: 0.000 sec, +0.000 sec -- start\n2019-12-25 14:31:53.314 xcodebuild[4659:103084] [MT] IDETestOperationsObserverDebug: 0.194 sec, +0.194 sec -- end\n2019-12-25 14:31:53.315 xcodebuild[4659:103084] Error Domain=NSCocoaErrorDomain Code=260 \&amp;quot;The file \u201CWebDriverAgentRunner-Runner.app\u201D couldn\u2019t be opened because there is no such file.\&amp;quot; UserInfo={NSFilePath=/Users/faz/Library/Developer/Xcode/DerivedData/WebDriverAgent-aiaejbhejflmruhkhsmeebmhbaia/Build/Products/Debug-iphoneos/WebDriverAgentRunner-Runner.app, NSUnderlyingError=0x7fd5d83cc4f0 {Error Domain=NSPOSIXErrorDomain Code=2 \&amp;quot;No such file or directory\&amp;quot;}}\nTest session results, code coverage, and logs:\n\t/Users/faz/Library/Developer/Xcode/DerivedData/WebDriverAgent-aiaejbhejflmruhkhsmeebmhbaia/Logs/Test/Test-WebDriverAgentRunner-2019.12.25_14-31-52-+0800.xcresult\nTesting failed:\n\tSigning for \&amp;quot;WebDriverAgentRunner\&amp;quot; requires a development team. Select a development team in the Signing &amp;amp; Capabilities editor.\n\tWebDriverAgentRunner:\n\t\tWebDriverAgentRunner-Runner.app encountered an error (Failed to install or launch the test runner. (Underlying error: The file \u201CWebDriverAgentRunner-Runner.app\u201D couldn\u2019t be opened because there is no such file. The file doesn\u2019t exist. (Underlying error: The operation couldn\u2019t be completed. No such file or directory)))\n** TEST EXECUTE FAILED **\nTesting started on &amp;apos;\u70DF\u96FE\u5F39&amp;apos;. Make sure you follow the tutorial at https://github.com/appium/appium-xcuitest-driver/blob/master/docs/real-device-config.md. Try to remove the WebDriverAgentRunner application from the device if it is installed and reboot the device.\n    at getResponseForW3CError (/usr/local/lib/node_modules/appium/node_modules/appium-base-driver/lib/protocol/errors.js:804:9)\n    at asyncHandler (/usr/local/lib/node_modules/appium/node_modules/appium-base-driver/lib/protocol/protocol.js:388:37)\nBuild info: version: &amp;apos;3.141.59&amp;apos;, revision: &amp;apos;e82be7d358&amp;apos;, time: &amp;apos;2018-11-14T08:25:53&amp;apos;\nSystem info: host: &amp;apos;FazAiZhongdeMacBook-Pro.local&amp;apos;, ip: &amp;apos;192.168.2.28&amp;apos;, os.name: &amp;apos;Mac OS X&amp;apos;, os.arch: &amp;apos;x86_64&amp;apos;, os.version: &amp;apos;10.14.6&amp;apos;, java.version: &amp;apos;1.8.0_181&amp;apos;\nDriver info: driver.version: MobileDriverFactory$startMobileDriver\n\tat io.appium.java_client.remote.AppiumCommandExecutor$1.createSession(AppiumCommandExecutor.java:208)\n\tat io.appium.java_client.remote.AppiumCommandExecutor.createSession(AppiumCommandExecutor.java:217)\n\tat io.appium.java_client.remote.AppiumCommandExecutor.execute(AppiumCommandExecutor.java:239)\n\tat org.openqa.selenium.remote.RemoteWebDriver.execute(RemoteWebDriver.java:552)\n\tat io.appium.java_client.DefaultGenericMobileDriver.execute(DefaultGenericMobileDriver.java:42)\n\tat io.appium.java_client.AppiumDriver.execute(AppiumDriver.java:1)\n\tat io.appium.java_client.ios.IOSDriver.execute(IOSDriver.java:1)\n\tat org.openqa.selenium.remote.RemoteWebDriver.startSession(RemoteWebDriver.java:213)\n\tat org.openqa.selenium.remote.RemoteWebDriver.&amp;lt;init&amp;gt;(RemoteWebDriver.java:131)\n\tat io.appium.java_client.DefaultGenericMobileDriver.&amp;lt;init&amp;gt;(DefaultGenericMobileDriver.java:38)\n\tat io.appium.java_client.AppiumDriver.&amp;lt;init&amp;gt;(AppiumDriver.java:84)\n\tat io.appium.java_client.ios.IOSDriver.&amp;lt;init&amp;gt;(IOSDriver.java:85)\n\tat com.kms.katalon.core.appium.driver.AppiumDriverManager.createMobileDriver(AppiumDriverManager.java:495)\n\tat com.kms.katalon.core.appium.driver.AppiumDriverManager.createMobileDriver(AppiumDriverManager.java:479)\n\tat com.kms.katalon.core.mobile.keyword.internal.MobileDriverFactory.startMobileDriver(MobileDriverFactory.java:339)\n\tat com.kms.katalon.core.mobile.keyword.internal.MobileDriverFactory$startMobileDriver.call(Unknown Source)\n\tat com.kms.katalon.core.mobile.keyword.builtin.StartExistingApplicationKeyword$_startApplication_closure1.doCall(StartExistingApplicationKeyword.groovy:40)\n\tat com.kms.katalon.core.mobile.keyword.builtin.StartExistingApplicationKeyword$_startApplication_closure1.doCall(StartExistingApplicationKeyword.groovy)\n\tat com.kms.katalon.core.mobile.keyword.internal.MobileKeywordMain.runKeyword(MobileKeywordMain.groovy:21)\n\tat com.kms.katalon.core.mobile.keyword.internal.MobileKeywordMain$runKeyword.call(Unknown Source)\n\tat com.kms.katalon.core.mobile.keyword.builtin.StartExistingApplicationKeyword.startApplication(StartExistingApplicationKeyword.groovy:43)\n\tat com.kms.katalon.core.mobile.keyword.builtin.StartExistingApplicationKeyword.execute(StartExistingApplicationKeyword.groovy:34)\n\tat com.kms.katalon.core.keyword.internal.KeywordExecutor.executeKeywordForPlatform(KeywordExecutor.groovy:72)\n\tat com.kms.katalon.core.mobile.keyword.MobileBuiltInKeywords.startExistingApplication(MobileBuiltInKeywords.groovy:89)\n\tat com.kms.katalon.core.mobile.keyword.MobileBuiltInKeywords$startExistingApplication.call(Unknown Source)\n\tat choose_puning.run(choose_puning:17)\n\tat com.kms.katalon.core.main.ScriptEngine.run(ScriptEngine.java:194)\n\tat com.kms.katalon.core.main.ScriptEngine.runScriptAsRawText(ScriptEngine.java:119)\n\tat com.kms.katalon.core.main.TestCaseExecutor.runScript(TestCaseExecutor.java:337)\n\tat com.kms.katalon.core.main.TestCaseExecutor.doExecute(TestCaseExecutor.java:328)\n\tat com.kms.katalon.core.main.TestCaseExecutor.processExecutionPhase(TestCaseExecutor.java:307)\n\tat com.kms.katalon.core.main.TestCaseExecutor.accessMainPhase(TestCaseExecutor.java:299)\n\tat com.kms.katalon.core.main.TestCaseExecutor.execute(TestCaseExecutor.java:233)\n\tat com.kms.katalon.core.main.TestSuiteExecutor.accessTestCaseMainPhase(TestSuiteExecutor.java:169)\n\tat com.kms.katalon.core.main.TestSuiteExecutor.accessTestSuiteMainPhase(TestSuiteExecutor.java:142)\n\tat com.kms.katalon.core.main.TestSuiteExecutor.execute(TestSuiteExecutor.java:91)\n\tat com.kms.katalon.core.main.TestCaseMain.startTestSuite(TestCaseMain.java:157)\n\tat com.kms.katalon.core.main.TestCaseMain$startTestSuite$0.call(Unknown Source)\n\tat TempTestSuite1577255479796.run(TempTestSuite1577255479796.groovy:36)\nCaused by: java.lang.reflect.InvocationTargetException\n\tat io.appium.java_client.remote.AppiumCommandExecutor$1.createSession(AppiumCommandExecutor.java:186)\n\tat io.appium.java_client.remote.AppiumCommandExecutor.createSession(AppiumCommandExecutor.java:217)\n\tat io.appium.java_client.remote.AppiumCommandExecutor.execute(AppiumCommandExecutor.java:239)\n\tat org.openqa.selenium.remote.RemoteWebDriver.execute(RemoteWebDriver.java:552)\n\tat io.appium.java_client.DefaultGenericMobileDriver.execute(DefaultGenericMobileDriver.java:42)\n\tat io.appium.java_client.AppiumDriver.execute(AppiumDriver.java:1)\n\tat io.appium.java_client.ios.IOSDriver.execute(IOSDriver.java:1)\n\tat org.openqa.selenium.remote.RemoteWebDriver.startSession(RemoteWebDriver.java:213)\n\tat org.openqa.selenium.remote.RemoteWebDriver.&amp;lt;init&amp;gt;(RemoteWebDriver.java:131)\n\tat io.appium.java_client.DefaultGenericMobileDriver.&amp;lt;init&amp;gt;(DefaultGenericMobileDriver.java:38)\n\tat io.appium.java_client.AppiumDriver.&amp;lt;init&amp;gt;(AppiumDriver.java:84)\n\tat io.appium.java_client.ios.IOSDriver.&amp;lt;init&amp;gt;(IOSDriver.java:85)\n\tat com.kms.katalon.core.appium.driver.AppiumDriverManager.createMobileDriver(AppiumDriverManager.java:495)\n\tat com.kms.katalon.core.appium.driver.AppiumDriverManager.createMobileDriver(AppiumDriverManager.java:479)\n\tat com.kms.katalon.core.mobile.keyword.internal.MobileDriverFactory.startMobileDriver(MobileDriverFactory.java:339)\n\tat com.kms.katalon.core.mobile.keyword.internal.MobileDriverFactory$startMobileDriver.call(Unknown Source)\n\tat com.kms.katalon.core.mobile.keyword.builtin.StartExistingApplicationKeyword$_startApplication_closure1.doCall(StartExistingApplicationKeyword.groovy:40)\n\tat com.kms.katalon.core.mobile.keyword.builtin.StartExistingApplicationKeyword$_startApplication_closure1.doCall(StartExistingApplicationKeyword.groovy)\n\tat com.kms.katalon.core.mobile.keyword.internal.MobileKeywordMain.runKeyword(MobileKeywordMain.groovy:21)\n\tat com.kms.katalon.core.mobile.keyword.internal.MobileKeywordMain$runKeyword.call(Unknown Source)\n\tat com.kms.katalon.core.mobile.keyword.builtin.StartExistingApplicationKeyword.startApplication(StartExistingApplicationKeyword.groovy:43)\n\tat com.kms.katalon.core.mobile.keyword.builtin.StartExistingApplicationKeyword.execute(StartExistingApplicationKeyword.groovy:34)\n\tat com.kms.katalon.core.keyword.internal.KeywordExecutor.executeKeywordForPlatform(KeywordExecutor.groovy:72)\n\tat com.kms.katalon.core.mobile.keyword.MobileBuiltInKeywords.startExistingApplication(MobileBuiltInKeywords.groovy:89)\n\tat com.kms.katalon.core.mobile.keyword.MobileBuiltInKeywords$startExistingApplication.call(Unknown Source)\n\tat Script1575874101227.run(Script1575874101227.groovy:17)\n\t... 13 more\nCaused by: org.openqa.selenium.WebDriverException: An unknown server-side error occurred while processing the command. Original error: Unable to launch WebDriverAgent because of xcodebuild failure: xcodebuild failed with code 65\nxcodebuild error message:\n\n2019-12-25 14:31:53.108 xcodebuild[4659:103088] Error writing xctestrun file: Error Domain=NSCocoaErrorDomain Code=4 \&amp;quot;The folder \u201CWebDriverAgentRunner_iphoneos13.2-arm64.xctestrun\u201D doesn\u2019t exist.\&amp;quot; UserInfo={NSFilePath=/Users/faz/Library/Developer/Xcode/DerivedData/WebDriverAgent-aiaejbhejflmruhkhsmeebmhbaia/Build/Products/WebDriverAgentRunner_iphoneos13.2-arm64.xctestrun, NSUserStringVariant=Folder, NSUnderlyingError=0x7fd5d7f9a240 {Error Domain=NSPOSIXErrorDomain Code=2 \&amp;quot;No such file or directory\&amp;quot;}}\n** TEST BUILD FAILED **\n2019-12-25 14:31:53.128 xcodebuild[4659:103125]  IDETestOperationsObserverDebug: Writing diagnostic log for test session to:\n/Users/faz/Library/Developer/Xcode/DerivedData/WebDriverAgent-aiaejbhejflmruhkhsmeebmhbaia/Logs/Test/Test-WebDriverAgentRunner-2019.12.25_14-31-52-+0800.xcresult/Staging/2_Test/Diagnostics/WebDriverAgentRunner-37051753-B29D-43BE-884E-415D04CD18FD/WebDriverAgentRunner-E3A5BCF5-C595-4503-B967-B61B2156FC3E/Session-WebDriverAgentRunner-2019-12-25_143153-lXVkYc.log\n2019-12-25 14:31:53.129 xcodebuild[4659:103084] [MT] IDETestOperationsObserverDebug: (177FB0AC-6657-4152-8242-7BBA2904A8B5) Beginning test session WebDriverAgentRunner-177FB0AC-6657-4152-8242-7BBA2904A8B5 at 2019-12-25 14:31:53.129 with Xcode 11C29 on target \uD83D\uDCF1&amp;lt;DVTiOSDevice (0x7fd5d82ee4b0), \u70DF\u96FE\u5F39, iPhone, 13.2.2 (17B102), e6d787265ef659f59b738dbf66bcbf75a4ec54a1&amp;gt; {\n\t\tdeviceSerialNumber:         DNPQTPW4GRY7\n\t\tidentifier:                 e6d787265ef659f59b738dbf66bcbf75a4ec54a1\n\t\tdeviceClass:                iPhone\n\t\tdeviceName:                 \u70DF\u96FE\u5F39\n\t\tdeviceIdentifier:           e6d787265ef659f59b738dbf66bcbf75a4ec54a1\n\t\tproductVersion:             13.2.2\n\t\tbuildVersion:               17B102\n\t\tdeviceSoftwareVersion:      13.2.2 (17B102)\n\t\tdeviceArchitecture:         arm64\n\t\tdeviceTotalCapacity:        122728800256\n\t\tdeviceAvailableCapacity:    97949020160\n\t\tdeviceIsTransient:          NO\n\t\tignored:                    NO\n\t\tdeviceIsBusy:               NO\n\t\tdeviceIsPaired:             YES\n\t\tdeviceIsActivated:          YES\n\t\tdeviceActivationState:      Activated\n\t\tisPasscodeLocked:           NO\n\t\tdeviceType:                 &amp;lt;DVTDeviceType:0x7fd5d8011720 Xcode.DeviceType.iPhone&amp;gt;\n\t\tsupportedDeviceFamilies:    (\n    1\n)\n\t\tapplications:              (null)\n\t\tprovisioningProfiles:      (null)\n\t\thasInternalSupport:        NO\n\t\thasWritableSystem:         NO\n\t\tisSupportedOS:             YES\n\t\tbootArgs:                  (null)\n\t\tnextBootArgs:              (null)\n\t\tconnected:                 YES\n\t\tisWirelessEnabled:         NO\n\t\tconnectionType:            direct\n\t\thostname:                  yanwudan.local.\n\t\tbonjourServiceName:        1c:5c:f2:b1:d0:2e@fe80::1e5c:f2ff:feb1:d02e._apple-mobdev2._tcp.local.\n\t\tactiveProxiedDevice:       (null)\n\t\t} (13.2.2 (17B102))\n2019-12-25 14:31:53.294 xcodebuild[4659:103084] [MT] IDETestOperationsObserverDebug: (177FB0AC-6657-4152-8242-7BBA2904A8B5) Finished requesting crash reports. Continuing with testing.\n*** If you believe this error represents a bug, please attach the result bundle at /Users/faz/Library/Developer/Xcode/DerivedData/WebDriverAgent-aiaejbhejflmruhkhsmeebmhbaia/Logs/Test/Test-WebDriverAgentRunner-2019.12.25_14-31-52-+0800.xcresult\n2019-12-25 14:31:53.314 xcodebuild[4659:103084] [MT] IDETestOperationsObserverDebug: 0.194 elapsed -- Testing started completed.\n2019-12-25 14:31:53.314 xcodebuild[4659:103084] [MT] IDETestOperationsObserverDebug: 0.000 sec, +0.000 sec -- start\n2019-12-25 14:31:53.314 xcodebuild[4659:103084] [MT] IDETestOperationsObserverDebug: 0.194 sec, +0.194 sec -- end\n2019-12-25 14:31:53.315 xcodebuild[4659:103084] Error Domain=NSCocoaErrorDomain Code=260 \&amp;quot;The file \u201CWebDriverAgentRunner-Runner.app\u201D couldn\u2019t be opened because there is no such file.\&amp;quot; UserInfo={NSFilePath=/Users/faz/Library/Developer/Xcode/DerivedData/WebDriverAgent-aiaejbhejflmruhkhsmeebmhbaia/Build/Products/Debug-iphoneos/WebDriverAgentRunner-Runner.app, NSUnderlyingError=0x7fd5d83cc4f0 {Error Domain=NSPOSIXErrorDomain Code=2 \&amp;quot;No such file or directory\&amp;quot;}}\nTest session results, code coverage, and logs:\n\t/Users/faz/Library/Developer/Xcode/DerivedData/WebDriverAgent-aiaejbhejflmruhkhsmeebmhbaia/Logs/Test/Test-WebDriverAgentRunner-2019.12.25_14-31-52-+0800.xcresult\nTesting failed:\n\tSigning for \&amp;quot;WebDriverAgentRunner\&amp;quot; requires a development team. Select a development team in the Signing &amp;amp; Capabilities editor.\n\tWebDriverAgentRunner:\n\t\tWebDriverAgentRunner-Runner.app encountered an error (Failed to install or launch the test runner. (Underlying error: The file \u201CWebDriverAgentRunner-Runner.app\u201D couldn\u2019t be opened because there is no such file. The file doesn\u2019t exist. (Underlying error: The operation couldn\u2019t be completed. No such file or directory)))\n** TEST EXECUTE FAILED **\nTesting started on &amp;apos;\u70DF\u96FE\u5F39&amp;apos;. Make sure you follow the tutorial at https://github.com/appium/appium-xcuitest-driver/blob/master/docs/real-device-config.md. Try to remove the WebDriverAgentRunner application from the device if it is installed and reboot the device.\nBuild info: version: &amp;apos;3.141.59&amp;apos;, revision: &amp;apos;e82be7d358&amp;apos;, time: &amp;apos;2018-11-14T08:25:53&amp;apos;\nSystem info: host: &amp;apos;FazAiZhongdeMacBook-Pro.local&amp;apos;, ip: &amp;apos;192.168.2.28&amp;apos;, os.name: &amp;apos;Mac OS X&amp;apos;, os.arch: &amp;apos;x86_64&amp;apos;, os.version: &amp;apos;10.14.6&amp;apos;, java.version: &amp;apos;1.8.0_181&amp;apos;\nDriver info: driver.version: MobileDriverFactory$startMobileDriver\nremote stacktrace: UnknownError: An unknown server-side error occurred while processing the command. Original error: Unable to launch WebDriverAgent because of xcodebuild failure: xcodebuild failed with code 65\nxcodebuild error message:\n\n2019-12-25 14:31:53.108 xcodebuild[4659:103088] Error writing xctestrun file: Error Domain=NSCocoaErrorDomain Code=4 \&amp;quot;The folder \u201CWebDriverAgentRunner_iphoneos13.2-arm64.xctestrun\u201D doesn\u2019t exist.\&amp;quot; UserInfo={NSFilePath=/Users/faz/Library/Developer/Xcode/DerivedData/WebDriverAgent-aiaejbhejflmruhkhsmeebmhbaia/Build/Products/WebDriverAgentRunner_iphoneos13.2-arm64.xctestrun, NSUserStringVariant=Folder, NSUnderlyingError=0x7fd5d7f9a240 {Error Domain=NSPOSIXErrorDomain Code=2 \&amp;quot;No such file or directory\&amp;quot;}}\n** TEST BUILD FAILED **\n2019-12-25 14:31:53.128 xcodebuild[4659:103125]  IDETestOperationsObserverDebug: Writing diagnostic log for test session to:\n/Users/faz/Library/Developer/Xcode/DerivedData/WebDriverAgent-aiaejbhejflmruhkhsmeebmhbaia/Logs/Test/Test-WebDriverAgentRunner-2019.12.25_14-31-52-+0800.xcresult/Staging/2_Test/Diagnostics/WebDriverAgentRunner-37051753-B29D-43BE-884E-415D04CD18FD/WebDriverAgentRunner-E3A5BCF5-C595-4503-B967-B61B2156FC3E/Session-WebDriverAgentRunner-2019-12-25_143153-lXVkYc.log\n2019-12-25 14:31:53.129 xcodebuild[4659:103084] [MT] IDETestOperationsObserverDebug: (177FB0AC-6657-4152-8242-7BBA2904A8B5) Beginning test session WebDriverAgentRunner-177FB0AC-6657-4152-8242-7BBA2904A8B5 at 2019-12-25 14:31:53.129 with Xcode 11C29 on target \uD83D\uDCF1&amp;lt;DVTiOSDevice (0x7fd5d82ee4b0), \u70DF\u96FE\u5F39, iPhone, 13.2.2 (17B102), e6d787265ef659f59b738dbf66bcbf75a4ec54a1&amp;gt; {\n\t\tdeviceSerialNumber:         DNPQTPW4GRY7\n\t\tidentifier:                 e6d787265ef659f59b738dbf66bcbf75a4ec54a1\n\t\tdeviceClass:                iPhone\n\t\tdeviceName:                 \u70DF\u96FE\u5F39\n\t\tdeviceIdentifier:           e6d787265ef659f59b738dbf66bcbf75a4ec54a1\n\t\tproductVersion:             13.2.2\n\t\tbuildVersion:               17B102\n\t\tdeviceSoftwareVersion:      13.2.2 (17B102)\n\t\tdeviceArchitecture:         arm64\n\t\tdeviceTotalCapacity:        122728800256\n\t\tdeviceAvailableCapacity:    97949020160\n\t\tdeviceIsTransient:          NO\n\t\tignored:                    NO\n\t\tdeviceIsBusy:               NO\n\t\tdeviceIsPaired:             YES\n\t\tdeviceIsActivated:          YES\n\t\tdeviceActivationState:      Activated\n\t\tisPasscodeLocked:           NO\n\t\tdeviceType:                 &amp;lt;DVTDeviceType:0x7fd5d8011720 Xcode.DeviceType.iPhone&amp;gt;\n\t\tsupportedDeviceFamilies:    (\n    1\n)\n\t\tapplications:              (null)\n\t\tprovisioningProfiles:      (null)\n\t\thasInternalSupport:        NO\n\t\thasWritableSystem:         NO\n\t\tisSupportedOS:             YES\n\t\tbootArgs:                  (null)\n\t\tnextBootArgs:              (null)\n\t\tconnected:                 YES\n\t\tisWirelessEnabled:         NO\n\t\tconnectionType:            direct\n\t\thostname:                  yanwudan.local.\n\t\tbonjourServiceName:        1c:5c:f2:b1:d0:2e@fe80::1e5c:f2ff:feb1:d02e._apple-mobdev2._tcp.local.\n\t\tactiveProxiedDevice:       (null)\n\t\t} (13.2.2 (17B102))\n2019-12-25 14:31:53.294 xcodebuild[4659:103084] [MT] IDETestOperationsObserverDebug: (177FB0AC-6657-4152-8242-7BBA2904A8B5) Finished requesting crash reports. Continuing with testing.\n*** If you believe this error represents a bug, please attach the result bundle at /Users/faz/Library/Developer/Xcode/DerivedData/WebDriverAgent-aiaejbhejflmruhkhsmeebmhbaia/Logs/Test/Test-WebDriverAgentRunner-2019.12.25_14-31-52-+0800.xcresult\n2019-12-25 14:31:53.314 xcodebuild[4659:103084] [MT] IDETestOperationsObserverDebug: 0.194 elapsed -- Testing started completed.\n2019-12-25 14:31:53.314 xcodebuild[4659:103084] [MT] IDETestOperationsObserverDebug: 0.000 sec, +0.000 sec -- start\n2019-12-25 14:31:53.314 xcodebuild[4659:103084] [MT] IDETestOperationsObserverDebug: 0.194 sec, +0.194 sec -- end\n2019-12-25 14:31:53.315 xcodebuild[4659:103084] Error Domain=NSCocoaErrorDomain Code=260 \&amp;quot;The file \u201CWebDriverAgentRunner-Runner.app\u201D couldn\u2019t be opened because there is no such file.\&amp;quot; UserInfo={NSFilePath=/Users/faz/Library/Developer/Xcode/DerivedData/WebDriverAgent-aiaejbhejflmruhkhsmeebmhbaia/Build/Products/Debug-iphoneos/WebDriverAgentRunner-Runner.app, NSUnderlyingError=0x7fd5d83cc4f0 {Error Domain=NSPOSIXErrorDomain Code=2 \&amp;quot;No such file or directory\&amp;quot;}}\nTest session results, code coverage, and logs:\n\t/Users/faz/Library/Developer/Xcode/DerivedData/WebDriverAgent-aiaejbhejflmruhkhsmeebmhbaia/Logs/Test/Test-WebDriverAgentRunner-2019.12.25_14-31-52-+0800.xcresult\nTesting failed:\n\tSigning for \&amp;quot;WebDriverAgentRunner\&amp;quot; requires a development team. Select a development team in the Signing &amp;amp; Capabilities editor.\n\tWebDriverAgentRunner:\n\t\tWebDriverAgentRunner-Runner.app encountered an error (Failed to install or launch the test runner. (Underlying error: The file \u201CWebDriverAgentRunner-Runner.app\u201D couldn\u2019t be opened because there is no such file. The file doesn\u2019t exist. (Underlying error: The operation couldn\u2019t be completed. No such file or directory)))\n** TEST EXECUTE FAILED **\nTesting started on &amp;apos;\u70DF\u96FE\u5F39&amp;apos;. Make sure you follow the tutorial at https://github.com/appium/appium-xcuitest-driver/blob/master/docs/real-device-config.md. Try to remove the WebDriverAgentRunner application from the device if it is installed and reboot the device.\n    at getResponseForW3CError (/usr/local/lib/node_modules/appium/node_modules/appium-base-driver/lib/protocol/errors.js:804:9)\n    at asyncHandler (/usr/local/lib/node_modules/appium/node_modules/appium-base-driver/lib/protocol/protocol.js:388:37)\n\tat org.openqa.selenium.remote.W3CHandshakeResponse.lambda$errorHandler$0(W3CHandshakeResponse.java:62)\n\tat org.openqa.selenium.remote.HandshakeResponse.lambda$getResponseFunction$0(HandshakeResponse.java:30)\n\tat org.openqa.selenium.remote.ProtocolHandshake.lambda$createSession$0(ProtocolHandshake.java:126)\n\tat org.openqa.selenium.remote.ProtocolHandshake.createSession(ProtocolHandshake.java:128)\n\t... 39 more\n)\n\tat com.kms.katalon.core.keyword.internal.KeywordMain.stepFailed(KeywordMain.groovy:50)\n\tat com.kms.katalon.core.mobile.keyword.internal.MobileKeywordMain.stepFailed(MobileKeywordMain.groovy:40)\n\tat com.kms.katalon.core.mobile.keyword.internal.MobileKeywordMain.runKeyword(MobileKeywordMain.groovy:23)\n\tat com.kms.katalon.core.mobile.keyword.internal.MobileKeywordMain$runKeyword.call(Unknown Source)\n\tat com.kms.katalon.core.mobile.keyword.builtin.StartExistingApplicationKeyword.startApplication(StartExistingApplicationKeyword.groovy:43)\n\tat com.kms.katalon.core.mobile.keyword.builtin.StartExistingApplicationKeyword.execute(StartExistingApplicationKeyword.groovy:34)\n\tat com.kms.katalon.core.keyword.internal.KeywordExecutor.executeKeywordForPlatform(KeywordExecutor.groovy:72)\n\tat com.kms.katalon.core.mobile.keyword.MobileBuiltInKeywords.startExistingApplication(MobileBuiltInKeywords.groovy:89)\n\tat com.kms.katalon.core.mobile.keyword.MobileBuiltInKeywords$startExistingApplication.call(Unknown Source)\n\tat choose_puning.run(choose_puning:17)\n\tat com.kms.katalon.core.main.ScriptEngine.run(ScriptEngine.java:194)\n\tat com.kms.katalon.core.main.ScriptEngine.runScriptAsRawText(ScriptEngine.java:119)\n\tat com.kms.katalon.core.main.TestCaseExecutor.runScript(TestCaseExecutor.java:337)\n\tat com.kms.katalon.core.main.TestCaseExecutor.doExecute(TestCaseExecutor.java:328)\n\tat com.kms.katalon.core.main.TestCaseExecutor.processExecutionPhase(TestCaseExecutor.java:307)\n\tat com.kms.katalon.core.main.TestCaseExecutor.accessMainPhase(TestCaseExecutor.java:299)\n\tat com.kms.katalon.core.main.TestCaseExecutor.execute(TestCaseExecutor.java:233)\n\tat com.kms.katalon.core.main.TestSuiteExecutor.accessTestCaseMainPhase(TestSuiteExecutor.java:169)\n\tat com.kms.katalon.core.main.TestSuiteExecutor.accessTestSuiteMainPhase(TestSuiteExecutor.java:142)\n\tat com.kms.katalon.core.main.TestSuiteExecutor.execute(TestSuiteExecutor.java:91)\n\tat com.kms.katalon.core.main.TestCaseMain.startTestSuite(TestCaseMain.java:157)\n\tat com.kms.katalon.core.main.TestCaseMain$startTestSuite$0.call(Unknown Source)\n\tat TempTestSuite1577255479796.run(TempTestSuite1577255479796.groovy:36)\nCaused by: org.openqa.selenium.SessionNotCreatedException: Unable to create a new remote session. Please check the server log for more details. Original error: An unknown server-side error occurred while processing the command. Original error: Unable to launch WebDriverAgent because of xcodebuild failure: xcodebuild failed with code 65\nxcodebuild error message:\n\n2019-12-25 14:31:53.108 xcodebuild[4659:103088] Error writing xctestrun file: Error Domain=NSCocoaErrorDomain Code=4 \&amp;quot;The folder \u201CWebDriverAgentRunner_iphoneos13.2-arm64.xctestrun\u201D doesn\u2019t exist.\&amp;quot; UserInfo={NSFilePath=/Users/faz/Library/Developer/Xcode/DerivedData/WebDriverAgent-aiaejbhejflmruhkhsmeebmhbaia/Build/Products/WebDriverAgentRunner_iphoneos13.2-arm64.xctestrun, NSUserStringVariant=Folder, NSUnderlyingError=0x7fd5d7f9a240 {Error Domain=NSPOSIXErrorDomain Code=2 \&amp;quot;No such file or directory\&amp;quot;}}\n** TEST BUILD FAILED **\n2019-12-25 14:31:53.128 xcodebuild[4659:103125]  IDETestOperationsObserverDebug: Writing diagnostic log for test session to:\n/Users/faz/Library/Developer/Xcode/DerivedData/WebDriverAgent-aiaejbhejflmruhkhsmeebmhbaia/Logs/Test/Test-WebDriverAgentRunner-2019.12.25_14-31-52-+0800.xcresult/Staging/2_Test/Diagnostics/WebDriverAgentRunner-37051753-B29D-43BE-884E-415D04CD18FD/WebDriverAgentRunner-E3A5BCF5-C595-4503-B967-B61B2156FC3E/Session-WebDriverAgentRunner-2019-12-25_143153-lXVkYc.log\n2019-12-25 14:31:53.129 xcodebuild[4659:103084] [MT] IDETestOperationsObserverDebug: (177FB0AC-6657-4152-8242-7BBA2904A8B5) Beginning test session WebDriverAgentRunner-177FB0AC-6657-4152-8242-7BBA2904A8B5 at 2019-12-25 14:31:53.129 with Xcode 11C29 on target \uD83D\uDCF1&amp;lt;DVTiOSDevice (0x7fd5d82ee4b0), \u70DF\u96FE\u5F39, iPhone, 13.2.2 (17B102), e6d787265ef659f59b738dbf66bcbf75a4ec54a1&amp;gt; {\n\t\tdeviceSerialNumber:         DNPQTPW4GRY7\n\t\tidentifier:                 e6d787265ef659f59b738dbf66bcbf75a4ec54a1\n\t\tdeviceClass:                iPhone\n\t\tdeviceName:                 \u70DF\u96FE\u5F39\n\t\tdeviceIdentifier:           e6d787265ef659f59b738dbf66bcbf75a4ec54a1\n\t\tproductVersion:             13.2.2\n\t\tbuildVersion:               17B102\n\t\tdeviceSoftwareVersion:      13.2.2 (17B102)\n\t\tdeviceArchitecture:         arm64\n\t\tdeviceTotalCapacity:        122728800256\n\t\tdeviceAvailableCapacity:    97949020160\n\t\tdeviceIsTransient:          NO\n\t\tignored:                    NO\n\t\tdeviceIsBusy:               NO\n\t\tdeviceIsPaired:             YES\n\t\tdeviceIsActivated:          YES\n\t\tdeviceActivationState:      Activated\n\t\tisPasscodeLocked:           NO\n\t\tdeviceType:                 &amp;lt;DVTDeviceType:0x7fd5d8011720 Xcode.DeviceType.iPhone&amp;gt;\n\t\tsupportedDeviceFamilies:    (\n    1\n)\n\t\tapplications:              (null)\n\t\tprovisioningProfiles:      (null)\n\t\thasInternalSupport:        NO\n\t\thasWritableSystem:         NO\n\t\tisSupportedOS:             YES\n\t\tbootArgs:                  (null)\n\t\tnextBootArgs:              (null)\n\t\tconnected:                 YES\n\t\tisWirelessEnabled:         NO\n\t\tconnectionType:            direct\n\t\thostname:                  yanwudan.local.\n\t\tbonjourServiceName:        1c:5c:f2:b1:d0:2e@fe80::1e5c:f2ff:feb1:d02e._apple-mobdev2._tcp.local.\n\t\tactiveProxiedDevice:       (null)\n\t\t} (13.2.2 (17B102))\n2019-12-25 14:31:53.294 xcodebuild[4659:103084] [MT] IDETestOperationsObserverDebug: (177FB0AC-6657-4152-8242-7BBA2904A8B5) Finished requesting crash reports. Continuing with testing.\n*** If you believe this error represents a bug, please attach the result bundle at /Users/faz/Library/Developer/Xcode/DerivedData/WebDriverAgent-aiaejbhejflmruhkhsmeebmhbaia/Logs/Test/Test-WebDriverAgentRunner-2019.12.25_14-31-52-+0800.xcresult\n2019-12-25 14:31:53.314 xcodebuild[4659:103084] [MT] IDETestOperationsObserverDebug: 0.194 elapsed -- Testing started completed.\n2019-12-25 14:31:53.314 xcodebuild[4659:103084] [MT] IDETestOperationsObserverDebug: 0.000 sec, +0.000 sec -- start\n2019-12-25 14:31:53.314 xcodebuild[4659:103084] [MT] IDETestOperationsObserverDebug: 0.194 sec, +0.194 sec -- end\n2019-12-25 14:31:53.315 xcodebuild[4659:103084] Error Domain=NSCocoaErrorDomain Code=260 \&amp;quot;The file \u201CWebDriverAgentRunner-Runner.app\u201D couldn\u2019t be opened because there is no such file.\&amp;quot; UserInfo={NSFilePath=/Users/faz/Library/Developer/Xcode/DerivedData/WebDriverAgent-aiaejbhejflmruhkhsmeebmhbaia/Build/Products/Debug-iphoneos/WebDriverAgentRunner-Runner.app, NSUnderlyingError=0x7fd5d83cc4f0 {Error Domain=NSPOSIXErrorDomain Code=2 \&amp;quot;No such file or directory\&amp;quot;}}\nTest session results, code coverage, and logs:\n\t/Users/faz/Library/Developer/Xcode/DerivedData/WebDriverAgent-aiaejbhejflmruhkhsmeebmhbaia/Logs/Test/Test-WebDriverAgentRunner-2019.12.25_14-31-52-+0800.xcresult\nTesting failed:\n\tSigning for \&amp;quot;WebDriverAgentRunner\&amp;quot; requires a development team. Select a development team in the Signing &amp;amp; Capabilities editor.\n\tWebDriverAgentRunner:\n\t\tWebDriverAgentRunner-Runner.app encountered an error (Failed to install or launch the test runner. (Underlying error: The file \u201CWebDriverAgentRunner-Runner.app\u201D couldn\u2019t be opened because there is no such file. The file doesn\u2019t exist. (Underlying error: The operation couldn\u2019t be completed. No such file or directory)))\n** TEST EXECUTE FAILED **\nTesting started on &amp;apos;\u70DF\u96FE\u5F39&amp;apos;. Make sure you follow the tutorial at https://github.com/appium/appium-xcuitest-driver/blob/master/docs/real-device-config.md. Try to remove the WebDriverAgentRunner application from the device if it is installed and reboot the device.\nBuild info: version: &amp;apos;3.141.59&amp;apos;, revision: &amp;apos;e82be7d358&amp;apos;, time: &amp;apos;2018-11-14T08:25:53&amp;apos;\nSystem info: host: &amp;apos;FazAiZhongdeMacBook-Pro.local&amp;apos;, ip: &amp;apos;192.168.2.28&amp;apos;, os.name: &amp;apos;Mac OS X&amp;apos;, os.arch: &amp;apos;x86_64&amp;apos;, os.version: &amp;apos;10.14.6&amp;apos;, java.version: &amp;apos;1.8.0_181&amp;apos;\nDriver info: driver.version: MobileDriverFactory$startMobileDriver\nremote stacktrace: UnknownError: An unknown server-side error occurred while processing the command. Original error: Unable to launch WebDriverAgent because of xcodebuild failure: xcodebuild failed with code 65\nxcodebuild error message:\n\n2019-12-25 14:31:53.108 xcodebuild[4659:103088] Error writing xctestrun file: Error Domain=NSCocoaErrorDomain Code=4 \&amp;quot;The folder \u201CWebDriverAgentRunner_iphoneos13.2-arm64.xctestrun\u201D doesn\u2019t exist.\&amp;quot; UserInfo={NSFilePath=/Users/faz/Library/Developer/Xcode/DerivedData/WebDriverAgent-aiaejbhejflmruhkhsmeebmhbaia/Build/Products/WebDriverAgentRunner_iphoneos13.2-arm64.xctestrun, NSUserStringVariant=Folder, NSUnderlyingError=0x7fd5d7f9a240 {Error Domain=NSPOSIXErrorDomain Code=2 \&amp;quot;No such file or directory\&amp;quot;}}\n** TEST BUILD FAILED **\n2019-12-25 14:31:53.128 xcodebuild[4659:103125]  IDETestOperationsObserverDebug: Writing diagnostic log for test session to:\n/Users/faz/Library/Developer/Xcode/DerivedData/WebDriverAgent-aiaejbhejflmruhkhsmeebmhbaia/Logs/Test/Test-WebDriverAgentRunner-2019.12.25_14-31-52-+0800.xcresult/Staging/2_Test/Diagnostics/WebDriverAgentRunner-37051753-B29D-43BE-884E-415D04CD18FD/WebDriverAgentRunner-E3A5BCF5-C595-4503-B967-B61B2156FC3E/Session-WebDriverAgentRunner-2019-12-25_143153-lXVkYc.log\n2019-12-25 14:31:53.129 xcodebuild[4659:103084] [MT] IDETestOperationsObserverDebug: (177FB0AC-6657-4152-8242-7BBA2904A8B5) Beginning test session WebDriverAgentRunner-177FB0AC-6657-4152-8242-7BBA2904A8B5 at 2019-12-25 14:31:53.129 with Xcode 11C29 on target \uD83D\uDCF1&amp;lt;DVTiOSDevice (0x7fd5d82ee4b0), \u70DF\u96FE\u5F39, iPhone, 13.2.2 (17B102), e6d787265ef659f59b738dbf66bcbf75a4ec54a1&amp;gt; {\n\t\tdeviceSerialNumber:         DNPQTPW4GRY7\n\t\tidentifier:                 e6d787265ef659f59b738dbf66bcbf75a4ec54a1\n\t\tdeviceClass:                iPhone\n\t\tdeviceName:                 \u70DF\u96FE\u5F39\n\t\tdeviceIdentifier:           e6d787265ef659f59b738dbf66bcbf75a4ec54a1\n\t\tproductVersion:             13.2.2\n\t\tbuildVersion:               17B102\n\t\tdeviceSoftwareVersion:      13.2.2 (17B102)\n\t\tdeviceArchitecture:         arm64\n\t\tdeviceTotalCapacity:        122728800256\n\t\tdeviceAvailableCapacity:    97949020160\n\t\tdeviceIsTransient:          NO\n\t\tignored:                    NO\n\t\tdeviceIsBusy:               NO\n\t\tdeviceIsPaired:             YES\n\t\tdeviceIsActivated:          YES\n\t\tdeviceActivationState:      Activated\n\t\tisPasscodeLocked:           NO\n\t\tdeviceType:                 &amp;lt;DVTDeviceType:0x7fd5d8011720 Xcode.DeviceType.iPhone&amp;gt;\n\t\tsupportedDeviceFamilies:    (\n    1\n)\n\t\tapplications:              (null)\n\t\tprovisioningProfiles:      (null)\n\t\thasInternalSupport:        NO\n\t\thasWritableSystem:         NO\n\t\tisSupportedOS:             YES\n\t\tbootArgs:                  (null)\n\t\tnextBootArgs:              (null)\n\t\tconnected:                 YES\n\t\tisWirelessEnabled:         NO\n\t\tconnectionType:            direct\n\t\thostname:                  yanwudan.local.\n\t\tbonjourServiceName:        1c:5c:f2:b1:d0:2e@fe80::1e5c:f2ff:feb1:d02e._apple-mobdev2._tcp.local.\n\t\tactiveProxiedDevice:       (null)\n\t\t} (13.2.2 (17B102))\n2019-12-25 14:31:53.294 xcodebuild[4659:103084] [MT] IDETestOperationsObserverDebug: (177FB0AC-6657-4152-8242-7BBA2904A8B5) Finished requesting crash reports. Continuing with testing.\n*** If you believe this error represents a bug, please attach the result bundle at /Users/faz/Library/Developer/Xcode/DerivedData/WebDriverAgent-aiaejbhejflmruhkhsmeebmhbaia/Logs/Test/Test-WebDriverAgentRunner-2019.12.25_14-31-52-+0800.xcresult\n2019-12-25 14:31:53.314 xcodebuild[4659:103084] [MT] IDETestOperationsObserverDebug: 0.194 elapsed -- Testing started completed.\n2019-12-25 14:31:53.314 xcodebuild[4659:103084] [MT] IDETestOperationsObserverDebug: 0.000 sec, +0.000 sec -- start\n2019-12-25 14:31:53.314 xcodebuild[4659:103084] [MT] IDETestOperationsObserverDebug: 0.194 sec, +0.194 sec -- end\n2019-12-25 14:31:53.315 xcodebuild[4659:103084] Error Domain=NSCocoaErrorDomain Code=260 \&amp;quot;The file \u201CWebDriverAgentRunner-Runner.app\u201D couldn\u2019t be opened because there is no such file.\&amp;quot; UserInfo={NSFilePath=/Users/faz/Library/Developer/Xcode/DerivedData/WebDriverAgent-aiaejbhejflmruhkhsmeebmhbaia/Build/Products/Debug-iphoneos/WebDriverAgentRunner-Runner.app, NSUnderlyingError=0x7fd5d83cc4f0 {Error Domain=NSPOSIXErrorDomain Code=2 \&amp;quot;No such file or directory\&amp;quot;}}\nTest session results, code coverage, and logs:\n\t/Users/faz/Library/Developer/Xcode/DerivedData/WebDriverAgent-aiaejbhejflmruhkhsmeebmhbaia/Logs/Test/Test-WebDriverAgentRunner-2019.12.25_14-31-52-+0800.xcresult\nTesting failed:\n\tSigning for \&amp;quot;WebDriverAgentRunner\&amp;quot; requires a development team. Select a development team in the Signing &amp;amp; Capabilities editor.\n\tWebDriverAgentRunner:\n\t\tWebDriverAgentRunner-Runner.app encountered an error (Failed to install or launch the test runner. (Underlying error: The file \u201CWebDriverAgentRunner-Runner.app\u201D couldn\u2019t be opened because there is no such file. The file doesn\u2019t exist. (Underlying error: The operation couldn\u2019t be completed. No such file or directory)))\n** TEST EXECUTE FAILED **\nTesting started on &amp;apos;\u70DF\u96FE\u5F39&amp;apos;. Make sure you follow the tutorial at https://github.com/appium/appium-xcuitest-driver/blob/master/docs/real-device-config.md. Try to remove the WebDriverAgentRunner application from the device if it is installed and reboot the device.\n    at getResponseForW3CError (/usr/local/lib/node_modules/appium/node_modules/appium-base-driver/lib/protocol/errors.js:804:9)\n    at asyncHandler (/usr/local/lib/node_modules/appium/node_modules/appium-base-driver/lib/protocol/protocol.js:388:37)\nBuild info: version: &amp;apos;3.141.59&amp;apos;, revision: &amp;apos;e82be7d358&amp;apos;, time: &amp;apos;2018-11-14T08:25:53&amp;apos;\nSystem info: host: &amp;apos;FazAiZhongdeMacBook-Pro.local&amp;apos;, ip: &amp;apos;192.168.2.28&amp;apos;, os.name: &amp;apos;Mac OS X&amp;apos;, os.arch: &amp;apos;x86_64&amp;apos;, os.version: &amp;apos;10.14.6&amp;apos;, java.version: &amp;apos;1.8.0_181&amp;apos;\nDriver info: driver.version: MobileDriverFactory$startMobileDriver\n\tat io.appium.java_client.remote.AppiumCommandExecutor$1.createSession(AppiumCommandExecutor.java:208)\n\tat io.appium.java_client.remote.AppiumCommandExecutor.createSession(AppiumCommandExecutor.java:217)\n\tat io.appium.java_client.remote.AppiumCommandExecutor.execute(AppiumCommandExecutor.java:239)\n\tat org.openqa.selenium.remote.RemoteWebDriver.execute(RemoteWebDriver.java:552)\n\tat io.appium.java_client.DefaultGenericMobileDriver.execute(DefaultGenericMobileDriver.java:42)\n\tat io.appium.java_client.AppiumDriver.execute(AppiumDriver.java:1)\n\tat io.appium.java_client.ios.IOSDriver.execute(IOSDriver.java:1)\n\tat org.openqa.selenium.remote.RemoteWebDriver.startSession(RemoteWebDriver.java:213)\n\tat org.openqa.selenium.remote.RemoteWebDriver.&amp;lt;init&amp;gt;(RemoteWebDriver.java:131)\n\tat io.appium.java_client.DefaultGenericMobileDriver.&amp;lt;init&amp;gt;(DefaultGenericMobileDriver.java:38)\n\tat io.appium.java_client.AppiumDriver.&amp;lt;init&amp;gt;(AppiumDriver.java:84)\n\tat io.appium.java_client.ios.IOSDriver.&amp;lt;init&amp;gt;(IOSDriver.java:85)\n\tat com.kms.katalon.core.appium.driver.AppiumDriverManager.createMobileDriver(AppiumDriverManager.java:495)\n\tat com.kms.katalon.core.appium.driver.AppiumDriverManager.createMobileDriver(AppiumDriverManager.java:479)\n\tat com.kms.katalon.core.mobile.keyword.internal.MobileDriverFactory.startMobileDriver(MobileDriverFactory.java:339)\n\tat com.kms.katalon.core.mobile.keyword.internal.MobileDriverFactory$startMobileDriver.call(Unknown Source)\n\tat com.kms.katalon.core.mobile.keyword.builtin.StartExistingApplicationKeyword$_startApplication_closure1.doCall(StartExistingApplicationKeyword.groovy:40)\n\tat com.kms.katalon.core.mobile.keyword.builtin.StartExistingApplicationKeyword$_startApplication_closure1.doCall(StartExistingApplicationKeyword.groovy)\n\tat com.kms.katalon.core.mobile.keyword.internal.MobileKeywordMain.runKeyword(MobileKeywordMain.groovy:21)\n\t... 20 more\nCaused by: java.lang.reflect.InvocationTargetException\n\tat io.appium.java_client.remote.AppiumCommandExecutor$1.createSession(AppiumCommandExecutor.java:186)\n\tat io.appium.java_client.remote.AppiumCommandExecutor.createSession(AppiumCommandExecutor.java:217)\n\tat io.appium.java_client.remote.AppiumCommandExecutor.execute(AppiumCommandExecutor.java:239)\n\tat org.openqa.selenium.remote.RemoteWebDriver.execute(RemoteWebDriver.java:552)\n\tat io.appium.java_client.DefaultGenericMobileDriver.execute(DefaultGenericMobileDriver.java:42)\n\tat io.appium.java_client.AppiumDriver.execute(AppiumDriver.java:1)\n\tat io.appium.java_client.ios.IOSDriver.execute(IOSDriver.java:1)\n\tat org.openqa.selenium.remote.RemoteWebDriver.startSession(RemoteWebDriver.java:213)\n\tat org.openqa.selenium.remote.RemoteWebDriver.&amp;lt;init&amp;gt;(RemoteWebDriver.java:131)\n\tat io.appium.java_client.DefaultGenericMobileDriver.&amp;lt;init&amp;gt;(DefaultGenericMobileDriver.java:38)\n\tat io.appium.java_client.AppiumDriver.&amp;lt;init&amp;gt;(AppiumDriver.java:84)\n\tat io.appium.java_client.ios.IOSDriver.&amp;lt;init&amp;gt;(IOSDriver.java:85)\n\tat com.kms.katalon.core.appium.driver.AppiumDriverManager.createMobileDriver(AppiumDriverManager.java:495)\n\tat com.kms.katalon.core.appium.driver.AppiumDriverManager.createMobileDriver(AppiumDriverManager.java:479)\n\tat com.kms.katalon.core.mobile.keyword.internal.MobileDriverFactory.startMobileDriver(MobileDriverFactory.java:339)\n\tat com.kms.katalon.core.mobile.keyword.internal.MobileDriverFactory$startMobileDriver.call(Unknown Source)\n\tat com.kms.katalon.core.mobile.keyword.builtin.StartExistingApplicationKeyword$_startApplication_closure1.doCall(StartExistingApplicationKeyword.groovy:40)\n\tat com.kms.katalon.core.mobile.keyword.builtin.StartExistingApplicationKeyword$_startApplication_closure1.doCall(StartExistingApplicationKeyword.groovy)\n\tat com.kms.katalon.core.mobile.keyword.internal.MobileKeywordMain.runKeyword(MobileKeywordMain.groovy:21)\n\tat com.kms.katalon.core.mobile.keyword.internal.MobileKeywordMain$runKeyword.call(Unknown Source)\n\tat com.kms.katalon.core.mobile.keyword.builtin.StartExistingApplicationKeyword.startApplication(StartExistingApplicationKeyword.groovy:43)\n\tat com.kms.katalon.core.mobile.keyword.builtin.StartExistingApplicationKeyword.execute(StartExistingApplicationKeyword.groovy:34)\n\tat com.kms.katalon.core.keyword.internal.KeywordExecutor.executeKeywordForPlatform(KeywordExecutor.groovy:72)\n\tat com.kms.katalon.core.mobile.keyword.MobileBuiltInKeywords.startExistingApplication(MobileBuiltInKeywords.groovy:89)\n\tat com.kms.katalon.core.mobile.keyword.MobileBuiltInKeywords$startExistingApplication.call(Unknown Source)\n\tat Script1575874101227.run(Script1575874101227.groovy:17)\n\t... 13 more\nCaused by: org.openqa.selenium.WebDriverException: An unknown server-side error occurred while processing the command. Original error: Unable to launch WebDriverAgent because of xcodebuild failure: xcodebuild failed with code 65\nxcodebuild error message:\n\n2019-12-25 14:31:53.108 xcodebuild[4659:103088] Error writing xctestrun file: Error Domain=NSCocoaErrorDomain Code=4 \&amp;quot;The folder \u201CWebDriverAgentRunner_iphoneos13.2-arm64.xctestrun\u201D doesn\u2019t exist.\&amp;quot; UserInfo={NSFilePath=/Users/faz/Library/Developer/Xcode/DerivedData/WebDriverAgent-aiaejbhejflmruhkhsmeebmhbaia/Build/Products/WebDriverAgentRunner_iphoneos13.2-arm64.xctestrun, NSUserStringVariant=Folder, NSUnderlyingError=0x7fd5d7f9a240 {Error Domain=NSPOSIXErrorDomain Code=2 \&amp;quot;No such file or directory\&amp;quot;}}\n** TEST BUILD FAILED **\n2019-12-25 14:31:53.128 xcodebuild[4659:103125]  IDETestOperationsObserverDebug: Writing diagnostic log for test session to:\n/Users/faz/Library/Developer/Xcode/DerivedData/WebDriverAgent-aiaejbhejflmruhkhsmeebmhbaia/Logs/Test/Test-WebDriverAgentRunner-2019.12.25_14-31-52-+0800.xcresult/Staging/2_Test/Diagnostics/WebDriverAgentRunner-37051753-B29D-43BE-884E-415D04CD18FD/WebDriverAgentRunner-E3A5BCF5-C595-4503-B967-B61B2156FC3E/Session-WebDriverAgentRunner-2019-12-25_143153-lXVkYc.log\n2019-12-25 14:31:53.129 xcodebuild[4659:103084] [MT] IDETestOperationsObserverDebug: (177FB0AC-6657-4152-8242-7BBA2904A8B5) Beginning test session WebDriverAgentRunner-177FB0AC-6657-4152-8242-7BBA2904A8B5 at 2019-12-25 14:31:53.129 with Xcode 11C29 on target \uD83D\uDCF1&amp;lt;DVTiOSDevice (0x7fd5d82ee4b0), \u70DF\u96FE\u5F39, iPhone, 13.2.2 (17B102), e6d787265ef659f59b738dbf66bcbf75a4ec54a1&amp;gt; {\n\t\tdeviceSerialNumber:         DNPQTPW4GRY7\n\t\tidentifier:                 e6d787265ef659f59b738dbf66bcbf75a4ec54a1\n\t\tdeviceClass:                iPhone\n\t\tdeviceName:                 \u70DF\u96FE\u5F39\n\t\tdeviceIdentifier:           e6d787265ef659f59b738dbf66bcbf75a4ec54a1\n\t\tproductVersion:             13.2.2\n\t\tbuildVersion:               17B102\n\t\tdeviceSoftwareVersion:      13.2.2 (17B102)\n\t\tdeviceArchitecture:         arm64\n\t\tdeviceTotalCapacity:        122728800256\n\t\tdeviceAvailableCapacity:    97949020160\n\t\tdeviceIsTransient:          NO\n\t\tignored:                    NO\n\t\tdeviceIsBusy:               NO\n\t\tdeviceIsPaired:             YES\n\t\tdeviceIsActivated:          YES\n\t\tdeviceActivationState:      Activated\n\t\tisPasscodeLocked:           NO\n\t\tdeviceType:                 &amp;lt;DVTDeviceType:0x7fd5d8011720 Xcode.DeviceType.iPhone&amp;gt;\n\t\tsupportedDeviceFamilies:    (\n    1\n)\n\t\tapplications:              (null)\n\t\tprovisioningProfiles:      (null)\n\t\thasInternalSupport:        NO\n\t\thasWritableSystem:         NO\n\t\tisSupportedOS:             YES\n\t\tbootArgs:                  (null)\n\t\tnextBootArgs:              (null)\n\t\tconnected:                 YES\n\t\tisWirelessEnabled:         NO\n\t\tconnectionType:            direct\n\t\thostname:                  yanwudan.local.\n\t\tbonjourServiceName:        1c:5c:f2:b1:d0:2e@fe80::1e5c:f2ff:feb1:d02e._apple-mobdev2._tcp.local.\n\t\tactiveProxiedDevice:       (null)\n\t\t} (13.2.2 (17B102))\n2019-12-25 14:31:53.294 xcodebuild[4659:103084] [MT] IDETestOperationsObserverDebug: (177FB0AC-6657-4152-8242-7BBA2904A8B5) Finished requesting crash reports. Continuing with testing.\n*** If you believe this error represents a bug, please attach the result bundle at /Users/faz/Library/Developer/Xcode/DerivedData/WebDriverAgent-aiaejbhejflmruhkhsmeebmhbaia/Logs/Test/Test-WebDriverAgentRunner-2019.12.25_14-31-52-+0800.xcresult\n2019-12-25 14:31:53.314 xcodebuild[4659:103084] [MT] IDETestOperationsObserverDebug: 0.194 elapsed -- Testing started completed.\n2019-12-25 14:31:53.314 xcodebuild[4659:103084] [MT] IDETestOperationsObserverDebug: 0.000 sec, +0.000 sec -- start\n2019-12-25 14:31:53.314 xcodebuild[4659:103084] [MT] IDETestOperationsObserverDebug: 0.194 sec, +0.194 sec -- end\n2019-12-25 14:31:53.315 xcodebuild[4659:103084] Error Domain=NSCocoaErrorDomain Code=260 \&amp;quot;The file \u201CWebDriverAgentRunner-Runner.app\u201D couldn\u2019t be opened because there is no such file.\&amp;quot; UserInfo={NSFilePath=/Users/faz/Library/Developer/Xcode/DerivedData/WebDriverAgent-aiaejbhejflmruhkhsmeebmhbaia/Build/Products/Debug-iphoneos/WebDriverAgentRunner-Runner.app, NSUnderlyingError=0x7fd5d83cc4f0 {Error Domain=NSPOSIXErrorDomain Code=2 \&amp;quot;No such file or directory\&amp;quot;}}\nTest session results, code coverage, and logs:\n\t/Users/faz/Library/Developer/Xcode/DerivedData/WebDriverAgent-aiaejbhejflmruhkhsmeebmhbaia/Logs/Test/Test-WebDriverAgentRunner-2019.12.25_14-31-52-+0800.xcresult\nTesting failed:\n\tSigning for \&amp;quot;WebDriverAgentRunner\&amp;quot; requires a development team. Select a development team in the Signing &amp;amp; Capabilities editor.\n\tWebDriverAgentRunner:\n\t\tWebDriverAgentRunner-Runner.app encountered an error (Failed to install or launch the test runner. (Underlying error: The file \u201CWebDriverAgentRunner-Runner.app\u201D couldn\u2019t be opened because there is no such file. The file doesn\u2019t exist. (Underlying error: The operation couldn\u2019t be completed. No such file or directory)))\n** TEST EXECUTE FAILED **\nTesting started on &amp;apos;\u70DF\u96FE\u5F39&amp;apos;. Make sure you follow the tutorial at https://github.com/appium/appium-xcuitest-driver/blob/master/docs/real-device-config.md. Try to remove the WebDriverAgentRunner application from the device if it is installed and reboot the device.\nBuild info: version: &amp;apos;3.141.59&amp;apos;, revision: &amp;apos;e82be7d358&amp;apos;, time: &amp;apos;2018-11-14T08:25:53&amp;apos;\nSystem info: host: &amp;apos;FazAiZhongdeMacBook-Pro.local&amp;apos;, ip: &amp;apos;192.168.2.28&amp;apos;, os.name: &amp;apos;Mac OS X&amp;apos;, os.arch: &amp;apos;x86_64&amp;apos;, os.version: &amp;apos;10.14.6&amp;apos;, java.version: &amp;apos;1.8.0_181&amp;apos;\nDriver info: driver.version: MobileDriverFactory$startMobileDriver\nremote stacktrace: UnknownError: An unknown server-side error occurred while processing the command. Original error: Unable to launch WebDriverAgent because of xcodebuild failure: xcodebuild failed with code 65\nxcodebuild error message:\n\n2019-12-25 14:31:53.108 xcodebuild[4659:103088] Error writing xctestrun file: Error Domain=NSCocoaErrorDomain Code=4 \&amp;quot;The folder \u201CWebDriverAgentRunner_iphoneos13.2-arm64.xctestrun\u201D doesn\u2019t exist.\&amp;quot; UserInfo={NSFilePath=/Users/faz/Library/Developer/Xcode/DerivedData/WebDriverAgent-aiaejbhejflmruhkhsmeebmhbaia/Build/Products/WebDriverAgentRunner_iphoneos13.2-arm64.xctestrun, NSUserStringVariant=Folder, NSUnderlyingError=0x7fd5d7f9a240 {Error Domain=NSPOSIXErrorDomain Code=2 \&amp;quot;No such file or directory\&amp;quot;}}\n** TEST BUILD FAILED **\n2019-12-25 14:31:53.128 xcodebuild[4659:103125]  IDETestOperationsObserverDebug: Writing diagnostic log for test session to:\n/Users/faz/Library/Developer/Xcode/DerivedData/WebDriverAgent-aiaejbhejflmruhkhsmeebmhbaia/Logs/Test/Test-WebDriverAgentRunner-2019.12.25_14-31-52-+0800.xcresult/Staging/2_Test/Diagnostics/WebDriverAgentRunner-37051753-B29D-43BE-884E-415D04CD18FD/WebDriverAgentRunner-E3A5BCF5-C595-4503-B967-B61B2156FC3E/Session-WebDriverAgentRunner-2019-12-25_143153-lXVkYc.log\n2019-12-25 14:31:53.129 xcodebuild[4659:103084] [MT] IDETestOperationsObserverDebug: (177FB0AC-6657-4152-8242-7BBA2904A8B5) Beginning test session WebDriverAgentRunner-177FB0AC-6657-4152-8242-7BBA2904A8B5 at 2019-12-25 14:31:53.129 with Xcode 11C29 on target \uD83D\uDCF1&amp;lt;DVTiOSDevice (0x7fd5d82ee4b0), \u70DF\u96FE\u5F39, iPhone, 13.2.2 (17B102), e6d787265ef659f59b738dbf66bcbf75a4ec54a1&amp;gt; {\n\t\tdeviceSerialNumber:         DNPQTPW4GRY7\n\t\tidentifier:                 e6d787265ef659f59b738dbf66bcbf75a4ec54a1\n\t\tdeviceClass:                iPhone\n\t\tdeviceName:                 \u70DF\u96FE\u5F39\n\t\tdeviceIdentifier:           e6d787265ef659f59b738dbf66bcbf75a4ec54a1\n\t\tproductVersion:             13.2.2\n\t\tbuildVersion:               17B102\n\t\tdeviceSoftwareVersion:      13.2.2 (17B102)\n\t\tdeviceArchitecture:         arm64\n\t\tdeviceTotalCapacity:        122728800256\n\t\tdeviceAvailableCapacity:    97949020160\n\t\tdeviceIsTransient:          NO\n\t\tignored:                    NO\n\t\tdeviceIsBusy:               NO\n\t\tdeviceIsPaired:             YES\n\t\tdeviceIsActivated:          YES\n\t\tdeviceActivationState:      Activated\n\t\tisPasscodeLocked:           NO\n\t\tdeviceType:                 &amp;lt;DVTDeviceType:0x7fd5d8011720 Xcode.DeviceType.iPhone&amp;gt;\n\t\tsupportedDeviceFamilies:    (\n    1\n)\n\t\tapplications:              (null)\n\t\tprovisioningProfiles:      (null)\n\t\thasInternalSupport:        NO\n\t\thasWritableSystem:         NO\n\t\tisSupportedOS:             YES\n\t\tbootArgs:                  (null)\n\t\tnextBootArgs:              (null)\n\t\tconnected:                 YES\n\t\tisWirelessEnabled:         NO\n\t\tconnectionType:            direct\n\t\thostname:                  yanwudan.local.\n\t\tbonjourServiceName:        1c:5c:f2:b1:d0:2e@fe80::1e5c:f2ff:feb1:d02e._apple-mobdev2._tcp.local.\n\t\tactiveProxiedDevice:       (null)\n\t\t} (13.2.2 (17B102))\n2019-12-25 14:31:53.294 xcodebuild[4659:103084] [MT] IDETestOperationsObserverDebug: (177FB0AC-6657-4152-8242-7BBA2904A8B5) Finished requesting crash reports. Continuing with testing.\n*** If you believe this error represents a bug, please attach the result bundle at /Users/faz/Library/Developer/Xcode/DerivedData/WebDriverAgent-aiaejbhejflmruhkhsmeebmhbaia/Logs/Test/Test-WebDriverAgentRunner-2019.12.25_14-31-52-+0800.xcresult\n2019-12-25 14:31:53.314 xcodebuild[4659:103084] [MT] IDETestOperationsObserverDebug: 0.194 elapsed -- Testing started completed.\n2019-12-25 14:31:53.314 xcodebuild[4659:103084] [MT] IDETestOperationsObserverDebug: 0.000 sec, +0.000 sec -- start\n2019-12-25 14:31:53.314 xcodebuild[4659:103084] [MT] IDETestOperationsObserverDebug: 0.194 sec, +0.194 sec -- end\n2019-12-25 14:31:53.315 xcodebuild[4659:103084] Error Domain=NSCocoaErrorDomain Code=260 \&amp;quot;The file \u201CWebDriverAgentRunner-Runner.app\u201D couldn\u2019t be opened because there is no such file.\&amp;quot; UserInfo={NSFilePath=/Users/faz/Library/Developer/Xcode/DerivedData/WebDriverAgent-aiaejbhejflmruhkhsmeebmhbaia/Build/Products/Debug-iphoneos/WebDriverAgentRunner-Runner.app, NSUnderlyingError=0x7fd5d83cc4f0 {Error Domain=NSPOSIXErrorDomain Code=2 \&amp;quot;No such file or directory\&amp;quot;}}\nTest session results, code coverage, and logs:\n\t/Users/faz/Library/Developer/Xcode/DerivedData/WebDriverAgent-aiaejbhejflmruhkhsmeebmhbaia/Logs/Test/Test-WebDriverAgentRunner-2019.12.25_14-31-52-+0800.xcresult\nTesting failed:\n\tSigning for \&amp;quot;WebDriverAgentRunner\&amp;quot; requires a development team. Select a development team in the Signing &amp;amp; Capabilities editor.\n\tWebDriverAgentRunner:\n\t\tWebDriverAgentRunner-Runner.app encountered an error (Failed to install or launch the test runner. (Underlying error: The file \u201CWebDriverAgentRunner-Runner.app\u201D couldn\u2019t be opened because there is no such file. The file doesn\u2019t exist. (Underlying error: The operation couldn\u2019t be completed. No such file or directory)))\n** TEST EXECUTE FAILED **\nTesting started on &amp;apos;\u70DF\u96FE\u5F39&amp;apos;. Make sure you follow the tutorial at https://github.com/appium/appium-xcuitest-driver/blob/master/docs/real-device-config.md. Try to remove the WebDriverAgentRunner application from the device if it is installed and reboot the device.\n    at getResponseForW3CError (/usr/local/lib/node_modules/appium/node_modules/appium-base-driver/lib/protocol/errors.js:804:9)\n    at asyncHandler (/usr/local/lib/node_modules/appium/node_modules/appium-base-driver/lib/protocol/protocol.js:388:37)\n\tat org.openqa.selenium.remote.W3CHandshakeResponse.lambda$errorHandler$0(W3CHandshakeResponse.java:62)\n\tat org.openqa.selenium.remote.HandshakeResponse.lambda$getResponseFunction$0(HandshakeResponse.java:30)\n\tat org.openqa.selenium.remote.ProtocolHandshake.lambda$createSession$0(ProtocolHandshake.java:126)\n\tat org.openqa.selenium.remote.ProtocolHandshake.createSession(ProtocolHandshake.java:128)\n\tat io.appium.java_client.remote.AppiumCommandExecutor$1.createSession(AppiumCommandExecutor.java:186)\n\tat io.appium.java_client.remote.AppiumCommandExecutor.createSession(AppiumCommandExecutor.java:217)\n\tat io.appium.java_client.remote.AppiumCommandExecutor.execute(AppiumCommandExecutor.java:239)\n\tat org.openqa.selenium.remote.RemoteWebDriver.execute(RemoteWebDriver.java:552)\n\tat io.appium.java_client.DefaultGenericMobileDriver.execute(DefaultGenericMobileDriver.java:42)\n\tat io.appium.java_client.AppiumDriver.execute(AppiumDriver.java:1)\n\tat io.appium.java_client.ios.IOSDriver.execute(IOSDriver.java:1)\n\tat org.openqa.selenium.remote.RemoteWebDriver.startSession(RemoteWebDriver.java:213)\n\tat org.openqa.selenium.remote.RemoteWebDriver.&amp;lt;init&amp;gt;(RemoteWebDriver.java:131)\n\tat io.appium.java_client.DefaultGenericMobileDriver.&amp;lt;init&amp;gt;(DefaultGenericMobileDriver.java:38)\n\tat io.appium.java_client.AppiumDriver.&amp;lt;init&amp;gt;(AppiumDriver.java:84)\n\tat io.appium.java_client.ios.IOSDriver.&amp;lt;init&amp;gt;(IOSDriver.java:85)\n\tat com.kms.katalon.core.appium.driver.AppiumDriverManager.createMobileDriver(AppiumDriverManager.java:495)\n\tat com.kms.katalon.core.appium.driver.AppiumDriverManager.createMobileDriver(AppiumDriverManager.java:479)\n\tat com.kms.katalon.core.mobile.keyword.internal.MobileDriverFactory.startMobileDriver(MobileDriverFactory.java:339)\n\tat com.kms.katalon.core.mobile.keyword.internal.MobileDriverFactory$startMobileDriver.call(Unknown Source)\n\tat com.kms.katalon.core.mobile.keyword.builtin.StartExistingApplicationKeyword$_startApplication_closure1.doCall(StartExistingApplicationKeyword.groovy:40)\n\tat com.kms.katalon.core.mobile.keyword.builtin.StartExistingApplicationKeyword$_startApplication_closure1.doCall(StartExistingApplicationKeyword.groovy)\n\tat com.kms.katalon.core.mobile.keyword.internal.MobileKeywordMain.runKeyword(MobileKeywordMain.groovy:21)\n\tat com.kms.katalon.core.mobile.keyword.internal.MobileKeywordMain$runKeyword.call(Unknown Source)\n\tat com.kms.katalon.core.mobile.keyword.builtin.StartExistingApplicationKeyword.startApplication(StartExistingApplicationKeyword.groovy:43)\n\tat com.kms.katalon.core.mobile.keyword.builtin.StartExistingApplicationKeyword.execute(StartExistingApplicationKeyword.groovy:34)\n\tat com.kms.katalon.core.keyword.internal.KeywordExecutor.executeKeywordForPlatform(KeywordExecutor.groovy:72)\n\tat com.kms.katalon.core.mobile.keyword.MobileBuiltInKeywords.startExistingApplication(MobileBuiltInKeywords.groovy:89)\n\tat com.kms.katalon.core.mobile.keyword.MobileBuiltInKeywords$startExistingApplication.call(Unknown Source)\n\tat choose_puning.run(choose_puning:17)\n\t... 13 more\n</message>
  <exception>
    <message>com.kms.katalon.core.exception.StepFailedException: Unable to start app with application ID: 'com.goldlokedu.app' (Root cause: org.openqa.selenium.SessionNotCreatedException: Unable to create a new remote session. Please check the server log for more details. Original error: An unknown server-side error occurred while processing the command. Original error: Unable to launch WebDriverAgent because of xcodebuild failure: xcodebuild failed with code 65
xcodebuild error message:

2019-12-25 14:31:53.108 xcodebuild[4659:103088] Error writing xctestrun file: Error Domain=NSCocoaErrorDomain Code=4 "The folder WebDriverAgentRunner_iphoneos13.2-arm64.xctestrun doesnt exist." UserInfo={NSFilePath=/Users/faz/Library/Developer/Xcode/DerivedData/WebDriverAgent-aiaejbhejflmruhkhsmeebmhbaia/Build/Products/WebDriverAgentRunner_iphoneos13.2-arm64.xctestrun, NSUserStringVariant=Folder, NSUnderlyingError=0x7fd5d7f9a240 {Error Domain=NSPOSIXErrorDomain Code=2 "No such file or directory"}}
** TEST BUILD FAILED **
2019-12-25 14:31:53.128 xcodebuild[4659:103125]  IDETestOperationsObserverDebug: Writing diagnostic log for test session to:
/Users/faz/Library/Developer/Xcode/DerivedData/WebDriverAgent-aiaejbhejflmruhkhsmeebmhbaia/Logs/Test/Test-WebDriverAgentRunner-2019.12.25_14-31-52-+0800.xcresult/Staging/2_Test/Diagnostics/WebDriverAgentRunner-37051753-B29D-43BE-884E-415D04CD18FD/WebDriverAgentRunner-E3A5BCF5-C595-4503-B967-B61B2156FC3E/Session-WebDriverAgentRunner-2019-12-25_143153-lXVkYc.log
2019-12-25 14:31:53.129 xcodebuild[4659:103084] [MT] IDETestOperationsObserverDebug: (177FB0AC-6657-4152-8242-7BBA2904A8B5) Beginning test session WebDriverAgentRunner-177FB0AC-6657-4152-8242-7BBA2904A8B5 at 2019-12-25 14:31:53.129 with Xcode 11C29 on target &lt;DVTiOSDevice (0x7fd5d82ee4b0), , iPhone, 13.2.2 (17B102), e6d787265ef659f59b738dbf66bcbf75a4ec54a1&gt; {
		deviceSerialNumber:         DNPQTPW4GRY7
		identifier:                 e6d787265ef659f59b738dbf66bcbf75a4ec54a1
		deviceClass:                iPhone
		deviceName:                 
		deviceIdentifier:           e6d787265ef659f59b738dbf66bcbf75a4ec54a1
		productVersion:             13.2.2
		buildVersion:               17B102
		deviceSoftwareVersion:      13.2.2 (17B102)
		deviceArchitecture:         arm64
		deviceTotalCapacity:        122728800256
		deviceAvailableCapacity:    97949020160
		deviceIsTransient:          NO
		ignored:                    NO
		deviceIsBusy:               NO
		deviceIsPaired:             YES
		deviceIsActivated:          YES
		deviceActivationState:      Activated
		isPasscodeLocked:           NO
		deviceType:                 &lt;DVTDeviceType:0x7fd5d8011720 Xcode.DeviceType.iPhone&gt;
		supportedDeviceFamilies:    (
    1
)
		applications:              (null)
		provisioningProfiles:      (null)
		hasInternalSupport:        NO
		hasWritableSystem:         NO
		isSupportedOS:             YES
		bootArgs:                  (null)
		nextBootArgs:              (null)
		connected:                 YES
		isWirelessEnabled:         NO
		connectionType:            direct
		hostname:                  yanwudan.local.
		bonjourServiceName:        1c:5c:f2:b1:d0:2e@fe80::1e5c:f2ff:feb1:d02e._apple-mobdev2._tcp.local.
		activeProxiedDevice:       (null)
		} (13.2.2 (17B102))
2019-12-25 14:31:53.294 xcodebuild[4659:103084] [MT] IDETestOperationsObserverDebug: (177FB0AC-6657-4152-8242-7BBA2904A8B5) Finished requesting crash reports. Continuing with testing.
*** If you believe this error represents a bug, please attach the result bundle at /Users/faz/Library/Developer/Xcode/DerivedData/WebDriverAgent-aiaejbhejflmruhkhsmeebmhbaia/Logs/Test/Test-WebDriverAgentRunner-2019.12.25_14-31-52-+0800.xcresult
2019-12-25 14:31:53.314 xcodebuild[4659:103084] [MT] IDETestOperationsObserverDebug: 0.194 elapsed -- Testing started completed.
2019-12-25 14:31:53.314 xcodebuild[4659:103084] [MT] IDETestOperationsObserverDebug: 0.000 sec, +0.000 sec -- start
2019-12-25 14:31:53.314 xcodebuild[4659:103084] [MT] IDETestOperationsObserverDebug: 0.194 sec, +0.194 sec -- end
2019-12-25 14:31:53.315 xcodebuild[4659:103084] Error Domain=NSCocoaErrorDomain Code=260 "The file WebDriverAgentRunner-Runner.app couldnt be opened because there is no such file." UserInfo={NSFilePath=/Users/faz/Library/Developer/Xcode/DerivedData/WebDriverAgent-aiaejbhejflmruhkhsmeebmhbaia/Build/Products/Debug-iphoneos/WebDriverAgentRunner-Runner.app, NSUnderlyingError=0x7fd5d83cc4f0 {Error Domain=NSPOSIXErrorDomain Code=2 "No such file or directory"}}
Test session results, code coverage, and logs:
	/Users/faz/Library/Developer/Xcode/DerivedData/WebDriverAgent-aiaejbhejflmruhkhsmeebmhbaia/Logs/Test/Test-WebDriverAgentRunner-2019.12.25_14-31-52-+0800.xcresult
Testing failed:
	Signing for "WebDriverAgentRunner" requires a development team. Select a development team in the Signing &amp; Capabilities editor.
	WebDriverAgentRunner:
		WebDriverAgentRunner-Runner.app encountered an error (Failed to install or launch the test runner. (Underlying error: The file WebDriverAgentRunner-Runner.app couldnt be opened because there is no such file. The file doesnt exist. (Underlying error: The operation couldnt be completed. No such file or directory)))
** TEST EXECUTE FAILED **
Testing started on ''. Make sure you follow the tutorial at https://github.com/appium/appium-xcuitest-driver/blob/master/docs/real-device-config.md. Try to remove the WebDriverAgentRunner application from the device if it is installed and reboot the device.
Build info: version: '3.141.59', revision: 'e82be7d358', time: '2018-11-14T08:25:53'
System info: host: 'FazAiZhongdeMacBook-Pro.local', ip: '192.168.2.28', os.name: 'Mac OS X', os.arch: 'x86_64', os.version: '10.14.6', java.version: '1.8.0_181'
Driver info: driver.version: MobileDriverFactory$startMobileDriver
remote stacktrace: UnknownError: An unknown server-side error occurred while processing the command. Original error: Unable to launch WebDriverAgent because of xcodebuild failure: xcodebuild failed with code 65
xcodebuild error message:

2019-12-25 14:31:53.108 xcodebuild[4659:103088] Error writing xctestrun file: Error Domain=NSCocoaErrorDomain Code=4 "The folder WebDriverAgentRunner_iphoneos13.2-arm64.xctestrun doesnt exist." UserInfo={NSFilePath=/Users/faz/Library/Developer/Xcode/DerivedData/WebDriverAgent-aiaejbhejflmruhkhsmeebmhbaia/Build/Products/WebDriverAgentRunner_iphoneos13.2-arm64.xctestrun, NSUserStringVariant=Folder, NSUnderlyingError=0x7fd5d7f9a240 {Error Domain=NSPOSIXErrorDomain Code=2 "No such file or directory"}}
** TEST BUILD FAILED **
2019-12-25 14:31:53.128 xcodebuild[4659:103125]  IDETestOperationsObserverDebug: Writing diagnostic log for test session to:
/Users/faz/Library/Developer/Xcode/DerivedData/WebDriverAgent-aiaejbhejflmruhkhsmeebmhbaia/Logs/Test/Test-WebDriverAgentRunner-2019.12.25_14-31-52-+0800.xcresult/Staging/2_Test/Diagnostics/WebDriverAgentRunner-37051753-B29D-43BE-884E-415D04CD18FD/WebDriverAgentRunner-E3A5BCF5-C595-4503-B967-B61B2156FC3E/Session-WebDriverAgentRunner-2019-12-25_143153-lXVkYc.log
2019-12-25 14:31:53.129 xcodebuild[4659:103084] [MT] IDETestOperationsObserverDebug: (177FB0AC-6657-4152-8242-7BBA2904A8B5) Beginning test session WebDriverAgentRunner-177FB0AC-6657-4152-8242-7BBA2904A8B5 at 2019-12-25 14:31:53.129 with Xcode 11C29 on target &lt;DVTiOSDevice (0x7fd5d82ee4b0), , iPhone, 13.2.2 (17B102), e6d787265ef659f59b738dbf66bcbf75a4ec54a1&gt; {
		deviceSerialNumber:         DNPQTPW4GRY7
		identifier:                 e6d787265ef659f59b738dbf66bcbf75a4ec54a1
		deviceClass:                iPhone
		deviceName:                 
		deviceIdentifier:           e6d787265ef659f59b738dbf66bcbf75a4ec54a1
		productVersion:             13.2.2
		buildVersion:               17B102
		deviceSoftwareVersion:      13.2.2 (17B102)
		deviceArchitecture:         arm64
		deviceTotalCapacity:        122728800256
		deviceAvailableCapacity:    97949020160
		deviceIsTransient:          NO
		ignored:                    NO
		deviceIsBusy:               NO
		deviceIsPaired:             YES
		deviceIsActivated:          YES
		deviceActivationState:      Activated
		isPasscodeLocked:           NO
		deviceType:                 &lt;DVTDeviceType:0x7fd5d8011720 Xcode.DeviceType.iPhone&gt;
		supportedDeviceFamilies:    (
    1
)
		applications:              (null)
		provisioningProfiles:      (null)
		hasInternalSupport:        NO
		hasWritableSystem:         NO
		isSupportedOS:             YES
		bootArgs:                  (null)
		nextBootArgs:              (null)
		connected:                 YES
		isWirelessEnabled:         NO
		connectionType:            direct
		hostname:                  yanwudan.local.
		bonjourServiceName:        1c:5c:f2:b1:d0:2e@fe80::1e5c:f2ff:feb1:d02e._apple-mobdev2._tcp.local.
		activeProxiedDevice:       (null)
		} (13.2.2 (17B102))
2019-12-25 14:31:53.294 xcodebuild[4659:103084] [MT] IDETestOperationsObserverDebug: (177FB0AC-6657-4152-8242-7BBA2904A8B5) Finished requesting crash reports. Continuing with testing.
*** If you believe this error represents a bug, please attach the result bundle at /Users/faz/Library/Developer/Xcode/DerivedData/WebDriverAgent-aiaejbhejflmruhkhsmeebmhbaia/Logs/Test/Test-WebDriverAgentRunner-2019.12.25_14-31-52-+0800.xcresult
2019-12-25 14:31:53.314 xcodebuild[4659:103084] [MT] IDETestOperationsObserverDebug: 0.194 elapsed -- Testing started completed.
2019-12-25 14:31:53.314 xcodebuild[4659:103084] [MT] IDETestOperationsObserverDebug: 0.000 sec, +0.000 sec -- start
2019-12-25 14:31:53.314 xcodebuild[4659:103084] [MT] IDETestOperationsObserverDebug: 0.194 sec, +0.194 sec -- end
2019-12-25 14:31:53.315 xcodebuild[4659:103084] Error Domain=NSCocoaErrorDomain Code=260 "The file WebDriverAgentRunner-Runner.app couldnt be opened because there is no such file." UserInfo={NSFilePath=/Users/faz/Library/Developer/Xcode/DerivedData/WebDriverAgent-aiaejbhejflmruhkhsmeebmhbaia/Build/Products/Debug-iphoneos/WebDriverAgentRunner-Runner.app, NSUnderlyingError=0x7fd5d83cc4f0 {Error Domain=NSPOSIXErrorDomain Code=2 "No such file or directory"}}
Test session results, code coverage, and logs:
	/Users/faz/Library/Developer/Xcode/DerivedData/WebDriverAgent-aiaejbhejflmruhkhsmeebmhbaia/Logs/Test/Test-WebDriverAgentRunner-2019.12.25_14-31-52-+0800.xcresult
Testing failed:
	Signing for "WebDriverAgentRunner" requires a development team. Select a development team in the Signing &amp; Capabilities editor.
	WebDriverAgentRunner:
		WebDriverAgentRunner-Runner.app encountered an error (Failed to install or launch the test runner. (Underlying error: The file WebDriverAgentRunner-Runner.app couldnt be opened because there is no such file. The file doesnt exist. (Underlying error: The operation couldnt be completed. No such file or directory)))
** TEST EXECUTE FAILED **
Testing started on ''. Make sure you follow the tutorial at https://github.com/appium/appium-xcuitest-driver/blob/master/docs/real-device-config.md. Try to remove the WebDriverAgentRunner application from the device if it is installed and reboot the device.
    at getResponseForW3CError (/usr/local/lib/node_modules/appium/node_modules/appium-base-driver/lib/protocol/errors.js:804:9)
    at asyncHandler (/usr/local/lib/node_modules/appium/node_modules/appium-base-driver/lib/protocol/protocol.js:388:37)
Build info: version: '3.141.59', revision: 'e82be7d358', time: '2018-11-14T08:25:53'
System info: host: 'FazAiZhongdeMacBook-Pro.local', ip: '192.168.2.28', os.name: 'Mac OS X', os.arch: 'x86_64', os.version: '10.14.6', java.version: '1.8.0_181'
Driver info: driver.version: MobileDriverFactory$startMobileDriver
	at io.appium.java_client.remote.AppiumCommandExecutor$1.createSession(AppiumCommandExecutor.java:208)
	at io.appium.java_client.remote.AppiumCommandExecutor.createSession(AppiumCommandExecutor.java:217)
	at io.appium.java_client.remote.AppiumCommandExecutor.execute(AppiumCommandExecutor.java:239)
	at org.openqa.selenium.remote.RemoteWebDriver.execute(RemoteWebDriver.java:552)
	at io.appium.java_client.DefaultGenericMobileDriver.execute(DefaultGenericMobileDriver.java:42)
	at io.appium.java_client.AppiumDriver.execute(AppiumDriver.java:1)
	at io.appium.java_client.ios.IOSDriver.execute(IOSDriver.java:1)
	at org.openqa.selenium.remote.RemoteWebDriver.startSession(RemoteWebDriver.java:213)
	at org.openqa.selenium.remote.RemoteWebDriver.&lt;init&gt;(RemoteWebDriver.java:131)
	at io.appium.java_client.DefaultGenericMobileDriver.&lt;init&gt;(DefaultGenericMobileDriver.java:38)
	at io.appium.java_client.AppiumDriver.&lt;init&gt;(AppiumDriver.java:84)
	at io.appium.java_client.ios.IOSDriver.&lt;init&gt;(IOSDriver.java:85)
	at com.kms.katalon.core.appium.driver.AppiumDriverManager.createMobileDriver(AppiumDriverManager.java:495)
	at com.kms.katalon.core.appium.driver.AppiumDriverManager.createMobileDriver(AppiumDriverManager.java:479)
	at com.kms.katalon.core.mobile.keyword.internal.MobileDriverFactory.startMobileDriver(MobileDriverFactory.java:339)
	at com.kms.katalon.core.mobile.keyword.internal.MobileDriverFactory$startMobileDriver.call(Unknown Source)
	at com.kms.katalon.core.mobile.keyword.builtin.StartExistingApplicationKeyword$_startApplication_closure1.doCall(StartExistingApplicationKeyword.groovy:40)
	at com.kms.katalon.core.mobile.keyword.builtin.StartExistingApplicationKeyword$_startApplication_closure1.doCall(StartExistingApplicationKeyword.groovy)
	at com.kms.katalon.core.mobile.keyword.internal.MobileKeywordMain.runKeyword(MobileKeywordMain.groovy:21)
	at com.kms.katalon.core.mobile.keyword.internal.MobileKeywordMain$runKeyword.call(Unknown Source)
	at com.kms.katalon.core.mobile.keyword.builtin.StartExistingApplicationKeyword.startApplication(StartExistingApplicationKeyword.groovy:43)
	at com.kms.katalon.core.mobile.keyword.builtin.StartExistingApplicationKeyword.execute(StartExistingApplicationKeyword.groovy:34)
	at com.kms.katalon.core.keyword.internal.KeywordExecutor.executeKeywordForPlatform(KeywordExecutor.groovy:72)
	at com.kms.katalon.core.mobile.keyword.MobileBuiltInKeywords.startExistingApplication(MobileBuiltInKeywords.groovy:89)
	at com.kms.katalon.core.mobile.keyword.MobileBuiltInKeywords$startExistingApplication.call(Unknown Source)
	at choose_puning.run(choose_puning:17)
	at com.kms.katalon.core.main.ScriptEngine.run(ScriptEngine.java:194)
	at com.kms.katalon.core.main.ScriptEngine.runScriptAsRawText(ScriptEngine.java:119)
	at com.kms.katalon.core.main.TestCaseExecutor.runScript(TestCaseExecutor.java:337)
	at com.kms.katalon.core.main.TestCaseExecutor.doExecute(TestCaseExecutor.java:328)
	at com.kms.katalon.core.main.TestCaseExecutor.processExecutionPhase(TestCaseExecutor.java:307)
	at com.kms.katalon.core.main.TestCaseExecutor.accessMainPhase(TestCaseExecutor.java:299)
	at com.kms.katalon.core.main.TestCaseExecutor.execute(TestCaseExecutor.java:233)
	at com.kms.katalon.core.main.TestSuiteExecutor.accessTestCaseMainPhase(TestSuiteExecutor.java:169)
	at com.kms.katalon.core.main.TestSuiteExecutor.accessTestSuiteMainPhase(TestSuiteExecutor.java:142)
	at com.kms.katalon.core.main.TestSuiteExecutor.execute(TestSuiteExecutor.java:91)
	at com.kms.katalon.core.main.TestCaseMain.startTestSuite(TestCaseMain.java:157)
	at com.kms.katalon.core.main.TestCaseMain$startTestSuite$0.call(Unknown Source)
	at TempTestSuite1577255479796.run(TempTestSuite1577255479796.groovy:36)
Caused by: java.lang.reflect.InvocationTargetException
	at io.appium.java_client.remote.AppiumCommandExecutor$1.createSession(AppiumCommandExecutor.java:186)
	at io.appium.java_client.remote.AppiumCommandExecutor.createSession(AppiumCommandExecutor.java:217)
	at io.appium.java_client.remote.AppiumCommandExecutor.execute(AppiumCommandExecutor.java:239)
	at org.openqa.selenium.remote.RemoteWebDriver.execute(RemoteWebDriver.java:552)
	at io.appium.java_client.DefaultGenericMobileDriver.execute(DefaultGenericMobileDriver.java:42)
	at io.appium.java_client.AppiumDriver.execute(AppiumDriver.java:1)
	at io.appium.java_client.ios.IOSDriver.execute(IOSDriver.java:1)
	at org.openqa.selenium.remote.RemoteWebDriver.startSession(RemoteWebDriver.java:213)
	at org.openqa.selenium.remote.RemoteWebDriver.&lt;init&gt;(RemoteWebDriver.java:131)
	at io.appium.java_client.DefaultGenericMobileDriver.&lt;init&gt;(DefaultGenericMobileDriver.java:38)
	at io.appium.java_client.AppiumDriver.&lt;init&gt;(AppiumDriver.java:84)
	at io.appium.java_client.ios.IOSDriver.&lt;init&gt;(IOSDriver.java:85)
	at com.kms.katalon.core.appium.driver.AppiumDriverManager.createMobileDriver(AppiumDriverManager.java:495)
	at com.kms.katalon.core.appium.driver.AppiumDriverManager.createMobileDriver(AppiumDriverManager.java:479)
	at com.kms.katalon.core.mobile.keyword.internal.MobileDriverFactory.startMobileDriver(MobileDriverFactory.java:339)
	at com.kms.katalon.core.mobile.keyword.internal.MobileDriverFactory$startMobileDriver.call(Unknown Source)
	at com.kms.katalon.core.mobile.keyword.builtin.StartExistingApplicationKeyword$_startApplication_closure1.doCall(StartExistingApplicationKeyword.groovy:40)
	at com.kms.katalon.core.mobile.keyword.builtin.StartExistingApplicationKeyword$_startApplication_closure1.doCall(StartExistingApplicationKeyword.groovy)
	at com.kms.katalon.core.mobile.keyword.internal.MobileKeywordMain.runKeyword(MobileKeywordMain.groovy:21)
	at com.kms.katalon.core.mobile.keyword.internal.MobileKeywordMain$runKeyword.call(Unknown Source)
	at com.kms.katalon.core.mobile.keyword.builtin.StartExistingApplicationKeyword.startApplication(StartExistingApplicationKeyword.groovy:43)
	at com.kms.katalon.core.mobile.keyword.builtin.StartExistingApplicationKeyword.execute(StartExistingApplicationKeyword.groovy:34)
	at com.kms.katalon.core.keyword.internal.KeywordExecutor.executeKeywordForPlatform(KeywordExecutor.groovy:72)
	at com.kms.katalon.core.mobile.keyword.MobileBuiltInKeywords.startExistingApplication(MobileBuiltInKeywords.groovy:89)
	at com.kms.katalon.core.mobile.keyword.MobileBuiltInKeywords$startExistingApplication.call(Unknown Source)
	at Script1575874101227.run(Script1575874101227.groovy:17)
	... 13 more
Caused by: org.openqa.selenium.WebDriverException: An unknown server-side error occurred while processing the command. Original error: Unable to launch WebDriverAgent because of xcodebuild failure: xcodebuild failed with code 65
xcodebuild error message:

2019-12-25 14:31:53.108 xcodebuild[4659:103088] Error writing xctestrun file: Error Domain=NSCocoaErrorDomain Code=4 "The folder WebDriverAgentRunner_iphoneos13.2-arm64.xctestrun doesnt exist." UserInfo={NSFilePath=/Users/faz/Library/Developer/Xcode/DerivedData/WebDriverAgent-aiaejbhejflmruhkhsmeebmhbaia/Build/Products/WebDriverAgentRunner_iphoneos13.2-arm64.xctestrun, NSUserStringVariant=Folder, NSUnderlyingError=0x7fd5d7f9a240 {Error Domain=NSPOSIXErrorDomain Code=2 "No such file or directory"}}
** TEST BUILD FAILED **
2019-12-25 14:31:53.128 xcodebuild[4659:103125]  IDETestOperationsObserverDebug: Writing diagnostic log for test session to:
/Users/faz/Library/Developer/Xcode/DerivedData/WebDriverAgent-aiaejbhejflmruhkhsmeebmhbaia/Logs/Test/Test-WebDriverAgentRunner-2019.12.25_14-31-52-+0800.xcresult/Staging/2_Test/Diagnostics/WebDriverAgentRunner-37051753-B29D-43BE-884E-415D04CD18FD/WebDriverAgentRunner-E3A5BCF5-C595-4503-B967-B61B2156FC3E/Session-WebDriverAgentRunner-2019-12-25_143153-lXVkYc.log
2019-12-25 14:31:53.129 xcodebuild[4659:103084] [MT] IDETestOperationsObserverDebug: (177FB0AC-6657-4152-8242-7BBA2904A8B5) Beginning test session WebDriverAgentRunner-177FB0AC-6657-4152-8242-7BBA2904A8B5 at 2019-12-25 14:31:53.129 with Xcode 11C29 on target &lt;DVTiOSDevice (0x7fd5d82ee4b0), , iPhone, 13.2.2 (17B102), e6d787265ef659f59b738dbf66bcbf75a4ec54a1&gt; {
		deviceSerialNumber:         DNPQTPW4GRY7
		identifier:                 e6d787265ef659f59b738dbf66bcbf75a4ec54a1
		deviceClass:                iPhone
		deviceName:                 
		deviceIdentifier:           e6d787265ef659f59b738dbf66bcbf75a4ec54a1
		productVersion:             13.2.2
		buildVersion:               17B102
		deviceSoftwareVersion:      13.2.2 (17B102)
		deviceArchitecture:         arm64
		deviceTotalCapacity:        122728800256
		deviceAvailableCapacity:    97949020160
		deviceIsTransient:          NO
		ignored:                    NO
		deviceIsBusy:               NO
		deviceIsPaired:             YES
		deviceIsActivated:          YES
		deviceActivationState:      Activated
		isPasscodeLocked:           NO
		deviceType:                 &lt;DVTDeviceType:0x7fd5d8011720 Xcode.DeviceType.iPhone&gt;
		supportedDeviceFamilies:    (
    1
)
		applications:              (null)
		provisioningProfiles:      (null)
		hasInternalSupport:        NO
		hasWritableSystem:         NO
		isSupportedOS:             YES
		bootArgs:                  (null)
		nextBootArgs:              (null)
		connected:                 YES
		isWirelessEnabled:         NO
		connectionType:            direct
		hostname:                  yanwudan.local.
		bonjourServiceName:        1c:5c:f2:b1:d0:2e@fe80::1e5c:f2ff:feb1:d02e._apple-mobdev2._tcp.local.
		activeProxiedDevice:       (null)
		} (13.2.2 (17B102))
2019-12-25 14:31:53.294 xcodebuild[4659:103084] [MT] IDETestOperationsObserverDebug: (177FB0AC-6657-4152-8242-7BBA2904A8B5) Finished requesting crash reports. Continuing with testing.
*** If you believe this error represents a bug, please attach the result bundle at /Users/faz/Library/Developer/Xcode/DerivedData/WebDriverAgent-aiaejbhejflmruhkhsmeebmhbaia/Logs/Test/Test-WebDriverAgentRunner-2019.12.25_14-31-52-+0800.xcresult
2019-12-25 14:31:53.314 xcodebuild[4659:103084] [MT] IDETestOperationsObserverDebug: 0.194 elapsed -- Testing started completed.
2019-12-25 14:31:53.314 xcodebuild[4659:103084] [MT] IDETestOperationsObserverDebug: 0.000 sec, +0.000 sec -- start
2019-12-25 14:31:53.314 xcodebuild[4659:103084] [MT] IDETestOperationsObserverDebug: 0.194 sec, +0.194 sec -- end
2019-12-25 14:31:53.315 xcodebuild[4659:103084] Error Domain=NSCocoaErrorDomain Code=260 "The file WebDriverAgentRunner-Runner.app couldnt be opened because there is no such file." UserInfo={NSFilePath=/Users/faz/Library/Developer/Xcode/DerivedData/WebDriverAgent-aiaejbhejflmruhkhsmeebmhbaia/Build/Products/Debug-iphoneos/WebDriverAgentRunner-Runner.app, NSUnderlyingError=0x7fd5d83cc4f0 {Error Domain=NSPOSIXErrorDomain Code=2 "No such file or directory"}}
Test session results, code coverage, and logs:
	/Users/faz/Library/Developer/Xcode/DerivedData/WebDriverAgent-aiaejbhejflmruhkhsmeebmhbaia/Logs/Test/Test-WebDriverAgentRunner-2019.12.25_14-31-52-+0800.xcresult
Testing failed:
	Signing for "WebDriverAgentRunner" requires a development team. Select a development team in the Signing &amp; Capabilities editor.
	WebDriverAgentRunner:
		WebDriverAgentRunner-Runner.app encountered an error (Failed to install or launch the test runner. (Underlying error: The file WebDriverAgentRunner-Runner.app couldnt be opened because there is no such file. The file doesnt exist. (Underlying error: The operation couldnt be completed. No such file or directory)))
** TEST EXECUTE FAILED **
Testing started on ''. Make sure you follow the tutorial at https://github.com/appium/appium-xcuitest-driver/blob/master/docs/real-device-config.md. Try to remove the WebDriverAgentRunner application from the device if it is installed and reboot the device.
Build info: version: '3.141.59', revision: 'e82be7d358', time: '2018-11-14T08:25:53'
System info: host: 'FazAiZhongdeMacBook-Pro.local', ip: '192.168.2.28', os.name: 'Mac OS X', os.arch: 'x86_64', os.version: '10.14.6', java.version: '1.8.0_181'
Driver info: driver.version: MobileDriverFactory$startMobileDriver
remote stacktrace: UnknownError: An unknown server-side error occurred while processing the command. Original error: Unable to launch WebDriverAgent because of xcodebuild failure: xcodebuild failed with code 65
xcodebuild error message:

2019-12-25 14:31:53.108 xcodebuild[4659:103088] Error writing xctestrun file: Error Domain=NSCocoaErrorDomain Code=4 "The folder WebDriverAgentRunner_iphoneos13.2-arm64.xctestrun doesnt exist." UserInfo={NSFilePath=/Users/faz/Library/Developer/Xcode/DerivedData/WebDriverAgent-aiaejbhejflmruhkhsmeebmhbaia/Build/Products/WebDriverAgentRunner_iphoneos13.2-arm64.xctestrun, NSUserStringVariant=Folder, NSUnderlyingError=0x7fd5d7f9a240 {Error Domain=NSPOSIXErrorDomain Code=2 "No such file or directory"}}
** TEST BUILD FAILED **
2019-12-25 14:31:53.128 xcodebuild[4659:103125]  IDETestOperationsObserverDebug: Writing diagnostic log for test session to:
/Users/faz/Library/Developer/Xcode/DerivedData/WebDriverAgent-aiaejbhejflmruhkhsmeebmhbaia/Logs/Test/Test-WebDriverAgentRunner-2019.12.25_14-31-52-+0800.xcresult/Staging/2_Test/Diagnostics/WebDriverAgentRunner-37051753-B29D-43BE-884E-415D04CD18FD/WebDriverAgentRunner-E3A5BCF5-C595-4503-B967-B61B2156FC3E/Session-WebDriverAgentRunner-2019-12-25_143153-lXVkYc.log
2019-12-25 14:31:53.129 xcodebuild[4659:103084] [MT] IDETestOperationsObserverDebug: (177FB0AC-6657-4152-8242-7BBA2904A8B5) Beginning test session WebDriverAgentRunner-177FB0AC-6657-4152-8242-7BBA2904A8B5 at 2019-12-25 14:31:53.129 with Xcode 11C29 on target &lt;DVTiOSDevice (0x7fd5d82ee4b0), , iPhone, 13.2.2 (17B102), e6d787265ef659f59b738dbf66bcbf75a4ec54a1&gt; {
		deviceSerialNumber:         DNPQTPW4GRY7
		identifier:                 e6d787265ef659f59b738dbf66bcbf75a4ec54a1
		deviceClass:                iPhone
		deviceName:                 
		deviceIdentifier:           e6d787265ef659f59b738dbf66bcbf75a4ec54a1
		productVersion:             13.2.2
		buildVersion:               17B102
		deviceSoftwareVersion:      13.2.2 (17B102)
		deviceArchitecture:         arm64
		deviceTotalCapacity:        122728800256
		deviceAvailableCapacity:    97949020160
		deviceIsTransient:          NO
		ignored:                    NO
		deviceIsBusy:               NO
		deviceIsPaired:             YES
		deviceIsActivated:          YES
		deviceActivationState:      Activated
		isPasscodeLocked:           NO
		deviceType:                 &lt;DVTDeviceType:0x7fd5d8011720 Xcode.DeviceType.iPhone&gt;
		supportedDeviceFamilies:    (
    1
)
		applications:              (null)
		provisioningProfiles:      (null)
		hasInternalSupport:        NO
		hasWritableSystem:         NO
		isSupportedOS:             YES
		bootArgs:                  (null)
		nextBootArgs:              (null)
		connected:                 YES
		isWirelessEnabled:         NO
		connectionType:            direct
		hostname:                  yanwudan.local.
		bonjourServiceName:        1c:5c:f2:b1:d0:2e@fe80::1e5c:f2ff:feb1:d02e._apple-mobdev2._tcp.local.
		activeProxiedDevice:       (null)
		} (13.2.2 (17B102))
2019-12-25 14:31:53.294 xcodebuild[4659:103084] [MT] IDETestOperationsObserverDebug: (177FB0AC-6657-4152-8242-7BBA2904A8B5) Finished requesting crash reports. Continuing with testing.
*** If you believe this error represents a bug, please attach the result bundle at /Users/faz/Library/Developer/Xcode/DerivedData/WebDriverAgent-aiaejbhejflmruhkhsmeebmhbaia/Logs/Test/Test-WebDriverAgentRunner-2019.12.25_14-31-52-+0800.xcresult
2019-12-25 14:31:53.314 xcodebuild[4659:103084] [MT] IDETestOperationsObserverDebug: 0.194 elapsed -- Testing started completed.
2019-12-25 14:31:53.314 xcodebuild[4659:103084] [MT] IDETestOperationsObserverDebug: 0.000 sec, +0.000 sec -- start
2019-12-25 14:31:53.314 xcodebuild[4659:103084] [MT] IDETestOperationsObserverDebug: 0.194 sec, +0.194 sec -- end
2019-12-25 14:31:53.315 xcodebuild[4659:103084] Error Domain=NSCocoaErrorDomain Code=260 "The file WebDriverAgentRunner-Runner.app couldnt be opened because there is no such file." UserInfo={NSFilePath=/Users/faz/Library/Developer/Xcode/DerivedData/WebDriverAgent-aiaejbhejflmruhkhsmeebmhbaia/Build/Products/Debug-iphoneos/WebDriverAgentRunner-Runner.app, NSUnderlyingError=0x7fd5d83cc4f0 {Error Domain=NSPOSIXErrorDomain Code=2 "No such file or directory"}}
Test session results, code coverage, and logs:
	/Users/faz/Library/Developer/Xcode/DerivedData/WebDriverAgent-aiaejbhejflmruhkhsmeebmhbaia/Logs/Test/Test-WebDriverAgentRunner-2019.12.25_14-31-52-+0800.xcresult
Testing failed:
	Signing for "WebDriverAgentRunner" requires a development team. Select a development team in the Signing &amp; Capabilities editor.
	WebDriverAgentRunner:
		WebDriverAgentRunner-Runner.app encountered an error (Failed to install or launch the test runner. (Underlying error: The file WebDriverAgentRunner-Runner.app couldnt be opened because there is no such file. The file doesnt exist. (Underlying error: The operation couldnt be completed. No such file or directory)))
** TEST EXECUTE FAILED **
Testing started on ''. Make sure you follow the tutorial at https://github.com/appium/appium-xcuitest-driver/blob/master/docs/real-device-config.md. Try to remove the WebDriverAgentRunner application from the device if it is installed and reboot the device.
    at getResponseForW3CError (/usr/local/lib/node_modules/appium/node_modules/appium-base-driver/lib/protocol/errors.js:804:9)
    at asyncHandler (/usr/local/lib/node_modules/appium/node_modules/appium-base-driver/lib/protocol/protocol.js:388:37)
	at org.openqa.selenium.remote.W3CHandshakeResponse.lambda$errorHandler$0(W3CHandshakeResponse.java:62)
	at org.openqa.selenium.remote.HandshakeResponse.lambda$getResponseFunction$0(HandshakeResponse.java:30)
	at org.openqa.selenium.remote.ProtocolHandshake.lambda$createSession$0(ProtocolHandshake.java:126)
	at org.openqa.selenium.remote.ProtocolHandshake.createSession(ProtocolHandshake.java:128)
	... 39 more
)</message>
    <frame>
      <class>com.kms.katalon.core.keyword.internal.KeywordMain</class>
      <method>stepFailed</method>
      <line>50</line>
    </frame>
    <frame>
      <class>com.kms.katalon.core.mobile.keyword.internal.MobileKeywordMain</class>
      <method>stepFailed</method>
      <line>40</line>
    </frame>
    <frame>
      <class>com.kms.katalon.core.mobile.keyword.internal.MobileKeywordMain</class>
      <method>runKeyword</method>
      <line>23</line>
    </frame>
    <frame>
      <class>com.kms.katalon.core.mobile.keyword.internal.MobileKeywordMain$runKeyword</class>
      <method>call</method>
    </frame>
    <frame>
      <class>com.kms.katalon.core.mobile.keyword.builtin.StartExistingApplicationKeyword</class>
      <method>startApplication</method>
      <line>43</line>
    </frame>
    <frame>
      <class>com.kms.katalon.core.mobile.keyword.builtin.StartExistingApplicationKeyword</class>
      <method>execute</method>
      <line>34</line>
    </frame>
    <frame>
      <class>com.kms.katalon.core.keyword.internal.KeywordExecutor</class>
      <method>executeKeywordForPlatform</method>
      <line>72</line>
    </frame>
    <frame>
      <class>com.kms.katalon.core.mobile.keyword.MobileBuiltInKeywords</class>
      <method>startExistingApplication</method>
      <line>89</line>
    </frame>
    <frame>
      <class>com.kms.katalon.core.mobile.keyword.MobileBuiltInKeywords$startExistingApplication</class>
      <method>call</method>
    </frame>
    <frame>
      <class>choose_puning</class>
      <method>run</method>
      <line>17</line>
    </frame>
    <frame>
      <class>com.kms.katalon.core.main.ScriptEngine</class>
      <method>run</method>
      <line>194</line>
    </frame>
    <frame>
      <class>com.kms.katalon.core.main.ScriptEngine</class>
      <method>runScriptAsRawText</method>
      <line>119</line>
    </frame>
    <frame>
      <class>com.kms.katalon.core.main.TestCaseExecutor</class>
      <method>runScript</method>
      <line>337</line>
    </frame>
    <frame>
      <class>com.kms.katalon.core.main.TestCaseExecutor</class>
      <method>doExecute</method>
      <line>328</line>
    </frame>
    <frame>
      <class>com.kms.katalon.core.main.TestCaseExecutor</class>
      <method>processExecutionPhase</method>
      <line>307</line>
    </frame>
    <frame>
      <class>com.kms.katalon.core.main.TestCaseExecutor</class>
      <method>accessMainPhase</method>
      <line>299</line>
    </frame>
    <frame>
      <class>com.kms.katalon.core.main.TestCaseExecutor</class>
      <method>execute</method>
      <line>233</line>
    </frame>
    <frame>
      <class>com.kms.katalon.core.main.TestSuiteExecutor</class>
      <method>accessTestCaseMainPhase</method>
      <line>169</line>
    </frame>
    <frame>
      <class>com.kms.katalon.core.main.TestSuiteExecutor</class>
      <method>accessTestSuiteMainPhase</method>
      <line>142</line>
    </frame>
    <frame>
      <class>com.kms.katalon.core.main.TestSuiteExecutor</class>
      <method>execute</method>
      <line>91</line>
    </frame>
    <frame>
      <class>com.kms.katalon.core.main.TestCaseMain</class>
      <method>startTestSuite</method>
      <line>157</line>
    </frame>
    <frame>
      <class>com.kms.katalon.core.main.TestCaseMain$startTestSuite$0</class>
      <method>call</method>
    </frame>
    <frame>
      <class>TempTestSuite1577255479796</class>
      <method>run</method>
      <line>36</line>
    </frame>
  </exception>
  <nestedLevel>0</nestedLevel>
  <property name="failed.exception.stacktrace">org.openqa.selenium.WebDriverException: An unknown server-side error occurred while processing the command. Original error: Unable to launch WebDriverAgent because of xcodebuild failure: xcodebuild failed with code 65\nxcodebuild error message:\n\n2019-12-25 14:31:53.108 xcodebuild[4659:103088] Error writing xctestrun file: Error Domain=NSCocoaErrorDomain Code=4 \&quot;The folder \u201CWebDriverAgentRunner_iphoneos13.2-arm64.xctestrun\u201D doesn\u2019t exist.\&quot; UserInfo={NSFilePath=/Users/faz/Library/Developer/Xcode/DerivedData/WebDriverAgent-aiaejbhejflmruhkhsmeebmhbaia/Build/Products/WebDriverAgentRunner_iphoneos13.2-arm64.xctestrun, NSUserStringVariant=Folder, NSUnderlyingError=0x7fd5d7f9a240 {Error Domain=NSPOSIXErrorDomain Code=2 \&quot;No such file or directory\&quot;}}\n** TEST BUILD FAILED **\n2019-12-25 14:31:53.128 xcodebuild[4659:103125]  IDETestOperationsObserverDebug: Writing diagnostic log for test session to:\n/Users/faz/Library/Developer/Xcode/DerivedData/WebDriverAgent-aiaejbhejflmruhkhsmeebmhbaia/Logs/Test/Test-WebDriverAgentRunner-2019.12.25_14-31-52-+0800.xcresult/Staging/2_Test/Diagnostics/WebDriverAgentRunner-37051753-B29D-43BE-884E-415D04CD18FD/WebDriverAgentRunner-E3A5BCF5-C595-4503-B967-B61B2156FC3E/Session-WebDriverAgentRunner-2019-12-25_143153-lXVkYc.log\n2019-12-25 14:31:53.129 xcodebuild[4659:103084] [MT] IDETestOperationsObserverDebug: (177FB0AC-6657-4152-8242-7BBA2904A8B5) Beginning test session WebDriverAgentRunner-177FB0AC-6657-4152-8242-7BBA2904A8B5 at 2019-12-25 14:31:53.129 with Xcode 11C29 on target \uD83D\uDCF1&lt;DVTiOSDevice (0x7fd5d82ee4b0), \u70DF\u96FE\u5F39, iPhone, 13.2.2 (17B102), e6d787265ef659f59b738dbf66bcbf75a4ec54a1&gt; {\n\t\tdeviceSerialNumber:         DNPQTPW4GRY7\n\t\tidentifier:                 e6d787265ef659f59b738dbf66bcbf75a4ec54a1\n\t\tdeviceClass:                iPhone\n\t\tdeviceName:                 \u70DF\u96FE\u5F39\n\t\tdeviceIdentifier:           e6d787265ef659f59b738dbf66bcbf75a4ec54a1\n\t\tproductVersion:             13.2.2\n\t\tbuildVersion:               17B102\n\t\tdeviceSoftwareVersion:      13.2.2 (17B102)\n\t\tdeviceArchitecture:         arm64\n\t\tdeviceTotalCapacity:        122728800256\n\t\tdeviceAvailableCapacity:    97949020160\n\t\tdeviceIsTransient:          NO\n\t\tignored:                    NO\n\t\tdeviceIsBusy:               NO\n\t\tdeviceIsPaired:             YES\n\t\tdeviceIsActivated:          YES\n\t\tdeviceActivationState:      Activated\n\t\tisPasscodeLocked:           NO\n\t\tdeviceType:                 &lt;DVTDeviceType:0x7fd5d8011720 Xcode.DeviceType.iPhone&gt;\n\t\tsupportedDeviceFamilies:    (\n    1\n)\n\t\tapplications:              (null)\n\t\tprovisioningProfiles:      (null)\n\t\thasInternalSupport:        NO\n\t\thasWritableSystem:         NO\n\t\tisSupportedOS:             YES\n\t\tbootArgs:                  (null)\n\t\tnextBootArgs:              (null)\n\t\tconnected:                 YES\n\t\tisWirelessEnabled:         NO\n\t\tconnectionType:            direct\n\t\thostname:                  yanwudan.local.\n\t\tbonjourServiceName:        1c:5c:f2:b1:d0:2e@fe80::1e5c:f2ff:feb1:d02e._apple-mobdev2._tcp.local.\n\t\tactiveProxiedDevice:       (null)\n\t\t} (13.2.2 (17B102))\n2019-12-25 14:31:53.294 xcodebuild[4659:103084] [MT] IDETestOperationsObserverDebug: (177FB0AC-6657-4152-8242-7BBA2904A8B5) Finished requesting crash reports. Continuing with testing.\n*** If you believe this error represents a bug, please attach the result bundle at /Users/faz/Library/Developer/Xcode/DerivedData/WebDriverAgent-aiaejbhejflmruhkhsmeebmhbaia/Logs/Test/Test-WebDriverAgentRunner-2019.12.25_14-31-52-+0800.xcresult\n2019-12-25 14:31:53.314 xcodebuild[4659:103084] [MT] IDETestOperationsObserverDebug: 0.194 elapsed -- Testing started completed.\n2019-12-25 14:31:53.314 xcodebuild[4659:103084] [MT] IDETestOperationsObserverDebug: 0.000 sec, +0.000 sec -- start\n2019-12-25 14:31:53.314 xcodebuild[4659:103084] [MT] IDETestOperationsObserverDebug: 0.194 sec, +0.194 sec -- end\n2019-12-25 14:31:53.315 xcodebuild[4659:103084] Error Domain=NSCocoaErrorDomain Code=260 \&quot;The file \u201CWebDriverAgentRunner-Runner.app\u201D couldn\u2019t be opened because there is no such file.\&quot; UserInfo={NSFilePath=/Users/faz/Library/Developer/Xcode/DerivedData/WebDriverAgent-aiaejbhejflmruhkhsmeebmhbaia/Build/Products/Debug-iphoneos/WebDriverAgentRunner-Runner.app, NSUnderlyingError=0x7fd5d83cc4f0 {Error Domain=NSPOSIXErrorDomain Code=2 \&quot;No such file or directory\&quot;}}\nTest session results, code coverage, and logs:\n\t/Users/faz/Library/Developer/Xcode/DerivedData/WebDriverAgent-aiaejbhejflmruhkhsmeebmhbaia/Logs/Test/Test-WebDriverAgentRunner-2019.12.25_14-31-52-+0800.xcresult\nTesting failed:\n\tSigning for \&quot;WebDriverAgentRunner\&quot; requires a development team. Select a development team in the Signing &amp; Capabilities editor.\n\tWebDriverAgentRunner:\n\t\tWebDriverAgentRunner-Runner.app encountered an error (Failed to install or launch the test runner. (Underlying error: The file \u201CWebDriverAgentRunner-Runner.app\u201D couldn\u2019t be opened because there is no such file. The file doesn\u2019t exist. (Underlying error: The operation couldn\u2019t be completed. No such file or directory)))\n** TEST EXECUTE FAILED **\nTesting started on &apos;\u70DF\u96FE\u5F39&apos;. Make sure you follow the tutorial at https://github.com/appium/appium-xcuitest-driver/blob/master/docs/real-device-config.md. Try to remove the WebDriverAgentRunner application from the device if it is installed and reboot the device.\nBuild info: version: &apos;3.141.59&apos;, revision: &apos;e82be7d358&apos;, time: &apos;2018-11-14T08:25:53&apos;\nSystem info: host: &apos;FazAiZhongdeMacBook-Pro.local&apos;, ip: &apos;192.168.2.28&apos;, os.name: &apos;Mac OS X&apos;, os.arch: &apos;x86_64&apos;, os.version: &apos;10.14.6&apos;, java.version: &apos;1.8.0_181&apos;\nDriver info: driver.version: MobileDriverFactory$startMobileDriver\nremote stacktrace: UnknownError: An unknown server-side error occurred while processing the command. Original error: Unable to launch WebDriverAgent because of xcodebuild failure: xcodebuild failed with code 65\nxcodebuild error message:\n\n2019-12-25 14:31:53.108 xcodebuild[4659:103088] Error writing xctestrun file: Error Domain=NSCocoaErrorDomain Code=4 \&quot;The folder \u201CWebDriverAgentRunner_iphoneos13.2-arm64.xctestrun\u201D doesn\u2019t exist.\&quot; UserInfo={NSFilePath=/Users/faz/Library/Developer/Xcode/DerivedData/WebDriverAgent-aiaejbhejflmruhkhsmeebmhbaia/Build/Products/WebDriverAgentRunner_iphoneos13.2-arm64.xctestrun, NSUserStringVariant=Folder, NSUnderlyingError=0x7fd5d7f9a240 {Error Domain=NSPOSIXErrorDomain Code=2 \&quot;No such file or directory\&quot;}}\n** TEST BUILD FAILED **\n2019-12-25 14:31:53.128 xcodebuild[4659:103125]  IDETestOperationsObserverDebug: Writing diagnostic log for test session to:\n/Users/faz/Library/Developer/Xcode/DerivedData/WebDriverAgent-aiaejbhejflmruhkhsmeebmhbaia/Logs/Test/Test-WebDriverAgentRunner-2019.12.25_14-31-52-+0800.xcresult/Staging/2_Test/Diagnostics/WebDriverAgentRunner-37051753-B29D-43BE-884E-415D04CD18FD/WebDriverAgentRunner-E3A5BCF5-C595-4503-B967-B61B2156FC3E/Session-WebDriverAgentRunner-2019-12-25_143153-lXVkYc.log\n2019-12-25 14:31:53.129 xcodebuild[4659:103084] [MT] IDETestOperationsObserverDebug: (177FB0AC-6657-4152-8242-7BBA2904A8B5) Beginning test session WebDriverAgentRunner-177FB0AC-6657-4152-8242-7BBA2904A8B5 at 2019-12-25 14:31:53.129 with Xcode 11C29 on target \uD83D\uDCF1&lt;DVTiOSDevice (0x7fd5d82ee4b0), \u70DF\u96FE\u5F39, iPhone, 13.2.2 (17B102), e6d787265ef659f59b738dbf66bcbf75a4ec54a1&gt; {\n\t\tdeviceSerialNumber:         DNPQTPW4GRY7\n\t\tidentifier:                 e6d787265ef659f59b738dbf66bcbf75a4ec54a1\n\t\tdeviceClass:                iPhone\n\t\tdeviceName:                 \u70DF\u96FE\u5F39\n\t\tdeviceIdentifier:           e6d787265ef659f59b738dbf66bcbf75a4ec54a1\n\t\tproductVersion:             13.2.2\n\t\tbuildVersion:               17B102\n\t\tdeviceSoftwareVersion:      13.2.2 (17B102)\n\t\tdeviceArchitecture:         arm64\n\t\tdeviceTotalCapacity:        122728800256\n\t\tdeviceAvailableCapacity:    97949020160\n\t\tdeviceIsTransient:          NO\n\t\tignored:                    NO\n\t\tdeviceIsBusy:               NO\n\t\tdeviceIsPaired:             YES\n\t\tdeviceIsActivated:          YES\n\t\tdeviceActivationState:      Activated\n\t\tisPasscodeLocked:           NO\n\t\tdeviceType:                 &lt;DVTDeviceType:0x7fd5d8011720 Xcode.DeviceType.iPhone&gt;\n\t\tsupportedDeviceFamilies:    (\n    1\n)\n\t\tapplications:              (null)\n\t\tprovisioningProfiles:      (null)\n\t\thasInternalSupport:        NO\n\t\thasWritableSystem:         NO\n\t\tisSupportedOS:             YES\n\t\tbootArgs:                  (null)\n\t\tnextBootArgs:              (null)\n\t\tconnected:                 YES\n\t\tisWirelessEnabled:         NO\n\t\tconnectionType:            direct\n\t\thostname:                  yanwudan.local.\n\t\tbonjourServiceName:        1c:5c:f2:b1:d0:2e@fe80::1e5c:f2ff:feb1:d02e._apple-mobdev2._tcp.local.\n\t\tactiveProxiedDevice:       (null)\n\t\t} (13.2.2 (17B102))\n2019-12-25 14:31:53.294 xcodebuild[4659:103084] [MT] IDETestOperationsObserverDebug: (177FB0AC-6657-4152-8242-7BBA2904A8B5) Finished requesting crash reports. Continuing with testing.\n*** If you believe this error represents a bug, please attach the result bundle at /Users/faz/Library/Developer/Xcode/DerivedData/WebDriverAgent-aiaejbhejflmruhkhsmeebmhbaia/Logs/Test/Test-WebDriverAgentRunner-2019.12.25_14-31-52-+0800.xcresult\n2019-12-25 14:31:53.314 xcodebuild[4659:103084] [MT] IDETestOperationsObserverDebug: 0.194 elapsed -- Testing started completed.\n2019-12-25 14:31:53.314 xcodebuild[4659:103084] [MT] IDETestOperationsObserverDebug: 0.000 sec, +0.000 sec -- start\n2019-12-25 14:31:53.314 xcodebuild[4659:103084] [MT] IDETestOperationsObserverDebug: 0.194 sec, +0.194 sec -- end\n2019-12-25 14:31:53.315 xcodebuild[4659:103084] Error Domain=NSCocoaErrorDomain Code=260 \&quot;The file \u201CWebDriverAgentRunner-Runner.app\u201D couldn\u2019t be opened because there is no such file.\&quot; UserInfo={NSFilePath=/Users/faz/Library/Developer/Xcode/DerivedData/WebDriverAgent-aiaejbhejflmruhkhsmeebmhbaia/Build/Products/Debug-iphoneos/WebDriverAgentRunner-Runner.app, NSUnderlyingError=0x7fd5d83cc4f0 {Error Domain=NSPOSIXErrorDomain Code=2 \&quot;No such file or directory\&quot;}}\nTest session results, code coverage, and logs:\n\t/Users/faz/Library/Developer/Xcode/DerivedData/WebDriverAgent-aiaejbhejflmruhkhsmeebmhbaia/Logs/Test/Test-WebDriverAgentRunner-2019.12.25_14-31-52-+0800.xcresult\nTesting failed:\n\tSigning for \&quot;WebDriverAgentRunner\&quot; requires a development team. Select a development team in the Signing &amp; Capabilities editor.\n\tWebDriverAgentRunner:\n\t\tWebDriverAgentRunner-Runner.app encountered an error (Failed to install or launch the test runner. (Underlying error: The file \u201CWebDriverAgentRunner-Runner.app\u201D couldn\u2019t be opened because there is no such file. The file doesn\u2019t exist. (Underlying error: The operation couldn\u2019t be completed. No such file or directory)))\n** TEST EXECUTE FAILED **\nTesting started on &apos;\u70DF\u96FE\u5F39&apos;. Make sure you follow the tutorial at https://github.com/appium/appium-xcuitest-driver/blob/master/docs/real-device-config.md. Try to remove the WebDriverAgentRunner application from the device if it is installed and reboot the device.\n    at getResponseForW3CError (/usr/local/lib/node_modules/appium/node_modules/appium-base-driver/lib/protocol/errors.js:804:9)\n    at asyncHandler (/usr/local/lib/node_modules/appium/node_modules/appium-base-driver/lib/protocol/protocol.js:388:37)\n\tat org.openqa.selenium.remote.W3CHandshakeResponse.lambda$errorHandler$0(W3CHandshakeResponse.java:62)\n\tat org.openqa.selenium.remote.HandshakeResponse.lambda$getResponseFunction$0(HandshakeResponse.java:30)\n\tat org.openqa.selenium.remote.ProtocolHandshake.lambda$createSession$0(ProtocolHandshake.java:126)\n\tat org.openqa.selenium.remote.ProtocolHandshake.createSession(ProtocolHandshake.java:128)\n\tat io.appium.java_client.remote.AppiumCommandExecutor$1.createSession(AppiumCommandExecutor.java:186)\n\tat io.appium.java_client.remote.AppiumCommandExecutor.createSession(AppiumCommandExecutor.java:217)\n\tat io.appium.java_client.remote.AppiumCommandExecutor.execute(AppiumCommandExecutor.java:239)\n\tat org.openqa.selenium.remote.RemoteWebDriver.execute(RemoteWebDriver.java:552)\n\tat io.appium.java_client.DefaultGenericMobileDriver.execute(DefaultGenericMobileDriver.java:42)\n\tat io.appium.java_client.AppiumDriver.execute(AppiumDriver.java:1)\n\tat io.appium.java_client.ios.IOSDriver.execute(IOSDriver.java:1)\n\tat org.openqa.selenium.remote.RemoteWebDriver.startSession(RemoteWebDriver.java:213)\n\tat org.openqa.selenium.remote.RemoteWebDriver.&lt;init&gt;(RemoteWebDriver.java:131)\n\tat io.appium.java_client.DefaultGenericMobileDriver.&lt;init&gt;(DefaultGenericMobileDriver.java:38)\n\tat io.appium.java_client.AppiumDriver.&lt;init&gt;(AppiumDriver.java:84)\n\tat io.appium.java_client.ios.IOSDriver.&lt;init&gt;(IOSDriver.java:85)\n\tat com.kms.katalon.core.appium.driver.AppiumDriverManager.createMobileDriver(AppiumDriverManager.java:495)\n\tat com.kms.katalon.core.appium.driver.AppiumDriverManager.createMobileDriver(AppiumDriverManager.java:479)\n\tat com.kms.katalon.core.mobile.keyword.internal.MobileDriverFactory.startMobileDriver(MobileDriverFactory.java:339)\n\tat com.kms.katalon.core.mobile.keyword.internal.MobileDriverFactory$startMobileDriver.call(Unknown Source)\n\tat com.kms.katalon.core.mobile.keyword.builtin.StartExistingApplicationKeyword$_startApplication_closure1.doCall(StartExistingApplicationKeyword.groovy:40)\n\tat com.kms.katalon.core.mobile.keyword.builtin.StartExistingApplicationKeyword$_startApplication_closure1.doCall(StartExistingApplicationKeyword.groovy)\n\tat com.kms.katalon.core.mobile.keyword.internal.MobileKeywordMain.runKeyword(MobileKeywordMain.groovy:21)\n\tat com.kms.katalon.core.mobile.keyword.internal.MobileKeywordMain$runKeyword.call(Unknown Source)\n\tat com.kms.katalon.core.mobile.keyword.builtin.StartExistingApplicationKeyword.startApplication(StartExistingApplicationKeyword.groovy:43)\n\tat com.kms.katalon.core.mobile.keyword.builtin.StartExistingApplicationKeyword.execute(StartExistingApplicationKeyword.groovy:34)\n\tat com.kms.katalon.core.keyword.internal.KeywordExecutor.executeKeywordForPlatform(KeywordExecutor.groovy:72)\n\tat com.kms.katalon.core.mobile.keyword.MobileBuiltInKeywords.startExistingApplication(MobileBuiltInKeywords.groovy:89)\n\tat com.kms.katalon.core.mobile.keyword.MobileBuiltInKeywords$startExistingApplication.call(Unknown Source)\n\tat choose_puning.run(choose_puning:17)\n\tat com.kms.katalon.core.main.ScriptEngine.run(ScriptEngine.java:194)\n\tat com.kms.katalon.core.main.ScriptEngine.runScriptAsRawText(ScriptEngine.java:119)\n\tat com.kms.katalon.core.main.TestCaseExecutor.runScript(TestCaseExecutor.java:337)\n\tat com.kms.katalon.core.main.TestCaseExecutor.doExecute(TestCaseExecutor.java:328)\n\tat com.kms.katalon.core.main.TestCaseExecutor.processExecutionPhase(TestCaseExecutor.java:307)\n\tat com.kms.katalon.core.main.TestCaseExecutor.accessMainPhase(TestCaseExecutor.java:299)\n\tat com.kms.katalon.core.main.TestCaseExecutor.execute(TestCaseExecutor.java:233)\n\tat com.kms.katalon.core.main.TestSuiteExecutor.accessTestCaseMainPhase(TestSuiteExecutor.java:169)\n\tat com.kms.katalon.core.main.TestSuiteExecutor.accessTestSuiteMainPhase(TestSuiteExecutor.java:142)\n\tat com.kms.katalon.core.main.TestSuiteExecutor.execute(TestSuiteExecutor.java:91)\n\tat com.kms.katalon.core.main.TestCaseMain.startTestSuite(TestCaseMain.java:157)\n\tat com.kms.katalon.core.main.TestCaseMain$startTestSuite$0.call(Unknown Source)\n\tat TempTestSuite1577255479796.run(TempTestSuite1577255479796.groovy:36)\n</property>
  <property name="failed.exception.class">org.openqa.selenium.WebDriverException</property>
  <property name="failed.exception.message">An unknown server-side error occurred while processing the command. Original error: Unable to launch WebDriverAgent because of xcodebuild failure: xcodebuild failed with code 65\nxcodebuild error message:\n\n2019-12-25 14:31:53.108 xcodebuild[4659:103088] Error writing xctestrun file: Error Domain=NSCocoaErrorDomain Code=4 \&quot;The folder \u201CWebDriverAgentRunner_iphoneos13.2-arm64.xctestrun\u201D doesn\u2019t exist.\&quot; UserInfo={NSFilePath=/Users/faz/Library/Developer/Xcode/DerivedData/WebDriverAgent-aiaejbhejflmruhkhsmeebmhbaia/Build/Products/WebDriverAgentRunner_iphoneos13.2-arm64.xctestrun, NSUserStringVariant=Folder, NSUnderlyingError=0x7fd5d7f9a240 {Error Domain=NSPOSIXErrorDomain Code=2 \&quot;No such file or directory\&quot;}}\n** TEST BUILD FAILED **\n2019-12-25 14:31:53.128 xcodebuild[4659:103125]  IDETestOperationsObserverDebug: Writing diagnostic log for test session to:\n/Users/faz/Library/Developer/Xcode/DerivedData/WebDriverAgent-aiaejbhejflmruhkhsmeebmhbaia/Logs/Test/Test-WebDriverAgentRunner-2019.12.25_14-31-52-+0800.xcresult/Staging/2_Test/Diagnostics/WebDriverAgentRunner-37051753-B29D-43BE-884E-415D04CD18FD/WebDriverAgentRunner-E3A5BCF5-C595-4503-B967-B61B2156FC3E/Session-WebDriverAgentRunner-2019-12-25_143153-lXVkYc.log\n2019-12-25 14:31:53.129 xcodebuild[4659:103084] [MT] IDETestOperationsObserverDebug: (177FB0AC-6657-4152-8242-7BBA2904A8B5) Beginning test session WebDriverAgentRunner-177FB0AC-6657-4152-8242-7BBA2904A8B5 at 2019-12-25 14:31:53.129 with Xcode 11C29 on target \uD83D\uDCF1&lt;DVTiOSDevice (0x7fd5d82ee4b0), \u70DF\u96FE\u5F39, iPhone, 13.2.2 (17B102), e6d787265ef659f59b738dbf66bcbf75a4ec54a1&gt; {\n\t\tdeviceSerialNumber:         DNPQTPW4GRY7\n\t\tidentifier:                 e6d787265ef659f59b738dbf66bcbf75a4ec54a1\n\t\tdeviceClass:                iPhone\n\t\tdeviceName:                 \u70DF\u96FE\u5F39\n\t\tdeviceIdentifier:           e6d787265ef659f59b738dbf66bcbf75a4ec54a1\n\t\tproductVersion:             13.2.2\n\t\tbuildVersion:               17B102\n\t\tdeviceSoftwareVersion:      13.2.2 (17B102)\n\t\tdeviceArchitecture:         arm64\n\t\tdeviceTotalCapacity:        122728800256\n\t\tdeviceAvailableCapacity:    97949020160\n\t\tdeviceIsTransient:          NO\n\t\tignored:                    NO\n\t\tdeviceIsBusy:               NO\n\t\tdeviceIsPaired:             YES\n\t\tdeviceIsActivated:          YES\n\t\tdeviceActivationState:      Activated\n\t\tisPasscodeLocked:           NO\n\t\tdeviceType:                 &lt;DVTDeviceType:0x7fd5d8011720 Xcode.DeviceType.iPhone&gt;\n\t\tsupportedDeviceFamilies:    (\n    1\n)\n\t\tapplications:              (null)\n\t\tprovisioningProfiles:      (null)\n\t\thasInternalSupport:        NO\n\t\thasWritableSystem:         NO\n\t\tisSupportedOS:             YES\n\t\tbootArgs:                  (null)\n\t\tnextBootArgs:              (null)\n\t\tconnected:                 YES\n\t\tisWirelessEnabled:         NO\n\t\tconnectionType:            direct\n\t\thostname:                  yanwudan.local.\n\t\tbonjourServiceName:        1c:5c:f2:b1:d0:2e@fe80::1e5c:f2ff:feb1:d02e._apple-mobdev2._tcp.local.\n\t\tactiveProxiedDevice:       (null)\n\t\t} (13.2.2 (17B102))\n2019-12-25 14:31:53.294 xcodebuild[4659:103084] [MT] IDETestOperationsObserverDebug: (177FB0AC-6657-4152-8242-7BBA2904A8B5) Finished requesting crash reports. Continuing with testing.\n*** If you believe this error represents a bug, please attach the result bundle at /Users/faz/Library/Developer/Xcode/DerivedData/WebDriverAgent-aiaejbhejflmruhkhsmeebmhbaia/Logs/Test/Test-WebDriverAgentRunner-2019.12.25_14-31-52-+0800.xcresult\n2019-12-25 14:31:53.314 xcodebuild[4659:103084] [MT] IDETestOperationsObserverDebug: 0.194 elapsed -- Testing started completed.\n2019-12-25 14:31:53.314 xcodebuild[4659:103084] [MT] IDETestOperationsObserverDebug: 0.000 sec, +0.000 sec -- start\n2019-12-25 14:31:53.314 xcodebuild[4659:103084] [MT] IDETestOperationsObserverDebug: 0.194 sec, +0.194 sec -- end\n2019-12-25 14:31:53.315 xcodebuild[4659:103084] Error Domain=NSCocoaErrorDomain Code=260 \&quot;The file \u201CWebDriverAgentRunner-Runner.app\u201D couldn\u2019t be opened because there is no such file.\&quot; UserInfo={NSFilePath=/Users/faz/Library/Developer/Xcode/DerivedData/WebDriverAgent-aiaejbhejflmruhkhsmeebmhbaia/Build/Products/Debug-iphoneos/WebDriverAgentRunner-Runner.app, NSUnderlyingError=0x7fd5d83cc4f0 {Error Domain=NSPOSIXErrorDomain Code=2 \&quot;No such file or directory\&quot;}}\nTest session results, code coverage, and logs:\n\t/Users/faz/Library/Developer/Xcode/DerivedData/WebDriverAgent-aiaejbhejflmruhkhsmeebmhbaia/Logs/Test/Test-WebDriverAgentRunner-2019.12.25_14-31-52-+0800.xcresult\nTesting failed:\n\tSigning for \&quot;WebDriverAgentRunner\&quot; requires a development team. Select a development team in the Signing &amp; Capabilities editor.\n\tWebDriverAgentRunner:\n\t\tWebDriverAgentRunner-Runner.app encountered an error (Failed to install or launch the test runner. (Underlying error: The file \u201CWebDriverAgentRunner-Runner.app\u201D couldn\u2019t be opened because there is no such file. The file doesn\u2019t exist. (Underlying error: The operation couldn\u2019t be completed. No such file or directory)))\n** TEST EXECUTE FAILED **\nTesting started on &apos;\u70DF\u96FE\u5F39&apos;. Make sure you follow the tutorial at https://github.com/appium/appium-xcuitest-driver/blob/master/docs/real-device-config.md. Try to remove the WebDriverAgentRunner application from the device if it is installed and reboot the device.\nBuild info: version: &apos;3.141.59&apos;, revision: &apos;e82be7d358&apos;, time: &apos;2018-11-14T08:25:53&apos;\nSystem info: host: &apos;FazAiZhongdeMacBook-Pro.local&apos;, ip: &apos;192.168.2.28&apos;, os.name: &apos;Mac OS X&apos;, os.arch: &apos;x86_64&apos;, os.version: &apos;10.14.6&apos;, java.version: &apos;1.8.0_181&apos;\nDriver info: driver.version: MobileDriverFactory$startMobileDriver\nremote stacktrace: UnknownError: An unknown server-side error occurred while processing the command. Original error: Unable to launch WebDriverAgent because of xcodebuild failure: xcodebuild failed with code 65\nxcodebuild error message:\n\n2019-12-25 14:31:53.108 xcodebuild[4659:103088] Error writing xctestrun file: Error Domain=NSCocoaErrorDomain Code=4 \&quot;The folder \u201CWebDriverAgentRunner_iphoneos13.2-arm64.xctestrun\u201D doesn\u2019t exist.\&quot; UserInfo={NSFilePath=/Users/faz/Library/Developer/Xcode/DerivedData/WebDriverAgent-aiaejbhejflmruhkhsmeebmhbaia/Build/Products/WebDriverAgentRunner_iphoneos13.2-arm64.xctestrun, NSUserStringVariant=Folder, NSUnderlyingError=0x7fd5d7f9a240 {Error Domain=NSPOSIXErrorDomain Code=2 \&quot;No such file or directory\&quot;}}\n** TEST BUILD FAILED **\n2019-12-25 14:31:53.128 xcodebuild[4659:103125]  IDETestOperationsObserverDebug: Writing diagnostic log for test session to:\n/Users/faz/Library/Developer/Xcode/DerivedData/WebDriverAgent-aiaejbhejflmruhkhsmeebmhbaia/Logs/Test/Test-WebDriverAgentRunner-2019.12.25_14-31-52-+0800.xcresult/Staging/2_Test/Diagnostics/WebDriverAgentRunner-37051753-B29D-43BE-884E-415D04CD18FD/WebDriverAgentRunner-E3A5BCF5-C595-4503-B967-B61B2156FC3E/Session-WebDriverAgentRunner-2019-12-25_143153-lXVkYc.log\n2019-12-25 14:31:53.129 xcodebuild[4659:103084] [MT] IDETestOperationsObserverDebug: (177FB0AC-6657-4152-8242-7BBA2904A8B5) Beginning test session WebDriverAgentRunner-177FB0AC-6657-4152-8242-7BBA2904A8B5 at 2019-12-25 14:31:53.129 with Xcode 11C29 on target \uD83D\uDCF1&lt;DVTiOSDevice (0x7fd5d82ee4b0), \u70DF\u96FE\u5F39, iPhone, 13.2.2 (17B102), e6d787265ef659f59b738dbf66bcbf75a4ec54a1&gt; {\n\t\tdeviceSerialNumber:         DNPQTPW4GRY7\n\t\tidentifier:                 e6d787265ef659f59b738dbf66bcbf75a4ec54a1\n\t\tdeviceClass:                iPhone\n\t\tdeviceName:                 \u70DF\u96FE\u5F39\n\t\tdeviceIdentifier:           e6d787265ef659f59b738dbf66bcbf75a4ec54a1\n\t\tproductVersion:             13.2.2\n\t\tbuildVersion:               17B102\n\t\tdeviceSoftwareVersion:      13.2.2 (17B102)\n\t\tdeviceArchitecture:         arm64\n\t\tdeviceTotalCapacity:        122728800256\n\t\tdeviceAvailableCapacity:    97949020160\n\t\tdeviceIsTransient:          NO\n\t\tignored:                    NO\n\t\tdeviceIsBusy:               NO\n\t\tdeviceIsPaired:             YES\n\t\tdeviceIsActivated:          YES\n\t\tdeviceActivationState:      Activated\n\t\tisPasscodeLocked:           NO\n\t\tdeviceType:                 &lt;DVTDeviceType:0x7fd5d8011720 Xcode.DeviceType.iPhone&gt;\n\t\tsupportedDeviceFamilies:    (\n    1\n)\n\t\tapplications:              (null)\n\t\tprovisioningProfiles:      (null)\n\t\thasInternalSupport:        NO\n\t\thasWritableSystem:         NO\n\t\tisSupportedOS:             YES\n\t\tbootArgs:                  (null)\n\t\tnextBootArgs:              (null)\n\t\tconnected:                 YES\n\t\tisWirelessEnabled:         NO\n\t\tconnectionType:            direct\n\t\thostname:                  yanwudan.local.\n\t\tbonjourServiceName:        1c:5c:f2:b1:d0:2e@fe80::1e5c:f2ff:feb1:d02e._apple-mobdev2._tcp.local.\n\t\tactiveProxiedDevice:       (null)\n\t\t} (13.2.2 (17B102))\n2019-12-25 14:31:53.294 xcodebuild[4659:103084] [MT] IDETestOperationsObserverDebug: (177FB0AC-6657-4152-8242-7BBA2904A8B5) Finished requesting crash reports. Continuing with testing.\n*** If you believe this error represents a bug, please attach the result bundle at /Users/faz/Library/Developer/Xcode/DerivedData/WebDriverAgent-aiaejbhejflmruhkhsmeebmhbaia/Logs/Test/Test-WebDriverAgentRunner-2019.12.25_14-31-52-+0800.xcresult\n2019-12-25 14:31:53.314 xcodebuild[4659:103084] [MT] IDETestOperationsObserverDebug: 0.194 elapsed -- Testing started completed.\n2019-12-25 14:31:53.314 xcodebuild[4659:103084] [MT] IDETestOperationsObserverDebug: 0.000 sec, +0.000 sec -- start\n2019-12-25 14:31:53.314 xcodebuild[4659:103084] [MT] IDETestOperationsObserverDebug: 0.194 sec, +0.194 sec -- end\n2019-12-25 14:31:53.315 xcodebuild[4659:103084] Error Domain=NSCocoaErrorDomain Code=260 \&quot;The file \u201CWebDriverAgentRunner-Runner.app\u201D couldn\u2019t be opened because there is no such file.\&quot; UserInfo={NSFilePath=/Users/faz/Library/Developer/Xcode/DerivedData/WebDriverAgent-aiaejbhejflmruhkhsmeebmhbaia/Build/Products/Debug-iphoneos/WebDriverAgentRunner-Runner.app, NSUnderlyingError=0x7fd5d83cc4f0 {Error Domain=NSPOSIXErrorDomain Code=2 \&quot;No such file or directory\&quot;}}\nTest session results, code coverage, and logs:\n\t/Users/faz/Library/Developer/Xcode/DerivedData/WebDriverAgent-aiaejbhejflmruhkhsmeebmhbaia/Logs/Test/Test-WebDriverAgentRunner-2019.12.25_14-31-52-+0800.xcresult\nTesting failed:\n\tSigning for \&quot;WebDriverAgentRunner\&quot; requires a development team. Select a development team in the Signing &amp; Capabilities editor.\n\tWebDriverAgentRunner:\n\t\tWebDriverAgentRunner-Runner.app encountered an error (Failed to install or launch the test runner. (Underlying error: The file \u201CWebDriverAgentRunner-Runner.app\u201D couldn\u2019t be opened because there is no such file. The file doesn\u2019t exist. (Underlying error: The operation couldn\u2019t be completed. No such file or directory)))\n** TEST EXECUTE FAILED **\nTesting started on &apos;\u70DF\u96FE\u5F39&apos;. Make sure you follow the tutorial at https://github.com/appium/appium-xcuitest-driver/blob/master/docs/real-device-config.md. Try to remove the WebDriverAgentRunner application from the device if it is installed and reboot the device.\n    at getResponseForW3CError (/usr/local/lib/node_modules/appium/node_modules/appium-base-driver/lib/protocol/errors.js:804:9)\n    at asyncHandler (/usr/local/lib/node_modules/appium/node_modules/appium-base-driver/lib/protocol/protocol.js:388:37)</property>
</record>
<record>
  <date>2019-12-25T14:31:59</date>
  <millis>1577255519537</millis>
  <sequence>34</sequence>
  <level>END</level>
  <class>com.kms.katalon.core.logging.XmlKeywordLogger</class>
  <method>endTest</method>
  <thread>1</thread>
  <message>End Test Case : Test Cases/IOS App/Public Module/Choose City/choose_puning</message>
  <nestedLevel>0</nestedLevel>
</record>
<record>
  <date>2019-12-25T14:31:59</date>
  <millis>1577255519549</millis>
  <sequence>35</sequence>
  <level>START</level>
  <class>com.kms.katalon.core.logging.XmlKeywordLogger</class>
  <method>startTest</method>
  <thread>1</thread>
  <message>Start Test Case : Test Cases/IOS App/Public Module/Login And Page/login</message>
  <nestedLevel>1</nestedLevel>
  <property name="name">Test Cases/IOS App/Public Module/Login And Page/login</property>
  <property name="description">\u767B\u5F55</property>
  <property name="id">Test Cases/IOS App/Public Module/Login And Page/login</property>
  <property name="source">\\Users\\faz\\git\\com.goldlokedu.app\\Test Cases\\IOS App\\Public Module\\Login And Page\\login.tc</property>
  <property name="tag"></property>
  <property name="isOptional">false</property>
</record>
<record>
  <date>2019-12-25T14:31:59</date>
  <millis>1577255519666</millis>
  <sequence>37</sequence>
  <level>INFO</level>
  <class>com.kms.katalon.core.logging.XmlKeywordLogger</class>
  <method>logMessage</method>
  <thread>1</thread>
  <message>(Default) username = 18344264447</message>
  <nestedLevel>1</nestedLevel>
</record>
<record>
  <date>2019-12-25T14:31:59</date>
  <millis>1577255519688</millis>
  <sequence>38</sequence>
  <level>INFO</level>
  <class>com.kms.katalon.core.logging.XmlKeywordLogger</class>
  <method>logMessage</method>
  <thread>1</thread>
  <message>(Default) password = 123456a@</message>
  <nestedLevel>1</nestedLevel>
</record>
<record>
  <date>2019-12-25T14:32:00</date>
  <millis>1577255520017</millis>
  <sequence>39</sequence>
  <level>START</level>
  <class>com.kms.katalon.core.logging.XmlKeywordLogger</class>
  <method>startKeyword</method>
  <thread>1</thread>
  <message>Start action : setText(findTestObject(\&amp;quot;IOS App/Login Page Element/userName\&amp;quot;), username, 1)</message>
  <nestedLevel>1</nestedLevel>
  <property name="startLine">17</property>
  <property name="stepIndex">1</property>
  <property name="description">\u8F93\u5165\u7528\u6237\u540D\u79F0</property>
</record>
<record>
  <date>2019-12-25T14:32:00</date>
  <millis>1577255520276</millis>
  <sequence>43</sequence>
  <level>END</level>
  <class>com.kms.katalon.core.logging.XmlKeywordLogger</class>
  <method>endKeyword</method>
  <thread>1</thread>
  <message>End action : setText(findTestObject(\&amp;quot;IOS App/Login Page Element/userName\&amp;quot;), username, 1)</message>
  <nestedLevel>1</nestedLevel>
</record>
<record>
  <date>2019-12-25T14:32:00</date>
  <millis>1577255520277</millis>
  <sequence>45</sequence>
  <level>FAILED</level>
  <class>com.kms.katalon.core.logging.XmlKeywordLogger</class>
  <method>logMessage</method>
  <thread>1</thread>
  <message>Test Cases/IOS App/Public Module/Login And Page/login FAILED.\nReason:\ncom.kms.katalon.core.exception.StepFailedException: No driver found\n\tat com.kms.katalon.core.mobile.helper.MobileScreenCaptor.getAnyAppiumDriver(MobileScreenCaptor.java:64)\n\tat com.kms.katalon.core.mobile.helper.MobileScreenCaptor.take(MobileScreenCaptor.java:31)\n\tat com.kms.katalon.core.helper.screenshot.ScreenCaptor.takeScreenshotAndGetAttributes(ScreenCaptor.java:37)\n\tat com.kms.katalon.core.mobile.keyword.internal.MobileKeywordMain.stepFailed(MobileKeywordMain.groovy:40)\n\tat com.kms.katalon.core.mobile.keyword.internal.MobileKeywordMain.runKeyword(MobileKeywordMain.groovy:23)\n\tat com.kms.katalon.core.mobile.keyword.builtin.SetTextKeyword.setText(SetTextKeyword.groovy:83)\n\tat com.kms.katalon.core.mobile.keyword.builtin.SetTextKeyword.execute(SetTextKeyword.groovy:66)\n\tat com.kms.katalon.core.keyword.internal.KeywordExecutor.executeKeywordForPlatform(KeywordExecutor.groovy:72)\n\tat com.kms.katalon.core.mobile.keyword.MobileBuiltInKeywords.setText(MobileBuiltInKeywords.groovy:492)\n\tat com.kms.katalon.core.mobile.keyword.MobileBuiltInKeywords$setText$0.call(Unknown Source)\n\tat login.run(login:17)\n\tat com.kms.katalon.core.main.ScriptEngine.run(ScriptEngine.java:194)\n\tat com.kms.katalon.core.main.ScriptEngine.runScriptAsRawText(ScriptEngine.java:119)\n\tat com.kms.katalon.core.main.TestCaseExecutor.runScript(TestCaseExecutor.java:337)\n\tat com.kms.katalon.core.main.TestCaseExecutor.doExecute(TestCaseExecutor.java:328)\n\tat com.kms.katalon.core.main.TestCaseExecutor.processExecutionPhase(TestCaseExecutor.java:307)\n\tat com.kms.katalon.core.main.TestCaseExecutor.accessMainPhase(TestCaseExecutor.java:299)\n\tat com.kms.katalon.core.main.TestCaseExecutor.execute(TestCaseExecutor.java:233)\n\tat com.kms.katalon.core.main.TestSuiteExecutor.accessTestCaseMainPhase(TestSuiteExecutor.java:169)\n\tat com.kms.katalon.core.main.TestSuiteExecutor.accessTestSuiteMainPhase(TestSuiteExecutor.java:142)\n\tat com.kms.katalon.core.main.TestSuiteExecutor.execute(TestSuiteExecutor.java:91)\n\tat com.kms.katalon.core.main.TestCaseMain.startTestSuite(TestCaseMain.java:157)\n\tat com.kms.katalon.core.main.TestCaseMain$startTestSuite$0.call(Unknown Source)\n\tat TempTestSuite1577255479796.run(TempTestSuite1577255479796.groovy:36)\n</message>
  <exception>
    <message>com.kms.katalon.core.exception.StepFailedException: No driver found</message>
    <frame>
      <class>com.kms.katalon.core.mobile.helper.MobileScreenCaptor</class>
      <method>getAnyAppiumDriver</method>
      <line>64</line>
    </frame>
    <frame>
      <class>com.kms.katalon.core.mobile.helper.MobileScreenCaptor</class>
      <method>take</method>
      <line>31</line>
    </frame>
    <frame>
      <class>com.kms.katalon.core.helper.screenshot.ScreenCaptor</class>
      <method>takeScreenshotAndGetAttributes</method>
      <line>37</line>
    </frame>
    <frame>
      <class>com.kms.katalon.core.mobile.keyword.internal.MobileKeywordMain</class>
      <method>stepFailed</method>
      <line>40</line>
    </frame>
    <frame>
      <class>com.kms.katalon.core.mobile.keyword.internal.MobileKeywordMain</class>
      <method>runKeyword</method>
      <line>23</line>
    </frame>
    <frame>
      <class>com.kms.katalon.core.mobile.keyword.builtin.SetTextKeyword</class>
      <method>setText</method>
      <line>83</line>
    </frame>
    <frame>
      <class>com.kms.katalon.core.mobile.keyword.builtin.SetTextKeyword</class>
      <method>execute</method>
      <line>66</line>
    </frame>
    <frame>
      <class>com.kms.katalon.core.keyword.internal.KeywordExecutor</class>
      <method>executeKeywordForPlatform</method>
      <line>72</line>
    </frame>
    <frame>
      <class>com.kms.katalon.core.mobile.keyword.MobileBuiltInKeywords</class>
      <method>setText</method>
      <line>492</line>
    </frame>
    <frame>
      <class>com.kms.katalon.core.mobile.keyword.MobileBuiltInKeywords$setText$0</class>
      <method>call</method>
    </frame>
    <frame>
      <class>login</class>
      <method>run</method>
      <line>17</line>
    </frame>
    <frame>
      <class>com.kms.katalon.core.main.ScriptEngine</class>
      <method>run</method>
      <line>194</line>
    </frame>
    <frame>
      <class>com.kms.katalon.core.main.ScriptEngine</class>
      <method>runScriptAsRawText</method>
      <line>119</line>
    </frame>
    <frame>
      <class>com.kms.katalon.core.main.TestCaseExecutor</class>
      <method>runScript</method>
      <line>337</line>
    </frame>
    <frame>
      <class>com.kms.katalon.core.main.TestCaseExecutor</class>
      <method>doExecute</method>
      <line>328</line>
    </frame>
    <frame>
      <class>com.kms.katalon.core.main.TestCaseExecutor</class>
      <method>processExecutionPhase</method>
      <line>307</line>
    </frame>
    <frame>
      <class>com.kms.katalon.core.main.TestCaseExecutor</class>
      <method>accessMainPhase</method>
      <line>299</line>
    </frame>
    <frame>
      <class>com.kms.katalon.core.main.TestCaseExecutor</class>
      <method>execute</method>
      <line>233</line>
    </frame>
    <frame>
      <class>com.kms.katalon.core.main.TestSuiteExecutor</class>
      <method>accessTestCaseMainPhase</method>
      <line>169</line>
    </frame>
    <frame>
      <class>com.kms.katalon.core.main.TestSuiteExecutor</class>
      <method>accessTestSuiteMainPhase</method>
      <line>142</line>
    </frame>
    <frame>
      <class>com.kms.katalon.core.main.TestSuiteExecutor</class>
      <method>execute</method>
      <line>91</line>
    </frame>
    <frame>
      <class>com.kms.katalon.core.main.TestCaseMain</class>
      <method>startTestSuite</method>
      <line>157</line>
    </frame>
    <frame>
      <class>com.kms.katalon.core.main.TestCaseMain$startTestSuite$0</class>
      <method>call</method>
    </frame>
    <frame>
      <class>TempTestSuite1577255479796</class>
      <method>run</method>
      <line>36</line>
    </frame>
  </exception>
  <nestedLevel>0</nestedLevel>
  <property name="failed.exception.stacktrace">com.kms.katalon.core.exception.StepFailedException: No driver found\n\tat com.kms.katalon.core.mobile.helper.MobileScreenCaptor.getAnyAppiumDriver(MobileScreenCaptor.java:64)\n\tat com.kms.katalon.core.mobile.helper.MobileScreenCaptor.take(MobileScreenCaptor.java:31)\n\tat com.kms.katalon.core.helper.screenshot.ScreenCaptor.takeScreenshotAndGetAttributes(ScreenCaptor.java:37)\n\tat com.kms.katalon.core.mobile.keyword.internal.MobileKeywordMain.stepFailed(MobileKeywordMain.groovy:40)\n\tat com.kms.katalon.core.mobile.keyword.internal.MobileKeywordMain.runKeyword(MobileKeywordMain.groovy:23)\n\tat com.kms.katalon.core.mobile.keyword.builtin.SetTextKeyword.setText(SetTextKeyword.groovy:83)\n\tat com.kms.katalon.core.mobile.keyword.builtin.SetTextKeyword.execute(SetTextKeyword.groovy:66)\n\tat com.kms.katalon.core.keyword.internal.KeywordExecutor.executeKeywordForPlatform(KeywordExecutor.groovy:72)\n\tat com.kms.katalon.core.mobile.keyword.MobileBuiltInKeywords.setText(MobileBuiltInKeywords.groovy:492)\n\tat com.kms.katalon.core.mobile.keyword.MobileBuiltInKeywords$setText$0.call(Unknown Source)\n\tat login.run(login:17)\n\tat com.kms.katalon.core.main.ScriptEngine.run(ScriptEngine.java:194)\n\tat com.kms.katalon.core.main.ScriptEngine.runScriptAsRawText(ScriptEngine.java:119)\n\tat com.kms.katalon.core.main.TestCaseExecutor.runScript(TestCaseExecutor.java:337)\n\tat com.kms.katalon.core.main.TestCaseExecutor.doExecute(TestCaseExecutor.java:328)\n\tat com.kms.katalon.core.main.TestCaseExecutor.processExecutionPhase(TestCaseExecutor.java:307)\n\tat com.kms.katalon.core.main.TestCaseExecutor.accessMainPhase(TestCaseExecutor.java:299)\n\tat com.kms.katalon.core.main.TestCaseExecutor.execute(TestCaseExecutor.java:233)\n\tat com.kms.katalon.core.main.TestSuiteExecutor.accessTestCaseMainPhase(TestSuiteExecutor.java:169)\n\tat com.kms.katalon.core.main.TestSuiteExecutor.accessTestSuiteMainPhase(TestSuiteExecutor.java:142)\n\tat com.kms.katalon.core.main.TestSuiteExecutor.execute(TestSuiteExecutor.java:91)\n\tat com.kms.katalon.core.main.TestCaseMain.startTestSuite(TestCaseMain.java:157)\n\tat com.kms.katalon.core.main.TestCaseMain$startTestSuite$0.call(Unknown Source)\n\tat TempTestSuite1577255479796.run(TempTestSuite1577255479796.groovy:36)\n</property>
  <property name="failed.exception.class">com.kms.katalon.core.exception.StepFailedException</property>
  <property name="failed.exception.message">No driver found</property>
</record>
<record>
  <date>2019-12-25T14:32:00</date>
  <millis>1577255520280</millis>
  <sequence>47</sequence>
  <level>END</level>
  <class>com.kms.katalon.core.logging.XmlKeywordLogger</class>
  <method>endTest</method>
  <thread>1</thread>
  <message>End Test Case : Test Cases/IOS App/Public Module/Login And Page/login</message>
  <nestedLevel>0</nestedLevel>
</record>
<record>
  <date>2019-12-25T14:32:00</date>
  <millis>1577255520287</millis>
  <sequence>48</sequence>
  <level>START</level>
  <class>com.kms.katalon.core.logging.XmlKeywordLogger</class>
  <method>startTest</method>
  <thread>1</thread>
  <message>Start Test Case : Test Cases/IOS App/Teacher/Headmaster/_Campus/_Interactive Management/tap_sms</message>
  <nestedLevel>1</nestedLevel>
  <property name="name">Test Cases/IOS App/Teacher/Headmaster/_Campus/_Interactive Management/tap_sms</property>
  <property name="description">\u70B9\u51FB\u624B\u673A\u77ED\u4FE1\u6A21\u5757\u8FDB\u5165</property>
  <property name="id">Test Cases/IOS App/Teacher/Headmaster/_Campus/_Interactive Management/tap_sms</property>
  <property name="source">\\Users\\faz\\git\\com.goldlokedu.app\\Test Cases\\IOS App\\Teacher\\Headmaster\\_Campus\\_Interactive Management\\tap_sms.tc</property>
  <property name="tag"></property>
  <property name="isOptional">false</property>
</record>
<record>
  <date>2019-12-25T14:32:00</date>
  <millis>1577255520567</millis>
  <sequence>50</sequence>
  <level>START</level>
  <class>com.kms.katalon.core.logging.XmlKeywordLogger</class>
  <method>startKeyword</method>
  <thread>1</thread>
  <message>Start action : tap(findTestObject(\&amp;quot;IOS App/Users/Teacher/Headmaster/_Campus/_Interactive Management/sms_btn\&amp;quot;), 0)</message>
  <nestedLevel>1</nestedLevel>
  <property name="startLine">17</property>
  <property name="stepIndex">1</property>
  <property name="description">\u70B9\u51FB\u624B\u673A\u77ED\u4FE1</property>
</record>
<record>
  <date>2019-12-25T14:32:00</date>
  <millis>1577255520638</millis>
  <sequence>54</sequence>
  <level>WARNING</level>
  <class>com.kms.katalon.core.logging.XmlKeywordLogger</class>
  <method>logMessage</method>
  <thread>1</thread>
  <message>Timeout &amp;apos;0&amp;apos; is invalid. Using default page load timeout: &amp;apos;30&amp;apos;</message>
  <nestedLevel>1</nestedLevel>
</record>
<record>
  <date>2019-12-25T14:32:00</date>
  <millis>1577255520639</millis>
  <sequence>55</sequence>
  <level>END</level>
  <class>com.kms.katalon.core.logging.XmlKeywordLogger</class>
  <method>endKeyword</method>
  <thread>1</thread>
  <message>End action : tap(findTestObject(\&amp;quot;IOS App/Users/Teacher/Headmaster/_Campus/_Interactive Management/sms_btn\&amp;quot;), 0)</message>
  <nestedLevel>1</nestedLevel>
</record>
<record>
  <date>2019-12-25T14:32:00</date>
  <millis>1577255520640</millis>
  <sequence>57</sequence>
  <level>FAILED</level>
  <class>com.kms.katalon.core.logging.XmlKeywordLogger</class>
  <method>logMessage</method>
  <thread>1</thread>
  <message>Test Cases/IOS App/Teacher/Headmaster/_Campus/_Interactive Management/tap_sms FAILED.\nReason:\ncom.kms.katalon.core.exception.StepFailedException: No driver found\n\tat com.kms.katalon.core.mobile.helper.MobileScreenCaptor.getAnyAppiumDriver(MobileScreenCaptor.java:64)\n\tat com.kms.katalon.core.mobile.helper.MobileScreenCaptor.take(MobileScreenCaptor.java:31)\n\tat com.kms.katalon.core.helper.screenshot.ScreenCaptor.takeScreenshotAndGetAttributes(ScreenCaptor.java:37)\n\tat com.kms.katalon.core.mobile.keyword.internal.MobileKeywordMain.stepFailed(MobileKeywordMain.groovy:40)\n\tat com.kms.katalon.core.mobile.keyword.internal.MobileKeywordMain.runKeyword(MobileKeywordMain.groovy:23)\n\tat com.kms.katalon.core.mobile.keyword.builtin.TapKeyword.tap(TapKeyword.groovy:86)\n\tat com.kms.katalon.core.mobile.keyword.builtin.TapKeyword.execute(TapKeyword.groovy:68)\n\tat com.kms.katalon.core.keyword.internal.KeywordExecutor.executeKeywordForPlatform(KeywordExecutor.groovy:72)\n\tat com.kms.katalon.core.mobile.keyword.MobileBuiltInKeywords.tap(MobileBuiltInKeywords.groovy:577)\n\tat com.kms.katalon.core.mobile.keyword.MobileBuiltInKeywords$tap$1.call(Unknown Source)\n\tat tap_sms.run(tap_sms:17)\n\tat com.kms.katalon.core.main.ScriptEngine.run(ScriptEngine.java:194)\n\tat com.kms.katalon.core.main.ScriptEngine.runScriptAsRawText(ScriptEngine.java:119)\n\tat com.kms.katalon.core.main.TestCaseExecutor.runScript(TestCaseExecutor.java:337)\n\tat com.kms.katalon.core.main.TestCaseExecutor.doExecute(TestCaseExecutor.java:328)\n\tat com.kms.katalon.core.main.TestCaseExecutor.processExecutionPhase(TestCaseExecutor.java:307)\n\tat com.kms.katalon.core.main.TestCaseExecutor.accessMainPhase(TestCaseExecutor.java:299)\n\tat com.kms.katalon.core.main.TestCaseExecutor.execute(TestCaseExecutor.java:233)\n\tat com.kms.katalon.core.main.TestSuiteExecutor.accessTestCaseMainPhase(TestSuiteExecutor.java:169)\n\tat com.kms.katalon.core.main.TestSuiteExecutor.accessTestSuiteMainPhase(TestSuiteExecutor.java:142)\n\tat com.kms.katalon.core.main.TestSuiteExecutor.execute(TestSuiteExecutor.java:91)\n\tat com.kms.katalon.core.main.TestCaseMain.startTestSuite(TestCaseMain.java:157)\n\tat com.kms.katalon.core.main.TestCaseMain$startTestSuite$0.call(Unknown Source)\n\tat TempTestSuite1577255479796.run(TempTestSuite1577255479796.groovy:36)\n</message>
  <exception>
    <message>com.kms.katalon.core.exception.StepFailedException: No driver found</message>
    <frame>
      <class>com.kms.katalon.core.mobile.helper.MobileScreenCaptor</class>
      <method>getAnyAppiumDriver</method>
      <line>64</line>
    </frame>
    <frame>
      <class>com.kms.katalon.core.mobile.helper.MobileScreenCaptor</class>
      <method>take</method>
      <line>31</line>
    </frame>
    <frame>
      <class>com.kms.katalon.core.helper.screenshot.ScreenCaptor</class>
      <method>takeScreenshotAndGetAttributes</method>
      <line>37</line>
    </frame>
    <frame>
      <class>com.kms.katalon.core.mobile.keyword.internal.MobileKeywordMain</class>
      <method>stepFailed</method>
      <line>40</line>
    </frame>
    <frame>
      <class>com.kms.katalon.core.mobile.keyword.internal.MobileKeywordMain</class>
      <method>runKeyword</method>
      <line>23</line>
    </frame>
    <frame>
      <class>com.kms.katalon.core.mobile.keyword.builtin.TapKeyword</class>
      <method>tap</method>
      <line>86</line>
    </frame>
    <frame>
      <class>com.kms.katalon.core.mobile.keyword.builtin.TapKeyword</class>
      <method>execute</method>
      <line>68</line>
    </frame>
    <frame>
      <class>com.kms.katalon.core.keyword.internal.KeywordExecutor</class>
      <method>executeKeywordForPlatform</method>
      <line>72</line>
    </frame>
    <frame>
      <class>com.kms.katalon.core.mobile.keyword.MobileBuiltInKeywords</class>
      <method>tap</method>
      <line>577</line>
    </frame>
    <frame>
      <class>com.kms.katalon.core.mobile.keyword.MobileBuiltInKeywords$tap$1</class>
      <method>call</method>
    </frame>
    <frame>
      <class>tap_sms</class>
      <method>run</method>
      <line>17</line>
    </frame>
    <frame>
      <class>com.kms.katalon.core.main.ScriptEngine</class>
      <method>run</method>
      <line>194</line>
    </frame>
    <frame>
      <class>com.kms.katalon.core.main.ScriptEngine</class>
      <method>runScriptAsRawText</method>
      <line>119</line>
    </frame>
    <frame>
      <class>com.kms.katalon.core.main.TestCaseExecutor</class>
      <method>runScript</method>
      <line>337</line>
    </frame>
    <frame>
      <class>com.kms.katalon.core.main.TestCaseExecutor</class>
      <method>doExecute</method>
      <line>328</line>
    </frame>
    <frame>
      <class>com.kms.katalon.core.main.TestCaseExecutor</class>
      <method>processExecutionPhase</method>
      <line>307</line>
    </frame>
    <frame>
      <class>com.kms.katalon.core.main.TestCaseExecutor</class>
      <method>accessMainPhase</method>
      <line>299</line>
    </frame>
    <frame>
      <class>com.kms.katalon.core.main.TestCaseExecutor</class>
      <method>execute</method>
      <line>233</line>
    </frame>
    <frame>
      <class>com.kms.katalon.core.main.TestSuiteExecutor</class>
      <method>accessTestCaseMainPhase</method>
      <line>169</line>
    </frame>
    <frame>
      <class>com.kms.katalon.core.main.TestSuiteExecutor</class>
      <method>accessTestSuiteMainPhase</method>
      <line>142</line>
    </frame>
    <frame>
      <class>com.kms.katalon.core.main.TestSuiteExecutor</class>
      <method>execute</method>
      <line>91</line>
    </frame>
    <frame>
      <class>com.kms.katalon.core.main.TestCaseMain</class>
      <method>startTestSuite</method>
      <line>157</line>
    </frame>
    <frame>
      <class>com.kms.katalon.core.main.TestCaseMain$startTestSuite$0</class>
      <method>call</method>
    </frame>
    <frame>
      <class>TempTestSuite1577255479796</class>
      <method>run</method>
      <line>36</line>
    </frame>
  </exception>
  <nestedLevel>0</nestedLevel>
  <property name="failed.exception.stacktrace">com.kms.katalon.core.exception.StepFailedException: No driver found\n\tat com.kms.katalon.core.mobile.helper.MobileScreenCaptor.getAnyAppiumDriver(MobileScreenCaptor.java:64)\n\tat com.kms.katalon.core.mobile.helper.MobileScreenCaptor.take(MobileScreenCaptor.java:31)\n\tat com.kms.katalon.core.helper.screenshot.ScreenCaptor.takeScreenshotAndGetAttributes(ScreenCaptor.java:37)\n\tat com.kms.katalon.core.mobile.keyword.internal.MobileKeywordMain.stepFailed(MobileKeywordMain.groovy:40)\n\tat com.kms.katalon.core.mobile.keyword.internal.MobileKeywordMain.runKeyword(MobileKeywordMain.groovy:23)\n\tat com.kms.katalon.core.mobile.keyword.builtin.TapKeyword.tap(TapKeyword.groovy:86)\n\tat com.kms.katalon.core.mobile.keyword.builtin.TapKeyword.execute(TapKeyword.groovy:68)\n\tat com.kms.katalon.core.keyword.internal.KeywordExecutor.executeKeywordForPlatform(KeywordExecutor.groovy:72)\n\tat com.kms.katalon.core.mobile.keyword.MobileBuiltInKeywords.tap(MobileBuiltInKeywords.groovy:577)\n\tat com.kms.katalon.core.mobile.keyword.MobileBuiltInKeywords$tap$1.call(Unknown Source)\n\tat tap_sms.run(tap_sms:17)\n\tat com.kms.katalon.core.main.ScriptEngine.run(ScriptEngine.java:194)\n\tat com.kms.katalon.core.main.ScriptEngine.runScriptAsRawText(ScriptEngine.java:119)\n\tat com.kms.katalon.core.main.TestCaseExecutor.runScript(TestCaseExecutor.java:337)\n\tat com.kms.katalon.core.main.TestCaseExecutor.doExecute(TestCaseExecutor.java:328)\n\tat com.kms.katalon.core.main.TestCaseExecutor.processExecutionPhase(TestCaseExecutor.java:307)\n\tat com.kms.katalon.core.main.TestCaseExecutor.accessMainPhase(TestCaseExecutor.java:299)\n\tat com.kms.katalon.core.main.TestCaseExecutor.execute(TestCaseExecutor.java:233)\n\tat com.kms.katalon.core.main.TestSuiteExecutor.accessTestCaseMainPhase(TestSuiteExecutor.java:169)\n\tat com.kms.katalon.core.main.TestSuiteExecutor.accessTestSuiteMainPhase(TestSuiteExecutor.java:142)\n\tat com.kms.katalon.core.main.TestSuiteExecutor.execute(TestSuiteExecutor.java:91)\n\tat com.kms.katalon.core.main.TestCaseMain.startTestSuite(TestCaseMain.java:157)\n\tat com.kms.katalon.core.main.TestCaseMain$startTestSuite$0.call(Unknown Source)\n\tat TempTestSuite1577255479796.run(TempTestSuite1577255479796.groovy:36)\n</property>
  <property name="failed.exception.class">com.kms.katalon.core.exception.StepFailedException</property>
  <property name="failed.exception.message">No driver found</property>
</record>
<record>
  <date>2019-12-25T14:32:00</date>
  <millis>1577255520651</millis>
  <sequence>59</sequence>
  <level>END</level>
  <class>com.kms.katalon.core.logging.XmlKeywordLogger</class>
  <method>endTest</method>
  <thread>1</thread>
  <message>End Test Case : Test Cases/IOS App/Teacher/Headmaster/_Campus/_Interactive Management/tap_sms</message>
  <nestedLevel>0</nestedLevel>
</record>
<record>
  <date>2019-12-25T14:32:00</date>
  <millis>1577255520652</millis>
  <sequence>60</sequence>
  <level>START</level>
  <class>com.kms.katalon.core.logging.XmlKeywordLogger</class>
  <method>startKeyword</method>
  <thread>1</thread>
  <message>Start listener action : exportKatalonReports</message>
  <nestedLevel>0</nestedLevel>
</record>
<record>
  <date>2019-12-25T14:32:00</date>
  <millis>1577255520670</millis>
  <sequence>63</sequence>
  <level>END</level>
  <class>com.kms.katalon.core.logging.XmlKeywordLogger</class>
  <method>endKeyword</method>
  <thread>1</thread>
  <message>End listener action : exportKatalonReports</message>
  <nestedLevel>0</nestedLevel>
</record>
<record>
  <date>2019-12-25T14:32:00</date>
  <millis>1577255520737</millis>
  <sequence>64</sequence>
  <level>END</level>
  <class>com.kms.katalon.core.logging.XmlKeywordLogger</class>
  <method>endSuite</method>
  <thread>1</thread>
  <message>End Test Suite : Test Suites/IOS App/Teacher Test Suite/teacher</message>
  <nestedLevel>0</nestedLevel>
</record>
</log>
